 % CPU % MEM ARGS Thu 14 Apr 2022 01:33:31 PM +07
 0.0  0.4 /usr/bin/python3
 0.0  0.0 /bin/sh
 0.0  0.0 /bin/sh
 0.0  0.0 grep
 5.6  0.0 pigpiod
 9.0  0.1 python3
 % CPU % MEM ARGS Thu 14 Apr 2022 01:33:32 PM +07
 0.0  0.4 /usr/bin/python3
 0.0  0.0 /bin/sh
 0.0  0.0 /bin/sh
 0.0  0.0 grep
 4.5  0.1 python3
 5.6  0.0 pigpiod
 % CPU % MEM ARGS Thu 14 Apr 2022 01:33:33 PM +07
 0.0  0.4 /usr/bin/python3
 0.0  0.0 /bin/sh
 0.0  0.0 /bin/sh
 0.0  0.0 grep
 3.0  0.1 python3
 5.6  0.0 pigpiod
 % CPU % MEM ARGS Thu 14 Apr 2022 01:33:34 PM +07
 0.0  0.4 /usr/bin/python3
 0.0  0.0 /bin/sh
 0.0  0.0 /bin/sh
 0.0  0.0 grep
 2.2  0.1 python3
 5.6  0.0 pigpiod
 % CPU % MEM ARGS Thu 14 Apr 2022 01:33:35 PM +07
 0.0  0.4 /usr/bin/python3
 0.0  0.0 /bin/sh
 0.0  0.0 /bin/sh
 0.0  0.0 grep
 1.8  0.1 python3
 5.6  0.0 pigpiod
 % CPU % MEM ARGS Thu 14 Apr 2022 01:33:36 PM +07
 0.0  0.4 /usr/bin/python3
 0.0  0.0 /bin/sh
 0.0  0.0 /bin/sh
 0.0  0.0 grep
 1.5  0.1 python3
 5.6  0.0 pigpiod
 % CPU % MEM ARGS Thu 14 Apr 2022 01:33:37 PM +07
 0.0  0.4 /usr/bin/python3
 0.0  0.0 /bin/sh
 0.0  0.0 /bin/sh
 0.0  0.0 grep
 1.2  0.1 python3
 5.6  0.0 pigpiod
 % CPU % MEM ARGS Thu 14 Apr 2022 01:33:38 PM +07
 0.0  0.4 /usr/bin/python3
 0.0  0.0 /bin/sh
 0.0  0.0 /bin/sh
 0.0  0.0 grep
 1.1  0.1 python3
 5.6  0.0 pigpiod
 % CPU % MEM ARGS Thu 14 Apr 2022 01:33:39 PM +07
 0.0  0.4 /usr/bin/python3
 0.0  0.0 /bin/sh
 0.0  0.0 /bin/sh
 0.0  0.0 grep
 1.0  0.1 python3
 5.6  0.0 pigpiod
 % CPU % MEM ARGS Thu 14 Apr 2022 01:33:40 PM +07
 0.0  0.4 /usr/bin/python3
 0.0  0.0 /bin/sh
 0.0  0.0 /bin/sh
 0.0  0.0 grep
 1.0  0.1 python3
 5.6  0.0 pigpiod
 % CPU % MEM ARGS Thu 14 Apr 2022 01:33:41 PM +07
 0.0  0.4 /usr/bin/python3
 0.0  0.0 /bin/sh
 0.0  0.0 /bin/sh
 0.0  0.0 grep
 0.9  0.1 python3
 5.6  0.0 pigpiod
 % CPU % MEM ARGS Thu 14 Apr 2022 01:33:42 PM +07
 0.0  0.4 /usr/bin/python3
 0.0  0.0 /bin/sh
 0.0  0.0 /bin/sh
 0.0  0.0 grep
 0.8  0.1 python3
 5.6  0.0 pigpiod
 % CPU % MEM ARGS Thu 14 Apr 2022 01:33:43 PM +07
 0.0  0.4 /usr/bin/python3
 0.0  0.0 /bin/sh
 0.0  0.0 /bin/sh
 0.0  0.0 grep
 0.7  0.1 python3
 5.6  0.0 pigpiod
