 % CPU % MEM ARGS Sat 23 Apr 23:17:42 +07 2022
 0.0  0.1 python3
 0.0  0.0 /bin/sh
 0.0  0.0 /bin/sh
 0.0  0.0 grep
16.3  0.0 pigpiod
 % CPU % MEM ARGS Sat 23 Apr 23:17:43 +07 2022
 0.0  0.0 /bin/sh
 0.0  0.0 /bin/sh
 0.0  0.0 grep
10.0  0.1 python3 mult.py
13.0  0.0 pigpiod
 % CPU % MEM ARGS Sat 23 Apr 23:17:44 +07 2022
 0.0  0.0 /bin/sh
 0.0  0.0 /bin/sh
 0.0  0.0 grep
 5.0  0.1 python3
11.4  0.0 pigpiod
 % CPU % MEM ARGS Sat 23 Apr 23:17:45 +07 2022
 0.0  0.0 /bin/sh
 0.0  0.0 /bin/sh
 0.0  0.0 grep
 3.3  0.1 python3
10.3  0.0 pigpiod
 % CPU % MEM ARGS Sat 23 Apr 23:17:46 +07 2022
 0.0  0.0 /bin/sh
 0.0  0.0 /bin/sh
 0.0  0.0 grep
 2.5  0.1 python3
 9.4  0.0 pigpiod
 % CPU % MEM ARGS Sat 23 Apr 23:17:47 +07 2022
 0.0  0.0 /bin/sh
 0.0  0.0 /bin/sh
 0.0  0.0 grep
 2.0  0.1 python3
 8.7  0.0 pigpiod
 % CPU % MEM ARGS Sat 23 Apr 23:17:48 +07 2022
 0.0  0.0 /bin/sh
 0.0  0.0 /bin/sh
 0.0  0.0 grep
 1.6  0.1 python3
 8.2  0.0 pigpiod
 % CPU % MEM ARGS Sat 23 Apr 23:17:49 +07 2022
 0.0  0.0 /bin/sh
 0.0  0.0 /bin/sh
 0.0  0.0 grep
 1.4  0.1 python3
 7.9  0.0 pigpiod
 % CPU % MEM ARGS Sat 23 Apr 23:17:50 +07 2022
 0.0  0.0 /bin/sh
 0.0  0.0 /bin/sh
 0.0  0.0 grep
 1.2  0.1 python3
 7.6  0.0 pigpiod
 % CPU % MEM ARGS Sat 23 Apr 23:17:51 +07 2022
 0.0  0.0 /bin/sh
 0.0  0.0 /bin/sh
 0.0  0.0 grep
 1.1  0.1 python3
 7.3  0.0 pigpiod
 % CPU % MEM ARGS Sat 23 Apr 23:17:52 +07 2022
 0.0  0.0 /bin/sh
 0.0  0.0 /bin/sh
 0.0  0.0 grep
 1.0  0.1 python3
 7.0  0.0 pigpiod
 % CPU % MEM ARGS Sat 23 Apr 23:17:53 +07 2022
 0.0  0.0 /bin/sh
 0.0  0.0 /bin/sh
 0.0  0.0 grep
 0.9  0.1 python3
 6.9  0.0 pigpiod
 % CPU % MEM ARGS Sat 23 Apr 23:17:54 +07 2022
 0.0  0.0 /bin/sh
 0.0  0.0 /bin/sh
 0.0  0.0 grep
 0.9  0.1 python3
 6.7  0.0 pigpiod
 % CPU % MEM ARGS Sat 23 Apr 23:17:55 +07 2022
 0.0  0.0 /bin/sh
 0.0  0.0 /bin/sh
 0.0  0.0 grep
 0.8  0.1 python3
 6.6  0.0 pigpiod
 % CPU % MEM ARGS Sat 23 Apr 23:17:56 +07 2022
 0.0  0.0 /bin/sh
 0.0  0.0 /bin/sh
 0.0  0.0 grep
 0.7  0.1 python3
 6.5  0.0 pigpiod
 % CPU % MEM ARGS Sat 23 Apr 23:17:57 +07 2022
 0.0  0.0 /bin/sh
 0.0  0.0 /bin/sh
 0.0  0.0 grep
 0.7  0.1 python3
 6.3  0.0 pigpiod
 % CPU % MEM ARGS Sat 23 Apr 23:17:58 +07 2022
 0.0  0.0 /bin/sh
 0.0  0.0 /bin/sh
 0.0  0.0 grep
 0.6  0.1 python3
 6.3  0.0 pigpiod
 % CPU % MEM ARGS Sat 23 Apr 23:17:59 +07 2022
 0.0  0.0 /bin/sh
 0.0  0.0 /bin/sh
 0.0  0.0 grep
 0.6  0.1 python3
 6.2  0.0 pigpiod
 % CPU % MEM ARGS Sat 23 Apr 23:18:00 +07 2022
 0.0  0.0 /bin/sh
 0.0  0.0 /bin/sh
 0.0  0.0 grep
 0.6  0.1 python3
 6.1  0.0 pigpiod
 % CPU % MEM ARGS Sat 23 Apr 23:18:01 +07 2022
 0.0  0.0 /bin/sh
 0.0  0.0 /bin/sh
 0.0  0.0 grep
 0.5  0.1 python3
 6.0  0.0 pigpiod
 % CPU % MEM ARGS Sat 23 Apr 23:18:02 +07 2022
 0.0  0.0 /bin/sh
 0.0  0.0 /bin/sh
 0.0  0.0 grep
 0.5  0.1 python3
 6.0  0.0 pigpiod
 % CPU % MEM ARGS Sat 23 Apr 23:18:03 +07 2022
 0.0  0.0 /bin/sh
 0.0  0.0 /bin/sh
 0.0  0.0 grep
 0.5  0.1 python3
 5.9  0.0 pigpiod
 % CPU % MEM ARGS Sat 23 Apr 23:18:05 +07 2022
 0.0  0.0 /bin/sh
 0.0  0.0 /bin/sh
 0.0  0.0 grep
 0.5  0.1 python3
 5.8  0.0 pigpiod
 % CPU % MEM ARGS Sat 23 Apr 23:18:06 +07 2022
 0.0  0.0 /bin/sh
 0.0  0.0 /bin/sh
 0.0  0.0 grep
 0.4  0.1 python3
 5.8  0.0 pigpiod
 % CPU % MEM ARGS Sat 23 Apr 23:18:07 +07 2022
 0.0  0.0 /bin/sh
 0.0  0.0 /bin/sh
 0.0  0.0 grep
 0.5  0.1 python3
 5.7  0.0 pigpiod
 % CPU % MEM ARGS Sat 23 Apr 23:18:08 +07 2022
 0.0  0.0 /bin/sh
 0.0  0.0 /bin/sh
 0.0  0.0 grep
 0.4  0.1 python3
 5.7  0.0 pigpiod
 % CPU % MEM ARGS Sat 23 Apr 23:18:09 +07 2022
 0.0  0.0 /bin/sh
 0.0  0.0 /bin/sh
 0.0  0.0 grep
 0.4  0.1 python3
 5.6  0.0 pigpiod
 % CPU % MEM ARGS Sat 23 Apr 23:18:10 +07 2022
 0.0  0.0 /bin/sh
 0.0  0.0 /bin/sh
 0.0  0.0 grep
 0.4  0.1 python3
 5.6  0.0 pigpiod
 % CPU % MEM ARGS Sat 23 Apr 23:18:11 +07 2022
 0.0  0.0 /bin/sh
 0.0  0.0 /bin/sh
 0.0  0.0 grep
 0.4  0.1 python3
 5.5  0.0 pigpiod
 % CPU % MEM ARGS Sat 23 Apr 23:18:12 +07 2022
 0.0  0.0 /bin/sh
 0.0  0.0 /bin/sh
 0.0  0.0 grep
 0.4  0.1 python3
 5.5  0.0 pigpiod
 % CPU % MEM ARGS Sat 23 Apr 23:18:13 +07 2022
 0.0  0.0 /bin/sh
 0.0  0.0 /bin/sh
 0.0  0.0 grep
 0.4  0.1 python3
 5.5  0.0 pigpiod
 % CPU % MEM ARGS Sat 23 Apr 23:18:14 +07 2022
 0.0  0.0 /bin/sh
 0.0  0.0 /bin/sh
 0.0  0.0 grep
 0.3  0.1 python3
 5.5  0.0 pigpiod
 % CPU % MEM ARGS Sat 23 Apr 23:18:15 +07 2022
 0.0  0.0 /bin/sh
 0.0  0.0 /bin/sh
 0.0  0.0 grep
 0.3  0.1 python3
 5.4  0.0 pigpiod
 % CPU % MEM ARGS Sat 23 Apr 23:18:16 +07 2022
 0.0  0.0 /bin/sh
 0.0  0.0 /bin/sh
 0.0  0.0 grep
 0.3  0.1 python3
 5.3  0.0 pigpiod
 % CPU % MEM ARGS Sat 23 Apr 23:18:17 +07 2022
 0.0  0.0 /bin/sh
 0.0  0.0 /bin/sh
 0.0  0.0 grep
 0.3  0.1 python3
 5.2  0.0 pigpiod
 % CPU % MEM ARGS Sat 23 Apr 23:18:18 +07 2022
 0.0  0.0 /bin/sh
 0.0  0.0 /bin/sh
 0.0  0.0 grep
 0.3  0.1 python3
 5.2  0.0 pigpiod
 % CPU % MEM ARGS Sat 23 Apr 23:18:19 +07 2022
 0.0  0.0 /bin/sh
 0.0  0.0 /bin/sh
 0.0  0.0 grep
 0.3  0.1 python3
 5.2  0.0 pigpiod
 % CPU % MEM ARGS Sat 23 Apr 23:18:20 +07 2022
 0.0  0.0 /bin/sh
 0.0  0.0 /bin/sh
 0.0  0.0 grep
 0.3  0.1 python3
 5.1  0.0 pigpiod
 % CPU % MEM ARGS Sat 23 Apr 23:18:21 +07 2022
 0.0  0.0 /bin/sh
 0.0  0.0 /bin/sh
 0.0  0.0 grep
 0.3  0.1 python3
 5.1  0.0 pigpiod
 % CPU % MEM ARGS Sat 23 Apr 23:18:22 +07 2022
 0.0  0.0 /bin/sh
 0.0  0.0 /bin/sh
 0.0  0.0 grep
 0.3  0.1 python3
 5.1  0.0 pigpiod
 % CPU % MEM ARGS Sat 23 Apr 23:18:23 +07 2022
 0.0  0.0 /bin/sh
 0.0  0.0 /bin/sh
 0.0  0.0 grep
 0.3  0.1 python3
 5.1  0.0 pigpiod
 % CPU % MEM ARGS Sat 23 Apr 23:18:24 +07 2022
 0.0  0.0 /bin/sh
 0.0  0.0 /bin/sh
 0.0  0.0 grep
 0.3  0.1 python3
 5.1  0.0 pigpiod
 % CPU % MEM ARGS Sat 23 Apr 23:18:25 +07 2022
 0.0  0.0 /bin/sh
 0.0  0.0 /bin/sh
 0.0  0.0 grep
 0.3  0.1 python3
 5.0  0.0 pigpiod
 % CPU % MEM ARGS Sat 23 Apr 23:18:26 +07 2022
 0.0  0.0 /bin/sh
 0.0  0.0 /bin/sh
 0.0  0.0 grep
 0.2  0.1 python3
 5.0  0.0 pigpiod
 % CPU % MEM ARGS Sat 23 Apr 23:18:27 +07 2022
 0.0  0.0 /bin/sh
 0.0  0.0 /bin/sh
 0.0  0.0 grep
 0.2  0.1 python3
 5.0  0.0 pigpiod
 % CPU % MEM ARGS Sat 23 Apr 23:18:28 +07 2022
 0.0  0.0 /bin/sh
 0.0  0.0 /bin/sh
 0.0  0.0 grep
 0.2  0.1 python3
 5.0  0.0 pigpiod
 % CPU % MEM ARGS Sat 23 Apr 23:18:29 +07 2022
 0.0  0.0 /bin/sh
 0.0  0.0 /bin/sh
 0.0  0.0 grep
 0.2  0.1 python3
 5.0  0.0 pigpiod
 % CPU % MEM ARGS Sat 23 Apr 23:18:30 +07 2022
 0.0  0.0 /bin/sh
 0.0  0.0 /bin/sh
 0.0  0.0 grep
 0.2  0.1 python3
 5.0  0.0 pigpiod
 % CPU % MEM ARGS Sat 23 Apr 23:18:31 +07 2022
 0.0  0.0 /bin/sh
 0.0  0.0 /bin/sh
 0.0  0.0 grep
 0.2  0.1 python3
 5.0  0.0 pigpiod
 % CPU % MEM ARGS Sat 23 Apr 23:18:32 +07 2022
 0.0  0.0 /bin/sh
 0.0  0.0 /bin/sh
 0.0  0.0 grep
 0.2  0.1 python3
 5.0  0.0 pigpiod
 % CPU % MEM ARGS Sat 23 Apr 23:18:33 +07 2022
 0.0  0.0 /bin/sh
 0.0  0.0 /bin/sh
 0.0  0.0 grep
 0.2  0.1 python3
 5.0  0.0 pigpiod
 % CPU % MEM ARGS Sat 23 Apr 23:18:34 +07 2022
 0.0  0.0 /bin/sh
 0.0  0.0 /bin/sh
 0.0  0.0 grep
 0.2  0.1 python3
 5.0  0.0 pigpiod
 % CPU % MEM ARGS Sat 23 Apr 23:18:35 +07 2022
 0.0  0.0 /bin/sh
 0.0  0.0 /bin/sh
 0.0  0.0 grep
 0.2  0.1 python3
 4.9  0.0 pigpiod
 % CPU % MEM ARGS Sat 23 Apr 23:18:36 +07 2022
 0.0  0.0 /bin/sh
 0.0  0.0 /bin/sh
 0.0  0.0 grep
 0.2  0.1 python3
 4.9  0.0 pigpiod
 % CPU % MEM ARGS Sat 23 Apr 23:18:37 +07 2022
 0.0  0.0 /bin/sh
 0.0  0.0 /bin/sh
 0.0  0.0 grep
 0.2  0.1 python3
 4.9  0.0 pigpiod
 % CPU % MEM ARGS Sat 23 Apr 23:18:38 +07 2022
 0.0  0.0 /bin/sh
 0.0  0.0 /bin/sh
 0.0  0.0 grep
 0.2  0.1 python3
 4.9  0.0 pigpiod
 % CPU % MEM ARGS Sat 23 Apr 23:18:39 +07 2022
 0.0  0.0 /bin/sh
 0.0  0.0 /bin/sh
 0.0  0.0 grep
 0.2  0.1 python3
 4.9  0.0 pigpiod
 % CPU % MEM ARGS Sat 23 Apr 23:18:40 +07 2022
 0.0  0.0 /bin/sh
 0.0  0.0 /bin/sh
 0.0  0.0 grep
 0.2  0.1 python3
 4.9  0.0 pigpiod
 % CPU % MEM ARGS Sat 23 Apr 23:18:41 +07 2022
 0.0  0.0 /bin/sh
 0.0  0.0 /bin/sh
 0.0  0.0 grep
 0.2  0.1 python3
 4.9  0.0 pigpiod
 % CPU % MEM ARGS Sat 23 Apr 23:18:42 +07 2022
 0.0  0.0 /bin/sh
 0.0  0.0 /bin/sh
 0.0  0.0 grep
 0.2  0.1 python3
 4.9  0.0 pigpiod
 % CPU % MEM ARGS Sat 23 Apr 23:18:44 +07 2022
 0.0  0.0 /bin/sh
 0.0  0.0 /bin/sh
 0.0  0.0 grep
 0.2  0.1 python3
 4.9  0.0 pigpiod
 % CPU % MEM ARGS Sat 23 Apr 23:18:45 +07 2022
 0.0  0.0 /bin/sh
 0.0  0.0 /bin/sh
 0.0  0.0 grep
 0.2  0.1 python3
 4.9  0.0 pigpiod
 % CPU % MEM ARGS Sat 23 Apr 23:18:46 +07 2022
 0.0  0.0 /bin/sh
 0.0  0.0 /bin/sh
 0.0  0.0 grep
 0.2  0.1 python3
 4.8  0.0 pigpiod
 % CPU % MEM ARGS Sat 23 Apr 23:18:47 +07 2022
 0.0  0.0 /bin/sh
 0.0  0.0 /bin/sh
 0.0  0.0 grep
 0.2  0.1 python3
 4.8  0.0 pigpiod
 % CPU % MEM ARGS Sat 23 Apr 23:18:48 +07 2022
 0.0  0.0 /bin/sh
 0.0  0.0 /bin/sh
 0.0  0.0 grep
 0.2  0.1 python3
 4.8  0.0 pigpiod
 % CPU % MEM ARGS Sat 23 Apr 23:18:49 +07 2022
 0.0  0.0 /bin/sh
 0.0  0.0 /bin/sh
 0.0  0.0 grep
 0.2  0.1 python3
 4.8  0.0 pigpiod
 % CPU % MEM ARGS Sat 23 Apr 23:18:50 +07 2022
 0.0  0.0 /bin/sh
 0.0  0.0 /bin/sh
 0.0  0.0 grep
 0.2  0.1 python3
 4.8  0.0 pigpiod
 % CPU % MEM ARGS Sat 23 Apr 23:18:51 +07 2022
 0.0  0.0 /bin/sh
 0.0  0.0 /bin/sh
 0.0  0.0 grep
 0.2  0.1 python3
 4.8  0.0 pigpiod
 % CPU % MEM ARGS Sat 23 Apr 23:18:52 +07 2022
 0.0  0.0 /bin/sh
 0.0  0.0 /bin/sh
 0.0  0.0 grep
 0.2  0.1 python3
 4.8  0.0 pigpiod
 % CPU % MEM ARGS Sat 23 Apr 23:18:53 +07 2022
 0.0  0.0 /bin/sh
 0.0  0.0 /bin/sh
 0.0  0.0 grep
 0.2  0.1 python3
 4.8  0.0 pigpiod
 % CPU % MEM ARGS Sat 23 Apr 23:18:54 +07 2022
 0.0  0.0 /bin/sh
 0.0  0.0 /bin/sh
 0.0  0.0 grep
 0.2  0.1 python3
 4.8  0.0 pigpiod
 % CPU % MEM ARGS Sat 23 Apr 23:18:55 +07 2022
 0.0  0.0 /bin/sh
 0.0  0.0 /bin/sh
 0.0  0.0 grep
 0.2  0.1 python3
 4.8  0.0 pigpiod
 % CPU % MEM ARGS Sat 23 Apr 23:18:56 +07 2022
 0.0  0.0 /bin/sh
 0.0  0.0 /bin/sh
 0.0  0.0 grep
 0.2  0.1 python3
 4.7  0.0 pigpiod
 % CPU % MEM ARGS Sat 23 Apr 23:18:57 +07 2022
 0.0  0.0 /bin/sh
 0.0  0.0 /bin/sh
 0.0  0.0 grep
 0.2  0.1 python3
 4.7  0.0 pigpiod
 % CPU % MEM ARGS Sat 23 Apr 23:18:58 +07 2022
 0.0  0.0 /bin/sh
 0.0  0.0 /bin/sh
 0.0  0.0 grep
 0.2  0.1 python3
 4.7  0.0 pigpiod
 % CPU % MEM ARGS Sat 23 Apr 23:18:59 +07 2022
 0.0  0.0 /bin/sh
 0.0  0.0 /bin/sh
 0.0  0.0 grep
 0.2  0.1 python3
 4.7  0.0 pigpiod
 % CPU % MEM ARGS Sat 23 Apr 23:19:00 +07 2022
 0.0  0.0 /bin/sh
 0.0  0.0 /bin/sh
 0.0  0.0 grep
 0.2  0.1 python3
 4.7  0.0 pigpiod
 % CPU % MEM ARGS Sat 23 Apr 23:19:01 +07 2022
 0.0  0.0 /bin/sh
 0.0  0.0 /bin/sh
 0.0  0.0 grep
 0.2  0.1 python3
 4.7  0.0 pigpiod
 % CPU % MEM ARGS Sat 23 Apr 23:19:02 +07 2022
 0.0  0.0 /bin/sh
 0.0  0.0 /bin/sh
 0.0  0.0 grep
 0.2  0.1 python3
 4.7  0.0 pigpiod
 % CPU % MEM ARGS Sat 23 Apr 23:19:03 +07 2022
 0.0  0.0 /bin/sh
 0.0  0.0 /bin/sh
 0.0  0.0 grep
 0.2  0.1 python3
 4.7  0.0 pigpiod
 % CPU % MEM ARGS Sat 23 Apr 23:19:04 +07 2022
 0.0  0.0 /bin/sh
 0.0  0.0 /bin/sh
 0.0  0.0 grep
 0.2  0.1 python3
 4.7  0.0 pigpiod
 % CPU % MEM ARGS Sat 23 Apr 23:19:05 +07 2022
 0.0  0.0 /bin/sh
 0.0  0.0 /bin/sh
 0.0  0.0 grep
 0.2  0.1 python3
 4.7  0.0 pigpiod
 % CPU % MEM ARGS Sat 23 Apr 23:19:06 +07 2022
 0.0  0.0 /bin/sh
 0.0  0.0 /bin/sh
 0.0  0.0 grep
 0.2  0.1 python3
 4.7  0.0 pigpiod
 % CPU % MEM ARGS Sat 23 Apr 23:19:07 +07 2022
 0.0  0.0 /bin/sh
 0.0  0.0 /bin/sh
 0.0  0.0 grep
 0.2  0.1 python3
 4.7  0.0 pigpiod
 % CPU % MEM ARGS Sat 23 Apr 23:19:08 +07 2022
 0.0  0.0 /bin/sh
 0.0  0.0 /bin/sh
 0.0  0.0 grep
 0.1  0.1 python3
 4.7  0.0 pigpiod
 % CPU % MEM ARGS Sat 23 Apr 23:19:09 +07 2022
 0.0  0.0 /bin/sh
 0.0  0.0 /bin/sh
 0.0  0.0 grep
 0.1  0.1 python3
 4.7  0.0 pigpiod
 % CPU % MEM ARGS Sat 23 Apr 23:19:10 +07 2022
 0.0  0.0 /bin/sh
 0.0  0.0 /bin/sh
 0.0  0.0 grep
 0.1  0.1 python3
 4.7  0.0 pigpiod
 % CPU % MEM ARGS Sat 23 Apr 23:19:11 +07 2022
 0.0  0.0 /bin/sh
 0.0  0.0 /bin/sh
 0.0  0.0 grep
 0.1  0.1 python3
 4.7  0.0 pigpiod
 % CPU % MEM ARGS Sat 23 Apr 23:19:12 +07 2022
 0.0  0.0 /bin/sh
 0.0  0.0 /bin/sh
 0.0  0.0 grep
 0.2  0.1 python3
 4.7  0.0 pigpiod
 % CPU % MEM ARGS Sat 23 Apr 23:19:13 +07 2022
 0.0  0.0 /bin/sh
 0.0  0.0 /bin/sh
 0.0  0.0 grep
 0.1  0.1 python3
 4.7  0.0 pigpiod
 % CPU % MEM ARGS Sat 23 Apr 23:19:14 +07 2022
 0.0  0.0 /bin/sh
 0.0  0.0 /bin/sh
 0.0  0.0 grep
 0.1  0.1 python3
 4.6  0.0 pigpiod
 % CPU % MEM ARGS Sat 23 Apr 23:19:15 +07 2022
 0.0  0.0 /bin/sh
 0.0  0.0 /bin/sh
 0.0  0.0 grep
 0.1  0.1 python3
 4.6  0.0 pigpiod
 % CPU % MEM ARGS Sat 23 Apr 23:19:16 +07 2022
 0.0  0.0 /bin/sh
 0.0  0.0 /bin/sh
 0.0  0.0 grep
 0.1  0.1 python3
 4.6  0.0 pigpiod
 % CPU % MEM ARGS Sat 23 Apr 23:19:17 +07 2022
 0.0  0.0 /bin/sh
 0.0  0.0 /bin/sh
 0.0  0.0 grep
 0.1  0.1 python3
 4.6  0.0 pigpiod
 % CPU % MEM ARGS Sat 23 Apr 23:19:18 +07 2022
 0.0  0.0 /bin/sh
 0.0  0.0 /bin/sh
 0.0  0.0 grep
 0.1  0.1 python3
 4.6  0.0 pigpiod
 % CPU % MEM ARGS Sat 23 Apr 23:19:19 +07 2022
 0.0  0.0 /bin/sh
 0.0  0.0 /bin/sh
 0.0  0.0 grep
 0.1  0.1 python3
 4.6  0.0 pigpiod
 % CPU % MEM ARGS Sat 23 Apr 23:19:20 +07 2022
 0.0  0.0 /bin/sh
 0.0  0.0 /bin/sh
 0.0  0.0 grep
 0.1  0.1 python3
 4.6  0.0 pigpiod
 % CPU % MEM ARGS Sat 23 Apr 23:19:21 +07 2022
 0.0  0.0 /bin/sh
 0.0  0.0 /bin/sh
 0.0  0.0 grep
 0.1  0.1 python3
 4.6  0.0 pigpiod
 % CPU % MEM ARGS Sat 23 Apr 23:19:23 +07 2022
 0.0  0.0 /bin/sh
 0.0  0.0 /bin/sh
 0.0  0.0 grep
 0.1  0.1 python3
 4.6  0.0 pigpiod
 % CPU % MEM ARGS Sat 23 Apr 23:19:24 +07 2022
 0.0  0.0 /bin/sh
 0.0  0.0 /bin/sh
 0.0  0.0 grep
 0.1  0.1 python3
 4.6  0.0 pigpiod
 % CPU % MEM ARGS Sat 23 Apr 23:19:25 +07 2022
 0.0  0.0 /bin/sh
 0.0  0.0 /bin/sh
 0.0  0.0 grep
 0.1  0.1 python3
 4.6  0.0 pigpiod
 % CPU % MEM ARGS Sat 23 Apr 23:19:26 +07 2022
 0.0  0.0 /bin/sh
 0.0  0.0 /bin/sh
 0.0  0.0 grep
 0.1  0.1 python3
 4.6  0.0 pigpiod
 % CPU % MEM ARGS Sat 23 Apr 23:19:27 +07 2022
 0.0  0.0 /bin/sh
 0.0  0.0 /bin/sh
 0.0  0.0 grep
 0.1  0.1 python3
 4.6  0.0 pigpiod
 % CPU % MEM ARGS Sat 23 Apr 23:19:28 +07 2022
 0.0  0.0 /bin/sh
 0.0  0.0 /bin/sh
 0.0  0.0 grep
 0.1  0.1 python3
 4.6  0.0 pigpiod
 % CPU % MEM ARGS Sat 23 Apr 23:19:29 +07 2022
 0.0  0.0 /bin/sh
 0.0  0.0 /bin/sh
 0.0  0.0 grep
 0.1  0.1 python3
 4.6  0.0 pigpiod
 % CPU % MEM ARGS Sat 23 Apr 23:19:30 +07 2022
 0.0  0.0 /bin/sh
 0.0  0.0 /bin/sh
 0.0  0.0 grep
 0.1  0.1 python3
 4.6  0.0 pigpiod
 % CPU % MEM ARGS Sat 23 Apr 23:19:31 +07 2022
 0.0  0.0 /bin/sh
 0.0  0.0 /bin/sh
 0.0  0.0 grep
 0.1  0.1 python3
 4.6  0.0 pigpiod
 % CPU % MEM ARGS Sat 23 Apr 23:19:32 +07 2022
 0.0  0.0 /bin/sh
 0.0  0.0 /bin/sh
 0.0  0.0 grep
 0.1  0.1 python3
 4.6  0.0 pigpiod
 % CPU % MEM ARGS Sat 23 Apr 23:19:33 +07 2022
 0.0  0.0 /bin/sh
 0.0  0.0 /bin/sh
 0.0  0.0 grep
 0.1  0.1 python3
 4.6  0.0 pigpiod
 % CPU % MEM ARGS Sat 23 Apr 23:19:34 +07 2022
 0.0  0.0 /bin/sh
 0.0  0.0 /bin/sh
 0.0  0.0 grep
 0.1  0.1 python3
 4.6  0.0 pigpiod
 % CPU % MEM ARGS Sat 23 Apr 23:19:35 +07 2022
 0.0  0.0 /bin/sh
 0.0  0.0 /bin/sh
 0.0  0.0 grep
 0.1  0.1 python3
 4.6  0.0 pigpiod
 % CPU % MEM ARGS Sat 23 Apr 23:19:36 +07 2022
 0.0  0.0 /bin/sh
 0.0  0.0 /bin/sh
 0.0  0.0 grep
 0.1  0.1 python3
 4.5  0.0 pigpiod
 % CPU % MEM ARGS Sat 23 Apr 23:19:37 +07 2022
 0.0  0.0 /bin/sh
 0.0  0.0 /bin/sh
 0.0  0.0 grep
 0.1  0.1 python3
 4.5  0.0 pigpiod
 % CPU % MEM ARGS Sat 23 Apr 23:19:38 +07 2022
 0.0  0.0 /bin/sh
 0.0  0.0 /bin/sh
 0.0  0.0 grep
 0.1  0.1 python3
 4.5  0.0 pigpiod
 % CPU % MEM ARGS Sat 23 Apr 23:19:39 +07 2022
 0.0  0.0 /bin/sh
 0.0  0.0 /bin/sh
 0.0  0.0 grep
 0.1  0.1 python3
 4.5  0.0 pigpiod
 % CPU % MEM ARGS Sat 23 Apr 23:19:40 +07 2022
 0.0  0.0 /bin/sh
 0.0  0.0 /bin/sh
 0.0  0.0 grep
 0.1  0.1 python3
 4.5  0.0 pigpiod
 % CPU % MEM ARGS Sat 23 Apr 23:19:41 +07 2022
 0.0  0.0 /bin/sh
 0.0  0.0 /bin/sh
 0.0  0.0 grep
 0.1  0.1 python3
 4.5  0.0 pigpiod
 % CPU % MEM ARGS Sat 23 Apr 23:19:42 +07 2022
 0.0  0.0 /bin/sh
 0.0  0.0 /bin/sh
 0.0  0.0 grep
 0.1  0.1 python3
 4.5  0.0 pigpiod
 % CPU % MEM ARGS Sat 23 Apr 23:19:43 +07 2022
 0.0  0.0 /bin/sh
 0.0  0.0 /bin/sh
 0.0  0.0 grep
 0.1  0.1 python3
 4.5  0.0 pigpiod
 % CPU % MEM ARGS Sat 23 Apr 23:19:44 +07 2022
 0.0  0.0 /bin/sh
 0.0  0.0 /bin/sh
 0.0  0.0 grep
 0.1  0.1 python3
 4.5  0.0 pigpiod
 % CPU % MEM ARGS Sat 23 Apr 23:19:45 +07 2022
 0.0  0.0 /bin/sh
 0.0  0.0 /bin/sh
 0.0  0.0 grep
 0.1  0.1 python3
 4.5  0.0 pigpiod
 % CPU % MEM ARGS Sat 23 Apr 23:19:46 +07 2022
 0.0  0.0 /bin/sh
 0.0  0.0 /bin/sh
 0.0  0.0 grep
 0.1  0.1 python3
 4.5  0.0 pigpiod
 % CPU % MEM ARGS Sat 23 Apr 23:19:47 +07 2022
 0.0  0.0 /bin/sh
 0.0  0.0 /bin/sh
 0.0  0.0 grep
 0.1  0.1 python3
 4.5  0.0 pigpiod
 % CPU % MEM ARGS Sat 23 Apr 23:19:48 +07 2022
 0.0  0.0 /bin/sh
 0.0  0.0 /bin/sh
 0.0  0.0 grep
 0.1  0.1 python3
 4.5  0.0 pigpiod
 % CPU % MEM ARGS Sat 23 Apr 23:19:49 +07 2022
 0.0  0.0 /bin/sh
 0.0  0.0 /bin/sh
 0.0  0.0 grep
 0.1  0.1 python3
 4.5  0.0 pigpiod
 % CPU % MEM ARGS Sat 23 Apr 23:19:50 +07 2022
 0.0  0.0 /bin/sh
 0.0  0.0 /bin/sh
 0.0  0.0 grep
 0.1  0.1 python3
 4.5  0.0 pigpiod
 % CPU % MEM ARGS Sat 23 Apr 23:19:51 +07 2022
 0.0  0.0 /bin/sh
 0.0  0.0 /bin/sh
 0.0  0.0 grep
 0.1  0.1 python3
 4.5  0.0 pigpiod
 % CPU % MEM ARGS Sat 23 Apr 23:19:52 +07 2022
 0.0  0.0 /bin/sh
 0.0  0.0 /bin/sh
 0.0  0.0 grep
 0.1  0.1 python3
 4.5  0.0 pigpiod
 % CPU % MEM ARGS Sat 23 Apr 23:19:53 +07 2022
 0.0  0.0 /bin/sh
 0.0  0.0 /bin/sh
 0.0  0.0 grep
 0.1  0.1 python3
 4.5  0.0 pigpiod
 % CPU % MEM ARGS Sat 23 Apr 23:19:54 +07 2022
 0.0  0.0 /bin/sh
 0.0  0.0 /bin/sh
 0.0  0.0 grep
 0.1  0.1 python3
 4.5  0.0 pigpiod
 % CPU % MEM ARGS Sat 23 Apr 23:19:55 +07 2022
 0.0  0.0 /bin/sh
 0.0  0.0 /bin/sh
 0.0  0.0 grep
 0.1  0.1 python3
 4.5  0.0 pigpiod
 % CPU % MEM ARGS Sat 23 Apr 23:19:56 +07 2022
 0.0  0.0 /bin/sh
 0.0  0.0 /bin/sh
 0.0  0.0 grep
 0.1  0.1 python3
 4.5  0.0 pigpiod
 % CPU % MEM ARGS Sat 23 Apr 23:19:57 +07 2022
 0.0  0.0 /bin/sh
 0.0  0.0 /bin/sh
 0.0  0.0 grep
 0.1  0.1 python3
 4.5  0.0 pigpiod
 % CPU % MEM ARGS Sat 23 Apr 23:19:58 +07 2022
 0.0  0.0 /bin/sh
 0.0  0.0 /bin/sh
 0.0  0.0 grep
 0.1  0.1 python3
 4.5  0.0 pigpiod
 % CPU % MEM ARGS Sat 23 Apr 23:19:59 +07 2022
 0.0  0.0 /bin/sh
 0.0  0.0 /bin/sh
 0.0  0.0 grep
 0.1  0.1 python3
 4.5  0.0 pigpiod
 % CPU % MEM ARGS Sat 23 Apr 23:20:00 +07 2022
 0.0  0.0 /bin/sh
 0.0  0.0 /bin/sh
 0.0  0.0 grep
 0.1  0.1 python3
 4.5  0.0 pigpiod
 % CPU % MEM ARGS Sat 23 Apr 23:20:02 +07 2022
 0.0  0.0 /bin/sh
 0.0  0.0 /bin/sh
 0.0  0.0 grep
 0.1  0.1 python3
 4.5  0.0 pigpiod
 % CPU % MEM ARGS Sat 23 Apr 23:20:03 +07 2022
 0.0  0.0 /bin/sh
 0.0  0.0 /bin/sh
 0.0  0.0 grep
 0.1  0.1 python3
 4.5  0.0 pigpiod
 % CPU % MEM ARGS Sat 23 Apr 23:20:04 +07 2022
 0.0  0.0 /bin/sh
 0.0  0.0 /bin/sh
 0.0  0.0 grep
 0.1  0.1 python3
 4.5  0.0 pigpiod
 % CPU % MEM ARGS Sat 23 Apr 23:20:05 +07 2022
 0.0  0.0 /bin/sh
 0.0  0.0 /bin/sh
 0.0  0.0 grep
 0.1  0.1 python3
 4.5  0.0 pigpiod
 % CPU % MEM ARGS Sat 23 Apr 23:20:06 +07 2022
 0.0  0.0 /bin/sh
 0.0  0.0 /bin/sh
 0.0  0.0 grep
 0.1  0.1 python3
 4.5  0.0 pigpiod
 % CPU % MEM ARGS Sat 23 Apr 23:20:07 +07 2022
 0.0  0.0 /bin/sh
 0.0  0.0 /bin/sh
 0.0  0.0 grep
 0.1  0.1 python3
 4.5  0.0 pigpiod
 % CPU % MEM ARGS Sat 23 Apr 23:20:08 +07 2022
 0.0  0.0 /bin/sh
 0.0  0.0 /bin/sh
 0.0  0.0 grep
 0.1  0.1 python3
 4.5  0.0 pigpiod
 % CPU % MEM ARGS Sat 23 Apr 23:20:09 +07 2022
 0.0  0.0 /bin/sh
 0.0  0.0 /bin/sh
 0.0  0.0 grep
 0.1  0.1 python3
 4.5  0.0 pigpiod
 % CPU % MEM ARGS Sat 23 Apr 23:20:10 +07 2022
 0.0  0.0 /bin/sh
 0.0  0.0 /bin/sh
 0.0  0.0 grep
 0.1  0.1 python3
 4.5  0.0 pigpiod
 % CPU % MEM ARGS Sat 23 Apr 23:20:11 +07 2022
 0.0  0.0 /bin/sh
 0.0  0.0 /bin/sh
 0.0  0.0 grep
 0.1  0.1 python3
 4.5  0.0 pigpiod
 % CPU % MEM ARGS Sat 23 Apr 23:20:12 +07 2022
 0.0  0.0 /bin/sh
 0.0  0.0 /bin/sh
 0.0  0.0 grep
 0.1  0.1 python3
 4.5  0.0 pigpiod
 % CPU % MEM ARGS Sat 23 Apr 23:20:13 +07 2022
 0.0  0.0 /bin/sh
 0.0  0.0 /bin/sh
 0.0  0.0 grep
 0.1  0.1 python3
 4.5  0.0 pigpiod
 % CPU % MEM ARGS Sat 23 Apr 23:20:14 +07 2022
 0.0  0.0 /bin/sh
 0.0  0.0 /bin/sh
 0.0  0.0 grep
 0.1  0.1 python3
 4.5  0.0 pigpiod
 % CPU % MEM ARGS Sat 23 Apr 23:20:15 +07 2022
 0.0  0.0 /bin/sh
 0.0  0.0 /bin/sh
 0.0  0.0 grep
 0.1  0.1 python3
 4.5  0.0 pigpiod
 % CPU % MEM ARGS Sat 23 Apr 23:20:16 +07 2022
 0.0  0.0 /bin/sh
 0.0  0.0 /bin/sh
 0.0  0.0 grep
 0.1  0.1 python3
 4.5  0.0 pigpiod
 % CPU % MEM ARGS Sat 23 Apr 23:20:17 +07 2022
 0.0  0.0 /bin/sh
 0.0  0.0 /bin/sh
 0.0  0.0 grep
 0.1  0.1 python3
 4.5  0.0 pigpiod
 % CPU % MEM ARGS Sat 23 Apr 23:20:18 +07 2022
 0.0  0.0 /bin/sh
 0.0  0.0 /bin/sh
 0.0  0.0 grep
 0.1  0.1 python3
 4.5  0.0 pigpiod
 % CPU % MEM ARGS Sat 23 Apr 23:20:19 +07 2022
 0.0  0.0 /bin/sh
 0.0  0.0 /bin/sh
 0.0  0.0 grep
 0.1  0.1 python3
 4.5  0.0 pigpiod
 % CPU % MEM ARGS Sat 23 Apr 23:20:20 +07 2022
 0.0  0.0 /bin/sh
 0.0  0.0 /bin/sh
 0.0  0.0 grep
 0.1  0.1 python3
 4.5  0.0 pigpiod
 % CPU % MEM ARGS Sat 23 Apr 23:20:21 +07 2022
 0.0  0.0 /bin/sh
 0.0  0.0 /bin/sh
 0.0  0.0 grep
 0.1  0.1 python3
 4.5  0.0 pigpiod
 % CPU % MEM ARGS Sat 23 Apr 23:20:22 +07 2022
 0.0  0.0 /bin/sh
 0.0  0.0 /bin/sh
 0.0  0.0 grep
 0.1  0.1 python3
 4.5  0.0 pigpiod
 % CPU % MEM ARGS Sat 23 Apr 23:20:23 +07 2022
 0.0  0.0 /bin/sh
 0.0  0.0 /bin/sh
 0.0  0.0 grep
 0.1  0.1 python3
 4.5  0.0 pigpiod
 % CPU % MEM ARGS Sat 23 Apr 23:20:24 +07 2022
 0.0  0.0 /bin/sh
 0.0  0.0 /bin/sh
 0.0  0.0 grep
 0.1  0.1 python3
 4.5  0.0 pigpiod
 % CPU % MEM ARGS Sat 23 Apr 23:20:25 +07 2022
 0.0  0.0 /bin/sh
 0.0  0.0 /bin/sh
 0.0  0.0 grep
 0.1  0.1 python3
 4.5  0.0 pigpiod
 % CPU % MEM ARGS Sat 23 Apr 23:20:26 +07 2022
 0.0  0.0 /bin/sh
 0.0  0.0 /bin/sh
 0.0  0.0 grep
 0.1  0.1 python3
 4.5  0.0 pigpiod
 % CPU % MEM ARGS Sat 23 Apr 23:20:27 +07 2022
 0.0  0.0 /bin/sh
 0.0  0.0 /bin/sh
 0.0  0.0 grep
 0.1  0.1 python3
 4.5  0.0 pigpiod
 % CPU % MEM ARGS Sat 23 Apr 23:20:28 +07 2022
 0.0  0.0 /bin/sh
 0.0  0.0 /bin/sh
 0.0  0.0 grep
 0.1  0.1 python3
 4.5  0.0 pigpiod
 % CPU % MEM ARGS Sat 23 Apr 23:20:29 +07 2022
 0.0  0.0 /bin/sh
 0.0  0.0 /bin/sh
 0.0  0.0 grep
 0.1  0.1 python3
 4.5  0.0 pigpiod
 % CPU % MEM ARGS Sat 23 Apr 23:20:30 +07 2022
 0.0  0.0 /bin/sh
 0.0  0.0 /bin/sh
 0.0  0.0 grep
 0.1  0.1 python3
 4.5  0.0 pigpiod
 % CPU % MEM ARGS Sat 23 Apr 23:20:31 +07 2022
 0.0  0.0 /bin/sh
 0.0  0.0 /bin/sh
 0.0  0.0 grep
 0.1  0.1 python3
 4.5  0.0 pigpiod
 % CPU % MEM ARGS Sat 23 Apr 23:20:32 +07 2022
 0.0  0.0 /bin/sh
 0.0  0.0 /bin/sh
 0.0  0.0 grep
 0.1  0.1 python3
 4.5  0.0 pigpiod
 % CPU % MEM ARGS Sat 23 Apr 23:20:33 +07 2022
 0.0  0.0 /bin/sh
 0.0  0.0 /bin/sh
 0.0  0.0 grep
 0.1  0.1 python3
 4.5  0.0 pigpiod
 % CPU % MEM ARGS Sat 23 Apr 23:20:34 +07 2022
 0.0  0.0 /bin/sh
 0.0  0.0 /bin/sh
 0.0  0.0 grep
 0.1  0.1 python3
 4.5  0.0 pigpiod
 % CPU % MEM ARGS Sat 23 Apr 23:20:35 +07 2022
 0.0  0.0 /bin/sh
 0.0  0.0 /bin/sh
 0.0  0.0 grep
 0.1  0.1 python3
 4.5  0.0 pigpiod
 % CPU % MEM ARGS Sat 23 Apr 23:20:36 +07 2022
 0.0  0.0 /bin/sh
 0.0  0.0 /bin/sh
 0.0  0.0 grep
 0.1  0.1 python3
 4.5  0.0 pigpiod
 % CPU % MEM ARGS Sat 23 Apr 23:20:37 +07 2022
 0.0  0.0 /bin/sh
 0.0  0.0 /bin/sh
 0.0  0.0 grep
 0.1  0.1 python3
 4.5  0.0 pigpiod
 % CPU % MEM ARGS Sat 23 Apr 23:20:38 +07 2022
 0.0  0.0 /bin/sh
 0.0  0.0 /bin/sh
 0.0  0.0 grep
 0.1  0.1 python3
 4.4  0.0 pigpiod
 % CPU % MEM ARGS Sat 23 Apr 23:20:39 +07 2022
 0.0  0.0 /bin/sh
 0.0  0.0 /bin/sh
 0.0  0.0 grep
 0.1  0.1 python3
 4.5  0.0 pigpiod
 % CPU % MEM ARGS Sat 23 Apr 23:20:41 +07 2022
 0.0  0.0 /bin/sh
 0.0  0.0 /bin/sh
 0.0  0.0 grep
 0.1  0.1 python3
 4.4  0.0 pigpiod
 % CPU % MEM ARGS Sat 23 Apr 23:20:42 +07 2022
 0.0  0.0 /bin/sh
 0.0  0.0 /bin/sh
 0.0  0.0 grep
 0.1  0.1 python3
 4.5  0.0 pigpiod
 % CPU % MEM ARGS Sat 23 Apr 23:20:43 +07 2022
 0.0  0.0 /bin/sh
 0.0  0.0 /bin/sh
 0.0  0.0 grep
 0.1  0.1 python3
 4.4  0.0 pigpiod
 % CPU % MEM ARGS Sat 23 Apr 23:20:44 +07 2022
 0.0  0.0 /bin/sh
 0.0  0.0 /bin/sh
 0.0  0.0 grep
 0.1  0.1 python3
 4.4  0.0 pigpiod
 % CPU % MEM ARGS Sat 23 Apr 23:20:45 +07 2022
 0.0  0.0 /bin/sh
 0.0  0.0 /bin/sh
 0.0  0.0 grep
 0.1  0.1 python3
 4.4  0.0 pigpiod
 % CPU % MEM ARGS Sat 23 Apr 23:20:46 +07 2022
 0.0  0.0 /bin/sh
 0.0  0.0 /bin/sh
 0.0  0.0 grep
 0.1  0.1 python3
 4.4  0.0 pigpiod
 % CPU % MEM ARGS Sat 23 Apr 23:20:47 +07 2022
 0.0  0.0 /bin/sh
 0.0  0.0 /bin/sh
 0.0  0.0 grep
 0.1  0.1 python3
 4.4  0.0 pigpiod
 % CPU % MEM ARGS Sat 23 Apr 23:20:48 +07 2022
 0.0  0.0 /bin/sh
 0.0  0.0 /bin/sh
 0.0  0.0 grep
 0.1  0.1 python3
 4.4  0.0 pigpiod
 % CPU % MEM ARGS Sat 23 Apr 23:20:49 +07 2022
 0.0  0.0 /bin/sh
 0.0  0.0 /bin/sh
 0.0  0.0 grep
 0.1  0.1 python3
 4.4  0.0 pigpiod
 % CPU % MEM ARGS Sat 23 Apr 23:20:50 +07 2022
 0.0  0.0 /bin/sh
 0.0  0.0 /bin/sh
 0.0  0.0 grep
 0.1  0.1 python3
 4.4  0.0 pigpiod
 % CPU % MEM ARGS Sat 23 Apr 23:20:51 +07 2022
 0.0  0.0 /bin/sh
 0.0  0.0 /bin/sh
 0.0  0.0 grep
 0.1  0.1 python3
 4.4  0.0 pigpiod
 % CPU % MEM ARGS Sat 23 Apr 23:20:52 +07 2022
 0.0  0.0 /bin/sh
 0.0  0.0 /bin/sh
 0.0  0.0 grep
 0.1  0.1 python3
 4.4  0.0 pigpiod
 % CPU % MEM ARGS Sat 23 Apr 23:20:53 +07 2022
 0.0  0.0 /bin/sh
 0.0  0.0 /bin/sh
 0.0  0.0 grep
 0.1  0.1 python3
 4.4  0.0 pigpiod
 % CPU % MEM ARGS Sat 23 Apr 23:20:54 +07 2022
 0.0  0.0 /bin/sh
 0.0  0.0 /bin/sh
 0.0  0.0 grep
 0.1  0.1 python3
 4.4  0.0 pigpiod
 % CPU % MEM ARGS Sat 23 Apr 23:20:55 +07 2022
 0.0  0.0 /bin/sh
 0.0  0.0 /bin/sh
 0.0  0.0 grep
 0.1  0.1 python3
 4.4  0.0 pigpiod
 % CPU % MEM ARGS Sat 23 Apr 23:20:56 +07 2022
 0.0  0.0 /bin/sh
 0.0  0.0 /bin/sh
 0.0  0.0 grep
 0.1  0.1 python3
 4.4  0.0 pigpiod
 % CPU % MEM ARGS Sat 23 Apr 23:20:57 +07 2022
 0.0  0.0 /bin/sh
 0.0  0.0 /bin/sh
 0.0  0.0 grep
 0.1  0.1 python3
 4.4  0.0 pigpiod
 % CPU % MEM ARGS Sat 23 Apr 23:20:58 +07 2022
 0.0  0.0 /bin/sh
 0.0  0.0 /bin/sh
 0.0  0.0 grep
 0.1  0.1 python3
 4.4  0.0 pigpiod
 % CPU % MEM ARGS Sat 23 Apr 23:20:59 +07 2022
 0.0  0.0 /bin/sh
 0.0  0.0 /bin/sh
 0.0  0.0 grep
 0.1  0.1 python3
 4.4  0.0 pigpiod
 % CPU % MEM ARGS Sat 23 Apr 23:21:00 +07 2022
 0.0  0.0 /bin/sh
 0.0  0.0 /bin/sh
 0.0  0.0 grep
 0.1  0.1 python3
 4.4  0.0 pigpiod
 % CPU % MEM ARGS Sat 23 Apr 23:21:01 +07 2022
 0.0  0.0 /bin/sh
 0.0  0.0 /bin/sh
 0.0  0.0 grep
 0.1  0.1 python3
 4.4  0.0 pigpiod
 % CPU % MEM ARGS Sat 23 Apr 23:21:02 +07 2022
 0.0  0.0 /bin/sh
 0.0  0.0 /bin/sh
 0.0  0.0 grep
 0.1  0.1 python3
 4.4  0.0 pigpiod
 % CPU % MEM ARGS Sat 23 Apr 23:21:03 +07 2022
 0.0  0.0 /bin/sh
 0.0  0.0 /bin/sh
 0.0  0.0 grep
 0.1  0.1 python3
 4.4  0.0 pigpiod
 % CPU % MEM ARGS Sat 23 Apr 23:21:04 +07 2022
 0.0  0.0 /bin/sh
 0.0  0.0 /bin/sh
 0.0  0.0 grep
 0.1  0.1 python3
 4.4  0.0 pigpiod
 % CPU % MEM ARGS Sat 23 Apr 23:21:05 +07 2022
 0.0  0.0 /bin/sh
 0.0  0.0 /bin/sh
 0.0  0.0 grep
 0.1  0.1 python3
 4.4  0.0 pigpiod
 % CPU % MEM ARGS Sat 23 Apr 23:21:06 +07 2022
 0.0  0.0 /bin/sh
 0.0  0.0 /bin/sh
 0.0  0.0 grep
 0.1  0.1 python3
 4.4  0.0 pigpiod
 % CPU % MEM ARGS Sat 23 Apr 23:21:07 +07 2022
 0.0  0.0 /bin/sh
 0.0  0.0 /bin/sh
 0.0  0.0 grep
 0.1  0.1 python3
 4.4  0.0 pigpiod
 % CPU % MEM ARGS Sat 23 Apr 23:21:08 +07 2022
 0.0  0.0 /bin/sh
 0.0  0.0 /bin/sh
 0.0  0.0 grep
 0.1  0.1 python3
 4.4  0.0 pigpiod
 % CPU % MEM ARGS Sat 23 Apr 23:21:09 +07 2022
 0.0  0.0 /bin/sh
 0.0  0.0 /bin/sh
 0.0  0.0 grep
 0.1  0.1 python3
 4.4  0.0 pigpiod
 % CPU % MEM ARGS Sat 23 Apr 23:21:10 +07 2022
 0.0  0.0 /bin/sh
 0.0  0.0 /bin/sh
 0.0  0.0 grep
 0.1  0.1 python3
 4.4  0.0 pigpiod
 % CPU % MEM ARGS Sat 23 Apr 23:21:11 +07 2022
 0.0  0.0 /bin/sh
 0.0  0.0 /bin/sh
 0.0  0.0 grep
 0.1  0.1 python3
 4.4  0.0 pigpiod
 % CPU % MEM ARGS Sat 23 Apr 23:21:12 +07 2022
 0.0  0.0 /bin/sh
 0.0  0.0 /bin/sh
 0.0  0.0 grep
 0.1  0.1 python3
 4.4  0.0 pigpiod
 % CPU % MEM ARGS Sat 23 Apr 23:21:13 +07 2022
 0.0  0.0 /bin/sh
 0.0  0.0 /bin/sh
 0.0  0.0 grep
 0.1  0.1 python3
 4.4  0.0 pigpiod
 % CPU % MEM ARGS Sat 23 Apr 23:21:14 +07 2022
 0.0  0.0 /bin/sh
 0.0  0.0 /bin/sh
 0.0  0.0 grep
 0.1  0.1 python3
 4.4  0.0 pigpiod
 % CPU % MEM ARGS Sat 23 Apr 23:21:15 +07 2022
 0.0  0.0 /bin/sh
 0.0  0.0 /bin/sh
 0.0  0.0 grep
 0.1  0.1 python3
 4.4  0.0 pigpiod
 % CPU % MEM ARGS Sat 23 Apr 23:21:16 +07 2022
 0.0  0.0 /bin/sh
 0.0  0.0 /bin/sh
 0.0  0.0 grep
 0.1  0.1 python3
 4.4  0.0 pigpiod
 % CPU % MEM ARGS Sat 23 Apr 23:21:17 +07 2022
 0.0  0.0 /bin/sh
 0.0  0.0 /bin/sh
 0.0  0.0 grep
 0.1  0.1 python3
 4.4  0.0 pigpiod
 % CPU % MEM ARGS Sat 23 Apr 23:21:18 +07 2022
 0.0  0.0 /bin/sh
 0.0  0.0 /bin/sh
 0.0  0.0 grep
 0.1  0.1 python3
 4.4  0.0 pigpiod
 % CPU % MEM ARGS Sat 23 Apr 23:21:19 +07 2022
 0.0  0.0 /bin/sh
 0.0  0.0 /bin/sh
 0.0  0.0 grep
 0.1  0.1 python3
 4.4  0.0 pigpiod
 % CPU % MEM ARGS Sat 23 Apr 23:21:20 +07 2022
 0.0  0.0 /bin/sh
 0.0  0.0 /bin/sh
 0.0  0.0 grep
 0.1  0.1 python3
 4.4  0.0 pigpiod
 % CPU % MEM ARGS Sat 23 Apr 23:21:22 +07 2022
 0.0  0.0 /bin/sh
 0.0  0.0 /bin/sh
 0.0  0.0 grep
 0.1  0.1 python3
 4.4  0.0 pigpiod
 % CPU % MEM ARGS Sat 23 Apr 23:21:23 +07 2022
 0.0  0.0 /bin/sh
 0.0  0.0 /bin/sh
 0.0  0.0 grep
 0.1  0.1 python3
 4.4  0.0 pigpiod
 % CPU % MEM ARGS Sat 23 Apr 23:21:24 +07 2022
 0.0  0.0 /bin/sh
 0.0  0.0 /bin/sh
 0.0  0.0 grep
 0.1  0.1 python3
 4.4  0.0 pigpiod
 % CPU % MEM ARGS Sat 23 Apr 23:21:25 +07 2022
 0.0  0.0 /bin/sh
 0.0  0.0 /bin/sh
 0.0  0.0 grep
 0.1  0.1 python3
 4.4  0.0 pigpiod
 % CPU % MEM ARGS Sat 23 Apr 23:21:26 +07 2022
 0.0  0.0 /bin/sh
 0.0  0.0 /bin/sh
 0.0  0.0 grep
 0.1  0.1 python3
 4.4  0.0 pigpiod
 % CPU % MEM ARGS Sat 23 Apr 23:21:27 +07 2022
 0.0  0.0 /bin/sh
 0.0  0.0 /bin/sh
 0.0  0.0 grep
 0.1  0.1 python3
 4.4  0.0 pigpiod
 % CPU % MEM ARGS Sat 23 Apr 23:21:28 +07 2022
 0.0  0.0 /bin/sh
 0.0  0.0 /bin/sh
 0.0  0.0 grep
 0.1  0.1 python3
 4.4  0.0 pigpiod
 % CPU % MEM ARGS Sat 23 Apr 23:21:29 +07 2022
 0.0  0.0 /bin/sh
 0.0  0.0 /bin/sh
 0.0  0.0 grep
 0.1  0.1 python3
 4.4  0.0 pigpiod
 % CPU % MEM ARGS Sat 23 Apr 23:21:30 +07 2022
 0.0  0.0 /bin/sh
 0.0  0.0 /bin/sh
 0.0  0.0 grep
 0.1  0.1 python3
 4.4  0.0 pigpiod
 % CPU % MEM ARGS Sat 23 Apr 23:21:31 +07 2022
 0.0  0.0 /bin/sh
 0.0  0.0 /bin/sh
 0.0  0.0 grep
 0.1  0.1 python3
 4.4  0.0 pigpiod
 % CPU % MEM ARGS Sat 23 Apr 23:21:32 +07 2022
 0.0  0.0 /bin/sh
 0.0  0.0 /bin/sh
 0.0  0.0 grep
 0.1  0.1 python3
 4.4  0.0 pigpiod
 % CPU % MEM ARGS Sat 23 Apr 23:21:33 +07 2022
 0.0  0.0 /bin/sh
 0.0  0.0 /bin/sh
 0.0  0.0 grep
 0.1  0.1 python3
 4.4  0.0 pigpiod
 % CPU % MEM ARGS Sat 23 Apr 23:21:34 +07 2022
 0.0  0.0 /bin/sh
 0.0  0.0 /bin/sh
 0.0  0.0 grep
 0.1  0.1 python3
 4.4  0.0 pigpiod
 % CPU % MEM ARGS Sat 23 Apr 23:21:35 +07 2022
 0.0  0.0 /bin/sh
 0.0  0.0 /bin/sh
 0.0  0.0 grep
 0.1  0.1 python3
 4.4  0.0 pigpiod
 % CPU % MEM ARGS Sat 23 Apr 23:21:36 +07 2022
 0.0  0.0 /bin/sh
 0.0  0.0 /bin/sh
 0.0  0.0 grep
 0.1  0.1 python3
 4.4  0.0 pigpiod
 % CPU % MEM ARGS Sat 23 Apr 23:21:37 +07 2022
 0.0  0.0 /bin/sh
 0.0  0.0 /bin/sh
 0.0  0.0 grep
 0.1  0.1 python3
 4.4  0.0 pigpiod
 % CPU % MEM ARGS Sat 23 Apr 23:21:38 +07 2022
 0.0  0.0 /bin/sh
 0.0  0.0 /bin/sh
 0.0  0.0 grep
 0.1  0.1 python3
 4.4  0.0 pigpiod
 % CPU % MEM ARGS Sat 23 Apr 23:21:39 +07 2022
 0.0  0.0 /bin/sh
 0.0  0.0 /bin/sh
 0.0  0.0 grep
 0.1  0.1 python3
 4.4  0.0 pigpiod
 % CPU % MEM ARGS Sat 23 Apr 23:21:40 +07 2022
 0.0  0.0 /bin/sh
 0.0  0.0 /bin/sh
 0.0  0.0 grep
 0.1  0.1 python3
 4.4  0.0 pigpiod
 % CPU % MEM ARGS Sat 23 Apr 23:21:41 +07 2022
 0.0  0.0 /bin/sh
 0.0  0.0 /bin/sh
 0.0  0.0 grep
 0.1  0.1 python3
 4.4  0.0 pigpiod
 % CPU % MEM ARGS Sat 23 Apr 23:21:42 +07 2022
 0.0  0.0 /bin/sh
 0.0  0.0 /bin/sh
 0.0  0.0 grep
 0.1  0.1 python3
 4.4  0.0 pigpiod
 % CPU % MEM ARGS Sat 23 Apr 23:21:43 +07 2022
 0.0  0.0 /bin/sh
 0.0  0.0 /bin/sh
 0.0  0.0 grep
 0.1  0.1 python3
 4.4  0.0 pigpiod
 % CPU % MEM ARGS Sat 23 Apr 23:21:44 +07 2022
 0.0  0.0 /bin/sh
 0.0  0.0 /bin/sh
 0.0  0.0 grep
 0.1  0.1 python3
 4.4  0.0 pigpiod
 % CPU % MEM ARGS Sat 23 Apr 23:21:45 +07 2022
 0.0  0.0 /bin/sh
 0.0  0.0 /bin/sh
 0.0  0.0 grep
 0.1  0.1 python3
 4.4  0.0 pigpiod
 % CPU % MEM ARGS Sat 23 Apr 23:21:46 +07 2022
 0.0  0.0 /bin/sh
 0.0  0.0 /bin/sh
 0.0  0.0 grep
 0.1  0.1 python3
 4.4  0.0 pigpiod
