 % CPU % MEM ARGS Sat 23 Apr 23:21:46 +07 2022
 0.0  0.0 /bin/sh
 0.0  0.0 /bin/sh
 0.0  0.0 grep
 0.1  0.1 python3
 4.4  0.0 pigpiod
 % CPU % MEM ARGS Sat 23 Apr 23:21:47 +07 2022
 0.0  0.0 /bin/sh
 0.0  0.0 /bin/sh
 0.0  0.0 grep
 0.1  0.1 python3
 4.4  0.0 pigpiod
 % CPU % MEM ARGS Sat 23 Apr 23:21:48 +07 2022
 0.0  0.0 /bin/sh
 0.0  0.0 /bin/sh
 0.0  0.0 grep
 0.1  0.1 python3
 4.4  0.0 pigpiod
 % CPU % MEM ARGS Sat 23 Apr 23:21:49 +07 2022
 0.0  0.0 /bin/sh
 0.0  0.0 /bin/sh
 0.0  0.0 grep
 0.1  0.1 python3
 4.4  0.0 pigpiod
 % CPU % MEM ARGS Sat 23 Apr 23:21:51 +07 2022
 0.0  0.0 /bin/sh
 0.0  0.0 /bin/sh
 0.0  0.0 grep
 0.1  0.1 python3
 4.4  0.0 pigpiod
 % CPU % MEM ARGS Sat 23 Apr 23:21:52 +07 2022
 0.0  0.0 /bin/sh
 0.0  0.0 /bin/sh
 0.0  0.0 grep
 0.1  0.1 python3
 4.4  0.0 pigpiod
 % CPU % MEM ARGS Sat 23 Apr 23:21:53 +07 2022
 0.0  0.0 /bin/sh
 0.0  0.0 /bin/sh
 0.0  0.0 grep
 0.1  0.1 python3
 4.4  0.0 pigpiod
 % CPU % MEM ARGS Sat 23 Apr 23:21:54 +07 2022
 0.0  0.0 /bin/sh
 0.0  0.0 /bin/sh
 0.0  0.0 grep
 0.1  0.1 python3
 4.4  0.0 pigpiod
 % CPU % MEM ARGS Sat 23 Apr 23:21:55 +07 2022
 0.0  0.0 /bin/sh
 0.0  0.0 /bin/sh
 0.0  0.0 grep
 0.1  0.1 python3
 4.4  0.0 pigpiod
 % CPU % MEM ARGS Sat 23 Apr 23:21:56 +07 2022
 0.0  0.0 /bin/sh
 0.0  0.0 /bin/sh
 0.0  0.0 grep
 0.1  0.1 python3
 4.4  0.0 pigpiod
 % CPU % MEM ARGS Sat 23 Apr 23:21:57 +07 2022
 0.0  0.0 /bin/sh
 0.0  0.0 /bin/sh
 0.0  0.0 grep
 0.1  0.1 python3
 4.4  0.0 pigpiod
 % CPU % MEM ARGS Sat 23 Apr 23:21:58 +07 2022
 0.0  0.0 /bin/sh
 0.0  0.0 /bin/sh
 0.0  0.0 grep
 0.1  0.1 python3
 4.4  0.0 pigpiod
 % CPU % MEM ARGS Sat 23 Apr 23:21:59 +07 2022
 0.0  0.0 /bin/sh
 0.0  0.0 /bin/sh
 0.0  0.0 grep
 0.1  0.1 python3
 4.4  0.0 pigpiod
 % CPU % MEM ARGS Sat 23 Apr 23:22:00 +07 2022
 0.0  0.0 /bin/sh
 0.0  0.0 /bin/sh
 0.0  0.0 grep
 0.1  0.1 python3
 4.4  0.0 pigpiod
 % CPU % MEM ARGS Sat 23 Apr 23:22:01 +07 2022
 0.0  0.0 /bin/sh
 0.0  0.0 /bin/sh
 0.0  0.0 grep
 0.1  0.1 python3
 4.4  0.0 pigpiod
 % CPU % MEM ARGS Sat 23 Apr 23:22:02 +07 2022
 0.0  0.0 /bin/sh
 0.0  0.0 /bin/sh
 0.0  0.0 grep
 0.1  0.1 python3
 4.4  0.0 pigpiod
 % CPU % MEM ARGS Sat 23 Apr 23:22:03 +07 2022
 0.0  0.0 /bin/sh
 0.0  0.0 /bin/sh
 0.0  0.0 grep
 0.1  0.1 python3
 4.4  0.0 pigpiod
 % CPU % MEM ARGS Sat 23 Apr 23:22:04 +07 2022
 0.0  0.0 /bin/sh
 0.0  0.0 /bin/sh
 0.0  0.0 grep
 0.1  0.1 python3
 4.4  0.0 pigpiod
 % CPU % MEM ARGS Sat 23 Apr 23:22:05 +07 2022
 0.0  0.0 /bin/sh
 0.0  0.0 /bin/sh
 0.0  0.0 grep
 0.1  0.1 python3
 4.4  0.0 pigpiod
 % CPU % MEM ARGS Sat 23 Apr 23:22:06 +07 2022
 0.0  0.0 /bin/sh
 0.0  0.0 /bin/sh
 0.0  0.0 grep
 0.1  0.1 python3
 4.4  0.0 pigpiod
 % CPU % MEM ARGS Sat 23 Apr 23:22:07 +07 2022
 0.0  0.0 /bin/sh
 0.0  0.0 /bin/sh
 0.0  0.0 grep
 0.1  0.1 python3
 4.4  0.0 pigpiod
 % CPU % MEM ARGS Sat 23 Apr 23:22:08 +07 2022
 0.0  0.0 /bin/sh
 0.0  0.0 /bin/sh
 0.0  0.0 grep
 0.1  0.1 python3
 4.4  0.0 pigpiod
 % CPU % MEM ARGS Sat 23 Apr 23:22:09 +07 2022
 0.0  0.0 /bin/sh
 0.0  0.0 /bin/sh
 0.0  0.0 grep
 0.1  0.1 python3
 4.4  0.0 pigpiod
 % CPU % MEM ARGS Sat 23 Apr 23:22:10 +07 2022
 0.0  0.0 /bin/sh
 0.0  0.0 /bin/sh
 0.0  0.0 grep
 0.1  0.1 python3
 4.4  0.0 pigpiod
 % CPU % MEM ARGS Sat 23 Apr 23:22:11 +07 2022
 0.0  0.0 /bin/sh
 0.0  0.0 /bin/sh
 0.0  0.0 grep
 0.1  0.1 python3
 4.4  0.0 pigpiod
 % CPU % MEM ARGS Sat 23 Apr 23:22:12 +07 2022
 0.0  0.0 /bin/sh
 0.0  0.0 /bin/sh
 0.0  0.0 grep
 0.1  0.1 python3
 4.4  0.0 pigpiod
 % CPU % MEM ARGS Sat 23 Apr 23:22:13 +07 2022
 0.0  0.0 /bin/sh
 0.0  0.0 /bin/sh
 0.0  0.0 grep
 0.1  0.1 python3
 4.4  0.0 pigpiod
 % CPU % MEM ARGS Sat 23 Apr 23:22:14 +07 2022
 0.0  0.0 /bin/sh
 0.0  0.0 /bin/sh
 0.0  0.0 grep
 0.1  0.1 python3
 4.4  0.0 pigpiod
 % CPU % MEM ARGS Sat 23 Apr 23:22:15 +07 2022
 0.0  0.0 /bin/sh
 0.0  0.0 /bin/sh
 0.0  0.0 grep
 0.1  0.1 python3
 4.4  0.0 pigpiod
 % CPU % MEM ARGS Sat 23 Apr 23:22:16 +07 2022
 0.0  0.0 /bin/sh
 0.0  0.0 /bin/sh
 0.0  0.0 grep
 0.1  0.1 python3
 4.4  0.0 pigpiod
 % CPU % MEM ARGS Sat 23 Apr 23:22:17 +07 2022
 0.0  0.0 /bin/sh
 0.0  0.0 /bin/sh
 0.0  0.0 grep
 0.1  0.1 python3
 4.4  0.0 pigpiod
 % CPU % MEM ARGS Sat 23 Apr 23:22:18 +07 2022
 0.0  0.0 /bin/sh
 0.0  0.0 /bin/sh
 0.0  0.0 grep
 0.1  0.1 python3
 4.4  0.0 pigpiod
 % CPU % MEM ARGS Sat 23 Apr 23:22:19 +07 2022
 0.0  0.0 /bin/sh
 0.0  0.0 /bin/sh
 0.0  0.0 grep
 0.1  0.1 python3
 4.4  0.0 pigpiod
 % CPU % MEM ARGS Sat 23 Apr 23:22:20 +07 2022
 0.0  0.0 /bin/sh
 0.0  0.0 /bin/sh
 0.0  0.0 grep
 0.1  0.1 python3
 4.4  0.0 pigpiod
 % CPU % MEM ARGS Sat 23 Apr 23:22:21 +07 2022
 0.0  0.0 /bin/sh
 0.0  0.0 /bin/sh
 0.0  0.0 grep
 0.1  0.1 python3
 4.4  0.0 pigpiod
 % CPU % MEM ARGS Sat 23 Apr 23:22:22 +07 2022
 0.0  0.0 /bin/sh
 0.0  0.0 /bin/sh
 0.0  0.0 grep
 0.1  0.1 python3
 4.4  0.0 pigpiod
 % CPU % MEM ARGS Sat 23 Apr 23:22:23 +07 2022
 0.0  0.0 /bin/sh
 0.0  0.0 /bin/sh
 0.0  0.0 grep
 0.1  0.1 python3
 4.4  0.0 pigpiod
 % CPU % MEM ARGS Sat 23 Apr 23:22:24 +07 2022
 0.0  0.0 /bin/sh
 0.0  0.0 /bin/sh
 0.0  0.0 grep
 0.1  0.1 python3
 4.4  0.0 pigpiod
 % CPU % MEM ARGS Sat 23 Apr 23:22:25 +07 2022
 0.0  0.0 /bin/sh
 0.0  0.0 /bin/sh
 0.0  0.0 grep
 0.1  0.1 python3
 4.4  0.0 pigpiod
 % CPU % MEM ARGS Sat 23 Apr 23:22:26 +07 2022
 0.0  0.0 /bin/sh
 0.0  0.0 /bin/sh
 0.0  0.0 grep
 0.1  0.1 python3
 4.4  0.0 pigpiod
 % CPU % MEM ARGS Sat 23 Apr 23:22:27 +07 2022
 0.0  0.0 /bin/sh
 0.0  0.0 /bin/sh
 0.0  0.0 grep
 0.1  0.1 python3
 4.4  0.0 pigpiod
 % CPU % MEM ARGS Sat 23 Apr 23:22:28 +07 2022
 0.0  0.0 /bin/sh
 0.0  0.0 /bin/sh
 0.0  0.0 grep
 0.1  0.1 python3
 4.4  0.0 pigpiod
 % CPU % MEM ARGS Sat 23 Apr 23:22:29 +07 2022
 0.0  0.0 /bin/sh
 0.0  0.0 /bin/sh
 0.0  0.0 grep
 0.1  0.1 python3
 4.4  0.0 pigpiod
 % CPU % MEM ARGS Sat 23 Apr 23:22:30 +07 2022
 0.0  0.0 /bin/sh
 0.0  0.0 /bin/sh
 0.0  0.0 grep
 0.1  0.1 python3
 4.4  0.0 pigpiod
 % CPU % MEM ARGS Sat 23 Apr 23:22:31 +07 2022
 0.0  0.0 /bin/sh
 0.0  0.0 /bin/sh
 0.0  0.0 grep
 0.1  0.1 python3
 4.4  0.0 pigpiod
 % CPU % MEM ARGS Sat 23 Apr 23:22:33 +07 2022
 0.0  0.0 /bin/sh
 0.0  0.0 /bin/sh
 0.0  0.0 grep
 0.1  0.1 python3
 4.4  0.0 pigpiod
 % CPU % MEM ARGS Sat 23 Apr 23:22:34 +07 2022
 0.0  0.0 /bin/sh
 0.0  0.0 /bin/sh
 0.0  0.0 grep
 0.1  0.1 python3
 4.4  0.0 pigpiod
 % CPU % MEM ARGS Sat 23 Apr 23:22:35 +07 2022
 0.0  0.0 /bin/sh
 0.0  0.0 /bin/sh
 0.0  0.0 grep
 0.1  0.1 python3
 4.4  0.0 pigpiod
 % CPU % MEM ARGS Sat 23 Apr 23:22:36 +07 2022
 0.0  0.0 /bin/sh
 0.0  0.0 /bin/sh
 0.0  0.0 grep
 0.1  0.1 python3
 4.4  0.0 pigpiod
 % CPU % MEM ARGS Sat 23 Apr 23:22:37 +07 2022
 0.0  0.0 /bin/sh
 0.0  0.0 /bin/sh
 0.0  0.0 grep
 0.1  0.1 python3
 4.4  0.0 pigpiod
 % CPU % MEM ARGS Sat 23 Apr 23:22:38 +07 2022
 0.0  0.0 /bin/sh
 0.0  0.0 /bin/sh
 0.0  0.0 grep
 0.1  0.1 python3
 4.4  0.0 pigpiod
 % CPU % MEM ARGS Sat 23 Apr 23:22:39 +07 2022
 0.0  0.0 /bin/sh
 0.0  0.0 /bin/sh
 0.0  0.0 grep
 0.1  0.1 python3
 4.4  0.0 pigpiod
 % CPU % MEM ARGS Sat 23 Apr 23:22:40 +07 2022
 0.0  0.0 /bin/sh
 0.0  0.0 /bin/sh
 0.0  0.0 grep
 0.1  0.1 python3
 4.4  0.0 pigpiod
 % CPU % MEM ARGS Sat 23 Apr 23:22:41 +07 2022
 0.0  0.0 /bin/sh
 0.0  0.0 /bin/sh
 0.0  0.0 grep
 0.1  0.1 python3
 4.4  0.0 pigpiod
 % CPU % MEM ARGS Sat 23 Apr 23:22:42 +07 2022
 0.0  0.0 /bin/sh
 0.0  0.0 /bin/sh
 0.0  0.0 grep
 0.1  0.1 python3
 4.4  0.0 pigpiod
 % CPU % MEM ARGS Sat 23 Apr 23:22:43 +07 2022
 0.0  0.0 /bin/sh
 0.0  0.0 /bin/sh
 0.0  0.0 grep
 0.1  0.1 python3
 4.4  0.0 pigpiod
 % CPU % MEM ARGS Sat 23 Apr 23:22:44 +07 2022
 0.0  0.0 /bin/sh
 0.0  0.0 /bin/sh
 0.0  0.0 grep
 0.1  0.1 python3
 4.4  0.0 pigpiod
 % CPU % MEM ARGS Sat 23 Apr 23:22:45 +07 2022
 0.0  0.0 /bin/sh
 0.0  0.0 /bin/sh
 0.0  0.0 grep
 0.1  0.1 python3
 4.3  0.0 pigpiod
 % CPU % MEM ARGS Sat 23 Apr 23:22:46 +07 2022
 0.0  0.0 /bin/sh
 0.0  0.0 /bin/sh
 0.0  0.0 grep
 0.1  0.1 python3
 4.3  0.0 pigpiod
 % CPU % MEM ARGS Sat 23 Apr 23:22:47 +07 2022
 0.0  0.0 /bin/sh
 0.0  0.0 /bin/sh
 0.0  0.0 grep
 0.1  0.1 python3
 4.3  0.0 pigpiod
 % CPU % MEM ARGS Sat 23 Apr 23:22:48 +07 2022
 0.0  0.0 /bin/sh
 0.0  0.0 /bin/sh
 0.0  0.0 grep
 0.1  0.1 python3
 4.3  0.0 pigpiod
 % CPU % MEM ARGS Sat 23 Apr 23:22:49 +07 2022
 0.0  0.0 /bin/sh
 0.0  0.0 /bin/sh
 0.0  0.0 grep
 0.1  0.1 python3
 4.3  0.0 pigpiod
 % CPU % MEM ARGS Sat 23 Apr 23:22:50 +07 2022
 0.0  0.0 /bin/sh
 0.0  0.0 /bin/sh
 0.0  0.0 grep
 0.1  0.1 python3
 4.3  0.0 pigpiod
 % CPU % MEM ARGS Sat 23 Apr 23:22:51 +07 2022
 0.0  0.0 /bin/sh
 0.0  0.0 /bin/sh
 0.0  0.0 grep
 0.1  0.1 python3
 4.3  0.0 pigpiod
 % CPU % MEM ARGS Sat 23 Apr 23:22:52 +07 2022
 0.0  0.0 /bin/sh
 0.0  0.0 /bin/sh
 0.0  0.0 grep
 0.1  0.1 python3
 4.3  0.0 pigpiod
 % CPU % MEM ARGS Sat 23 Apr 23:22:53 +07 2022
 0.0  0.0 /bin/sh
 0.0  0.0 /bin/sh
 0.0  0.0 grep
 0.1  0.1 python3
 4.3  0.0 pigpiod
 % CPU % MEM ARGS Sat 23 Apr 23:22:54 +07 2022
 0.0  0.0 /bin/sh
 0.0  0.0 /bin/sh
 0.0  0.0 grep
 0.1  0.1 python3
 4.3  0.0 pigpiod
 % CPU % MEM ARGS Sat 23 Apr 23:22:55 +07 2022
 0.0  0.0 /bin/sh
 0.0  0.0 /bin/sh
 0.0  0.0 grep
 0.1  0.1 python3
 4.3  0.0 pigpiod
 % CPU % MEM ARGS Sat 23 Apr 23:22:56 +07 2022
 0.0  0.0 /bin/sh
 0.0  0.0 /bin/sh
 0.0  0.0 grep
 0.1  0.1 python3
 4.3  0.0 pigpiod
 % CPU % MEM ARGS Sat 23 Apr 23:22:57 +07 2022
 0.0  0.0 /bin/sh
 0.0  0.0 /bin/sh
 0.0  0.0 grep
 0.1  0.1 python3
 4.3  0.0 pigpiod
 % CPU % MEM ARGS Sat 23 Apr 23:22:58 +07 2022
 0.0  0.0 /bin/sh
 0.0  0.0 /bin/sh
 0.0  0.0 grep
 0.1  0.1 python3
 4.3  0.0 pigpiod
 % CPU % MEM ARGS Sat 23 Apr 23:22:59 +07 2022
 0.0  0.0 /bin/sh
 0.0  0.0 /bin/sh
 0.0  0.0 grep
 0.1  0.1 python3
 4.3  0.0 pigpiod
 % CPU % MEM ARGS Sat 23 Apr 23:23:00 +07 2022
 0.0  0.0 /bin/sh
 0.0  0.0 /bin/sh
 0.0  0.0 grep
 0.1  0.1 python3
 4.3  0.0 pigpiod
 % CPU % MEM ARGS Sat 23 Apr 23:23:01 +07 2022
 0.0  0.0 /bin/sh
 0.0  0.0 /bin/sh
 0.0  0.0 grep
 0.1  0.1 python3
 4.3  0.0 pigpiod
 % CPU % MEM ARGS Sat 23 Apr 23:23:02 +07 2022
 0.0  0.0 /bin/sh
 0.0  0.0 /bin/sh
 0.0  0.0 grep
 0.1  0.1 python3
 4.3  0.0 pigpiod
 % CPU % MEM ARGS Sat 23 Apr 23:23:03 +07 2022
 0.0  0.0 /bin/sh
 0.0  0.0 /bin/sh
 0.0  0.0 grep
 0.1  0.1 python3
 4.3  0.0 pigpiod
 % CPU % MEM ARGS Sat 23 Apr 23:23:04 +07 2022
 0.0  0.0 /bin/sh
 0.0  0.0 /bin/sh
 0.0  0.0 grep
 0.1  0.1 python3
 4.3  0.0 pigpiod
 % CPU % MEM ARGS Sat 23 Apr 23:23:05 +07 2022
 0.0  0.0 /bin/sh
 0.0  0.0 /bin/sh
 0.0  0.0 grep
 0.1  0.1 python3
 4.3  0.0 pigpiod
 % CPU % MEM ARGS Sat 23 Apr 23:23:06 +07 2022
 0.0  0.0 /bin/sh
 0.0  0.0 /bin/sh
 0.0  0.0 grep
 0.1  0.1 python3
 4.3  0.0 pigpiod
 % CPU % MEM ARGS Sat 23 Apr 23:23:07 +07 2022
 0.0  0.0 /bin/sh
 0.0  0.0 /bin/sh
 0.0  0.0 grep
 0.1  0.1 python3
 4.3  0.0 pigpiod
 % CPU % MEM ARGS Sat 23 Apr 23:23:08 +07 2022
 0.0  0.0 /bin/sh
 0.0  0.0 /bin/sh
 0.0  0.0 grep
 0.1  0.1 python3
 4.3  0.0 pigpiod
 % CPU % MEM ARGS Sat 23 Apr 23:23:09 +07 2022
 0.0  0.0 /bin/sh
 0.0  0.0 /bin/sh
 0.0  0.0 grep
 0.1  0.1 python3
 4.3  0.0 pigpiod
 % CPU % MEM ARGS Sat 23 Apr 23:23:10 +07 2022
 0.0  0.0 /bin/sh
 0.0  0.0 /bin/sh
 0.0  0.0 grep
 0.1  0.1 python3
 4.3  0.0 pigpiod
 % CPU % MEM ARGS Sat 23 Apr 23:23:12 +07 2022
 0.0  0.0 /bin/sh
 0.0  0.0 /bin/sh
 0.0  0.0 grep
 0.1  0.1 python3
 4.4  0.0 pigpiod
 % CPU % MEM ARGS Sat 23 Apr 23:23:13 +07 2022
 0.0  0.0 /bin/sh
 0.0  0.0 /bin/sh
 0.0  0.0 grep
 0.1  0.1 python3
 4.4  0.0 pigpiod
 % CPU % MEM ARGS Sat 23 Apr 23:23:14 +07 2022
 0.0  0.0 /bin/sh
 0.0  0.0 /bin/sh
 0.0  0.0 grep
 0.1  0.1 python3
 4.4  0.0 pigpiod
 % CPU % MEM ARGS Sat 23 Apr 23:23:15 +07 2022
 0.0  0.0 /bin/sh
 0.0  0.0 /bin/sh
 0.0  0.0 grep
 0.1  0.1 python3
 4.4  0.0 pigpiod
 % CPU % MEM ARGS Sat 23 Apr 23:23:16 +07 2022
 0.0  0.0 /bin/sh
 0.0  0.0 /bin/sh
 0.0  0.0 grep
 0.1  0.1 python3
 4.3  0.0 pigpiod
 % CPU % MEM ARGS Sat 23 Apr 23:23:17 +07 2022
 0.0  0.0 /bin/sh
 0.0  0.0 /bin/sh
 0.0  0.0 grep
 0.1  0.1 python3
 4.4  0.0 pigpiod
 % CPU % MEM ARGS Sat 23 Apr 23:23:18 +07 2022
 0.0  0.0 /bin/sh
 0.0  0.0 /bin/sh
 0.0  0.0 grep
 0.1  0.1 python3
 4.4  0.0 pigpiod
 % CPU % MEM ARGS Sat 23 Apr 23:23:19 +07 2022
 0.0  0.0 /bin/sh
 0.0  0.0 /bin/sh
 0.0  0.0 grep
 0.1  0.1 python3
 4.4  0.0 pigpiod
 % CPU % MEM ARGS Sat 23 Apr 23:23:20 +07 2022
 0.0  0.0 /bin/sh
 0.0  0.0 /bin/sh
 0.0  0.0 grep
 0.1  0.1 python3
 4.4  0.0 pigpiod
 % CPU % MEM ARGS Sat 23 Apr 23:23:21 +07 2022
 0.0  0.0 /bin/sh
 0.0  0.0 /bin/sh
 0.0  0.0 grep
 0.1  0.1 python3
 4.4  0.0 pigpiod
 % CPU % MEM ARGS Sat 23 Apr 23:23:22 +07 2022
 0.0  0.0 /bin/sh
 0.0  0.0 /bin/sh
 0.0  0.0 grep
 0.1  0.1 python3
 4.4  0.0 pigpiod
 % CPU % MEM ARGS Sat 23 Apr 23:23:23 +07 2022
 0.0  0.0 /bin/sh
 0.0  0.0 /bin/sh
 0.0  0.0 grep
 0.1  0.1 python3
 4.4  0.0 pigpiod
 % CPU % MEM ARGS Sat 23 Apr 23:23:24 +07 2022
 0.0  0.0 /bin/sh
 0.0  0.0 /bin/sh
 0.0  0.0 grep
 0.1  0.1 python3
 4.4  0.0 pigpiod
 % CPU % MEM ARGS Sat 23 Apr 23:23:25 +07 2022
 0.0  0.0 /bin/sh
 0.0  0.0 /bin/sh
 0.0  0.0 grep
 0.1  0.1 python3
 4.4  0.0 pigpiod
 % CPU % MEM ARGS Sat 23 Apr 23:23:26 +07 2022
 0.0  0.0 /bin/sh
 0.0  0.0 /bin/sh
 0.0  0.0 grep
 0.1  0.1 python3
 4.3  0.0 pigpiod
 % CPU % MEM ARGS Sat 23 Apr 23:23:27 +07 2022
 0.0  0.0 /bin/sh
 0.0  0.0 /bin/sh
 0.0  0.0 grep
 0.1  0.1 python3
 4.3  0.0 pigpiod
 % CPU % MEM ARGS Sat 23 Apr 23:23:28 +07 2022
 0.0  0.0 /bin/sh
 0.0  0.0 /bin/sh
 0.0  0.0 grep
 0.1  0.1 python3
 4.3  0.0 pigpiod
 % CPU % MEM ARGS Sat 23 Apr 23:23:29 +07 2022
 0.0  0.0 /bin/sh
 0.0  0.0 /bin/sh
 0.0  0.0 grep
 0.1  0.1 python3
 4.3  0.0 pigpiod
 % CPU % MEM ARGS Sat 23 Apr 23:23:30 +07 2022
 0.0  0.0 /bin/sh
 0.0  0.0 /bin/sh
 0.0  0.0 grep
 0.1  0.1 python3
 4.3  0.0 pigpiod
 % CPU % MEM ARGS Sat 23 Apr 23:23:31 +07 2022
 0.0  0.0 /bin/sh
 0.0  0.0 /bin/sh
 0.0  0.0 grep
 0.1  0.1 python3
 4.3  0.0 pigpiod
 % CPU % MEM ARGS Sat 23 Apr 23:23:32 +07 2022
 0.0  0.0 /bin/sh
 0.0  0.0 /bin/sh
 0.0  0.0 grep
 0.1  0.1 python3
 4.3  0.0 pigpiod
 % CPU % MEM ARGS Sat 23 Apr 23:23:33 +07 2022
 0.0  0.0 /bin/sh
 0.0  0.0 /bin/sh
 0.0  0.0 grep
 0.1  0.1 python3
 4.3  0.0 pigpiod
 % CPU % MEM ARGS Sat 23 Apr 23:23:34 +07 2022
 0.0  0.0 /bin/sh
 0.0  0.0 /bin/sh
 0.0  0.0 grep
 0.1  0.1 python3
 4.3  0.0 pigpiod
 % CPU % MEM ARGS Sat 23 Apr 23:23:35 +07 2022
 0.0  0.0 /bin/sh
 0.0  0.0 /bin/sh
 0.0  0.0 grep
 0.1  0.1 python3
 4.3  0.0 pigpiod
 % CPU % MEM ARGS Sat 23 Apr 23:23:36 +07 2022
 0.0  0.0 /bin/sh
 0.0  0.0 /bin/sh
 0.0  0.0 grep
 0.1  0.1 python3
 4.3  0.0 pigpiod
 % CPU % MEM ARGS Sat 23 Apr 23:23:37 +07 2022
 0.0  0.0 /bin/sh
 0.0  0.0 /bin/sh
 0.0  0.0 grep
 0.1  0.1 python3
 4.3  0.0 pigpiod
 % CPU % MEM ARGS Sat 23 Apr 23:23:38 +07 2022
 0.0  0.0 /bin/sh
 0.0  0.0 /bin/sh
 0.0  0.0 grep
 0.1  0.1 python3
 4.3  0.0 pigpiod
 % CPU % MEM ARGS Sat 23 Apr 23:23:39 +07 2022
 0.0  0.0 /bin/sh
 0.0  0.0 /bin/sh
 0.0  0.0 grep
 0.1  0.1 python3
 4.3  0.0 pigpiod
 % CPU % MEM ARGS Sat 23 Apr 23:23:40 +07 2022
 0.0  0.0 /bin/sh
 0.0  0.0 /bin/sh
 0.0  0.0 grep
 0.1  0.1 python3
 4.3  0.0 pigpiod
 % CPU % MEM ARGS Sat 23 Apr 23:23:41 +07 2022
 0.0  0.0 /bin/sh
 0.0  0.0 /bin/sh
 0.0  0.0 grep
 0.1  0.1 python3
 4.3  0.0 pigpiod
 % CPU % MEM ARGS Sat 23 Apr 23:23:42 +07 2022
 0.0  0.0 /bin/sh
 0.0  0.0 /bin/sh
 0.0  0.0 grep
 0.1  0.1 python3
 4.3  0.0 pigpiod
 % CPU % MEM ARGS Sat 23 Apr 23:23:43 +07 2022
 0.0  0.0 /bin/sh
 0.0  0.0 /bin/sh
 0.0  0.0 grep
 0.1  0.1 python3
 4.3  0.0 pigpiod
 % CPU % MEM ARGS Sat 23 Apr 23:23:44 +07 2022
 0.0  0.0 /bin/sh
 0.0  0.0 /bin/sh
 0.0  0.0 grep
 0.1  0.1 python3
 4.3  0.0 pigpiod
 % CPU % MEM ARGS Sat 23 Apr 23:23:45 +07 2022
 0.0  0.0 /bin/sh
 0.0  0.0 /bin/sh
 0.0  0.0 grep
 0.1  0.1 python3
 4.3  0.0 pigpiod
 % CPU % MEM ARGS Sat 23 Apr 23:23:46 +07 2022
 0.0  0.0 /bin/sh
 0.0  0.0 /bin/sh
 0.0  0.0 grep
 0.1  0.1 python3
 4.3  0.0 pigpiod
 % CPU % MEM ARGS Sat 23 Apr 23:23:47 +07 2022
 0.0  0.0 /bin/sh
 0.0  0.0 /bin/sh
 0.0  0.0 grep
 0.1  0.1 python3
 4.3  0.0 pigpiod
 % CPU % MEM ARGS Sat 23 Apr 23:23:48 +07 2022
 0.0  0.0 /bin/sh
 0.0  0.0 /bin/sh
 0.0  0.0 grep
 0.1  0.1 python3
 4.3  0.0 pigpiod
 % CPU % MEM ARGS Sat 23 Apr 23:23:49 +07 2022
 0.0  0.0 /bin/sh
 0.0  0.0 /bin/sh
 0.0  0.0 grep
 0.1  0.1 python3
 4.3  0.0 pigpiod
 % CPU % MEM ARGS Sat 23 Apr 23:23:50 +07 2022
 0.0  0.0 /bin/sh
 0.0  0.0 /bin/sh
 0.0  0.0 grep
 0.1  0.1 python3
 4.3  0.0 pigpiod
 % CPU % MEM ARGS Sat 23 Apr 23:23:51 +07 2022
 0.0  0.0 /bin/sh
 0.0  0.0 /bin/sh
 0.0  0.0 grep
 0.1  0.1 python3
 4.3  0.0 pigpiod
 % CPU % MEM ARGS Sat 23 Apr 23:23:52 +07 2022
 0.0  0.0 /bin/sh
 0.0  0.0 /bin/sh
 0.0  0.0 grep
 0.1  0.1 python3
 4.3  0.0 pigpiod
 % CPU % MEM ARGS Sat 23 Apr 23:23:53 +07 2022
 0.0  0.0 /bin/sh
 0.0  0.0 /bin/sh
 0.0  0.0 grep
 0.1  0.1 python3
 4.3  0.0 pigpiod
 % CPU % MEM ARGS Sat 23 Apr 23:23:55 +07 2022
 0.0  0.0 /bin/sh
 0.0  0.0 /bin/sh
 0.0  0.0 grep
 0.1  0.1 python3
 4.3  0.0 pigpiod
 % CPU % MEM ARGS Sat 23 Apr 23:23:56 +07 2022
 0.0  0.0 /bin/sh
 0.0  0.0 /bin/sh
 0.0  0.0 grep
 0.1  0.1 python3
 4.3  0.0 pigpiod
 % CPU % MEM ARGS Sat 23 Apr 23:23:57 +07 2022
 0.0  0.0 /bin/sh
 0.0  0.0 /bin/sh
 0.0  0.0 grep
 0.1  0.1 python3
 4.3  0.0 pigpiod
 % CPU % MEM ARGS Sat 23 Apr 23:23:58 +07 2022
 0.0  0.0 /bin/sh
 0.0  0.0 /bin/sh
 0.0  0.0 grep
 0.1  0.1 python3
 4.3  0.0 pigpiod
 % CPU % MEM ARGS Sat 23 Apr 23:23:59 +07 2022
 0.0  0.0 /bin/sh
 0.0  0.0 /bin/sh
 0.0  0.0 grep
 0.1  0.1 python3
 4.3  0.0 pigpiod
 % CPU % MEM ARGS Sat 23 Apr 23:24:00 +07 2022
 0.0  0.0 /bin/sh
 0.0  0.0 /bin/sh
 0.0  0.0 grep
 0.1  0.1 python3
 4.3  0.0 pigpiod
 % CPU % MEM ARGS Sat 23 Apr 23:24:01 +07 2022
 0.0  0.0 /bin/sh
 0.0  0.0 /bin/sh
 0.0  0.0 grep
 0.1  0.1 python3
 4.3  0.0 pigpiod
 % CPU % MEM ARGS Sat 23 Apr 23:24:02 +07 2022
 0.0  0.0 /bin/sh
 0.0  0.0 /bin/sh
 0.0  0.0 grep
 0.1  0.1 python3
 4.3  0.0 pigpiod
 % CPU % MEM ARGS Sat 23 Apr 23:24:03 +07 2022
 0.0  0.0 /bin/sh
 0.0  0.0 /bin/sh
 0.0  0.0 grep
 0.1  0.1 python3
 4.3  0.0 pigpiod
 % CPU % MEM ARGS Sat 23 Apr 23:24:04 +07 2022
 0.0  0.0 /bin/sh
 0.0  0.0 /bin/sh
 0.0  0.0 grep
 0.1  0.1 python3
 4.3  0.0 pigpiod
 % CPU % MEM ARGS Sat 23 Apr 23:24:05 +07 2022
 0.0  0.0 /bin/sh
 0.0  0.0 /bin/sh
 0.0  0.0 grep
 0.1  0.1 python3
 4.3  0.0 pigpiod
 % CPU % MEM ARGS Sat 23 Apr 23:24:06 +07 2022
 0.0  0.0 /bin/sh
 0.0  0.0 /bin/sh
 0.0  0.0 grep
 0.1  0.1 python3
 4.3  0.0 pigpiod
 % CPU % MEM ARGS Sat 23 Apr 23:24:07 +07 2022
 0.0  0.0 /bin/sh
 0.0  0.0 /bin/sh
 0.0  0.0 grep
 0.1  0.1 python3
 4.3  0.0 pigpiod
 % CPU % MEM ARGS Sat 23 Apr 23:24:08 +07 2022
 0.0  0.0 /bin/sh
 0.0  0.0 /bin/sh
 0.0  0.0 grep
 0.1  0.1 python3
 4.3  0.0 pigpiod
 % CPU % MEM ARGS Sat 23 Apr 23:24:09 +07 2022
 0.0  0.0 /bin/sh
 0.0  0.0 /bin/sh
 0.0  0.0 grep
 0.1  0.1 python3
 4.3  0.0 pigpiod
 % CPU % MEM ARGS Sat 23 Apr 23:24:10 +07 2022
 0.0  0.0 /bin/sh
 0.0  0.0 /bin/sh
 0.0  0.0 grep
 0.1  0.1 python3
 4.3  0.0 pigpiod
 % CPU % MEM ARGS Sat 23 Apr 23:24:11 +07 2022
 0.0  0.0 /bin/sh
 0.0  0.0 /bin/sh
 0.0  0.0 grep
 0.1  0.1 python3
 4.3  0.0 pigpiod
 % CPU % MEM ARGS Sat 23 Apr 23:24:12 +07 2022
 0.0  0.0 /bin/sh
 0.0  0.0 /bin/sh
 0.0  0.0 grep
 0.1  0.1 python3
 4.3  0.0 pigpiod
 % CPU % MEM ARGS Sat 23 Apr 23:24:13 +07 2022
 0.0  0.0 /bin/sh
 0.0  0.0 /bin/sh
 0.0  0.0 grep
 0.1  0.1 python3
 4.3  0.0 pigpiod
 % CPU % MEM ARGS Sat 23 Apr 23:24:14 +07 2022
 0.0  0.0 /bin/sh
 0.0  0.0 /bin/sh
 0.0  0.0 grep
 0.1  0.1 python3
 4.3  0.0 pigpiod
 % CPU % MEM ARGS Sat 23 Apr 23:24:15 +07 2022
 0.0  0.0 /bin/sh
 0.0  0.0 /bin/sh
 0.0  0.0 grep
 0.1  0.1 python3
 4.3  0.0 pigpiod
 % CPU % MEM ARGS Sat 23 Apr 23:24:16 +07 2022
 0.0  0.0 /bin/sh
 0.0  0.0 /bin/sh
 0.0  0.0 grep
 0.1  0.1 python3
 4.3  0.0 pigpiod
 % CPU % MEM ARGS Sat 23 Apr 23:24:17 +07 2022
 0.0  0.0 /bin/sh
 0.0  0.0 /bin/sh
 0.0  0.0 grep
 0.1  0.1 python3
 4.3  0.0 pigpiod
 % CPU % MEM ARGS Sat 23 Apr 23:24:18 +07 2022
 0.0  0.0 /bin/sh
 0.0  0.0 /bin/sh
 0.0  0.0 grep
 0.1  0.1 python3
 4.3  0.0 pigpiod
 % CPU % MEM ARGS Sat 23 Apr 23:24:19 +07 2022
 0.0  0.0 /bin/sh
 0.0  0.0 /bin/sh
 0.0  0.0 grep
 0.1  0.1 python3
 4.3  0.0 pigpiod
 % CPU % MEM ARGS Sat 23 Apr 23:24:20 +07 2022
 0.0  0.0 /bin/sh
 0.0  0.0 /bin/sh
 0.0  0.0 grep
 0.1  0.1 python3
 4.3  0.0 pigpiod
 % CPU % MEM ARGS Sat 23 Apr 23:24:21 +07 2022
 0.0  0.0 /bin/sh
 0.0  0.0 /bin/sh
 0.0  0.0 grep
 0.1  0.1 python3
 4.3  0.0 pigpiod
 % CPU % MEM ARGS Sat 23 Apr 23:24:22 +07 2022
 0.0  0.0 /bin/sh
 0.0  0.0 /bin/sh
 0.0  0.0 grep
 0.1  0.1 python3
 4.3  0.0 pigpiod
 % CPU % MEM ARGS Sat 23 Apr 23:24:23 +07 2022
 0.0  0.0 /bin/sh
 0.0  0.0 /bin/sh
 0.0  0.0 grep
 0.1  0.1 python3
 4.3  0.0 pigpiod
 % CPU % MEM ARGS Sat 23 Apr 23:24:24 +07 2022
 0.0  0.0 /bin/sh
 0.0  0.0 /bin/sh
 0.0  0.0 grep
 0.1  0.1 python3
 4.3  0.0 pigpiod
 % CPU % MEM ARGS Sat 23 Apr 23:24:25 +07 2022
 0.0  0.0 /bin/sh
 0.0  0.0 /bin/sh
 0.0  0.0 grep
 0.1  0.1 python3
 4.3  0.0 pigpiod
 % CPU % MEM ARGS Sat 23 Apr 23:24:26 +07 2022
 0.0  0.0 /bin/sh
 0.0  0.0 /bin/sh
 0.0  0.0 grep
 0.1  0.1 python3
 4.3  0.0 pigpiod
 % CPU % MEM ARGS Sat 23 Apr 23:24:27 +07 2022
 0.0  0.0 /bin/sh
 0.0  0.0 /bin/sh
 0.0  0.0 grep
 0.1  0.1 python3
 4.3  0.0 pigpiod
 % CPU % MEM ARGS Sat 23 Apr 23:24:28 +07 2022
 0.0  0.0 /bin/sh
 0.0  0.0 /bin/sh
 0.0  0.0 grep
 0.1  0.1 python3
 4.3  0.0 pigpiod
 % CPU % MEM ARGS Sat 23 Apr 23:24:29 +07 2022
 0.0  0.0 /bin/sh
 0.0  0.0 /bin/sh
 0.0  0.0 grep
 0.1  0.1 python3
 4.3  0.0 pigpiod
 % CPU % MEM ARGS Sat 23 Apr 23:24:30 +07 2022
 0.0  0.0 /bin/sh
 0.0  0.0 /bin/sh
 0.0  0.0 grep
 0.1  0.1 python3
 4.3  0.0 pigpiod
 % CPU % MEM ARGS Sat 23 Apr 23:24:31 +07 2022
 0.0  0.0 /bin/sh
 0.0  0.0 /bin/sh
 0.0  0.0 grep
 0.1  0.1 python3
 4.3  0.0 pigpiod
 % CPU % MEM ARGS Sat 23 Apr 23:24:32 +07 2022
 0.0  0.0 /bin/sh
 0.0  0.0 /bin/sh
 0.0  0.0 grep
 0.1  0.1 python3
 4.3  0.0 pigpiod
 % CPU % MEM ARGS Sat 23 Apr 23:24:33 +07 2022
 0.0  0.0 /bin/sh
 0.0  0.0 /bin/sh
 0.0  0.0 grep
 0.1  0.1 python3
 4.3  0.0 pigpiod
 % CPU % MEM ARGS Sat 23 Apr 23:24:34 +07 2022
 0.0  0.0 /bin/sh
 0.0  0.0 /bin/sh
 0.0  0.0 grep
 0.1  0.1 python3
 4.3  0.0 pigpiod
 % CPU % MEM ARGS Sat 23 Apr 23:24:36 +07 2022
 0.0  0.0 /bin/sh
 0.0  0.0 /bin/sh
 0.0  0.0 grep
 0.1  0.1 python3
 4.3  0.0 pigpiod
 % CPU % MEM ARGS Sat 23 Apr 23:24:37 +07 2022
 0.0  0.0 /bin/sh
 0.0  0.0 /bin/sh
 0.0  0.0 grep
 0.1  0.1 python3
 4.3  0.0 pigpiod
 % CPU % MEM ARGS Sat 23 Apr 23:24:38 +07 2022
 0.0  0.0 /bin/sh
 0.0  0.0 /bin/sh
 0.0  0.0 grep
 0.1  0.1 python3
 4.3  0.0 pigpiod
 % CPU % MEM ARGS Sat 23 Apr 23:24:39 +07 2022
 0.0  0.0 /bin/sh
 0.0  0.0 /bin/sh
 0.0  0.0 grep
 0.1  0.1 python3
 4.3  0.0 pigpiod
 % CPU % MEM ARGS Sat 23 Apr 23:24:40 +07 2022
 0.0  0.0 /bin/sh
 0.0  0.0 /bin/sh
 0.0  0.0 grep
 0.1  0.1 python3
 4.3  0.0 pigpiod
 % CPU % MEM ARGS Sat 23 Apr 23:24:41 +07 2022
 0.0  0.0 /bin/sh
 0.0  0.0 /bin/sh
 0.0  0.0 grep
 0.1  0.1 python3
 4.3  0.0 pigpiod
 % CPU % MEM ARGS Sat 23 Apr 23:24:42 +07 2022
 0.0  0.0 /bin/sh
 0.0  0.0 /bin/sh
 0.0  0.0 grep
 0.1  0.1 python3
 4.3  0.0 pigpiod
 % CPU % MEM ARGS Sat 23 Apr 23:24:43 +07 2022
 0.0  0.0 /bin/sh
 0.0  0.0 /bin/sh
 0.0  0.0 grep
 0.1  0.1 python3
 4.3  0.0 pigpiod
 % CPU % MEM ARGS Sat 23 Apr 23:24:44 +07 2022
 0.0  0.0 /bin/sh
 0.0  0.0 /bin/sh
 0.0  0.0 grep
 0.1  0.1 python3
 4.3  0.0 pigpiod
 % CPU % MEM ARGS Sat 23 Apr 23:24:45 +07 2022
 0.0  0.0 /bin/sh
 0.0  0.0 /bin/sh
 0.0  0.0 grep
 0.1  0.1 python3
 4.3  0.0 pigpiod
 % CPU % MEM ARGS Sat 23 Apr 23:24:46 +07 2022
 0.0  0.0 /bin/sh
 0.0  0.0 /bin/sh
 0.0  0.0 grep
 0.1  0.1 python3
 4.3  0.0 pigpiod
 % CPU % MEM ARGS Sat 23 Apr 23:24:47 +07 2022
 0.0  0.0 /bin/sh
 0.0  0.0 /bin/sh
 0.0  0.0 grep
 0.1  0.1 python3
 4.3  0.0 pigpiod
 % CPU % MEM ARGS Sat 23 Apr 23:24:48 +07 2022
 0.0  0.0 /bin/sh
 0.0  0.0 /bin/sh
 0.0  0.0 grep
 0.1  0.1 python3
 4.3  0.0 pigpiod
 % CPU % MEM ARGS Sat 23 Apr 23:24:49 +07 2022
 0.0  0.0 /bin/sh
 0.0  0.0 /bin/sh
 0.0  0.0 grep
 0.1  0.1 python3
 4.3  0.0 pigpiod
 % CPU % MEM ARGS Sat 23 Apr 23:24:50 +07 2022
 0.0  0.0 /bin/sh
 0.0  0.0 /bin/sh
 0.0  0.0 grep
 0.1  0.1 python3
 4.3  0.0 pigpiod
