 % CPU % MEM ARGS Sat 23 Apr 23:24:51 +07 2022
 0.0  0.0 /bin/sh
 0.0  0.0 /bin/sh
 0.0  0.0 grep
 0.1  0.1 python3
 4.3  0.0 pigpiod
 % CPU % MEM ARGS Sat 23 Apr 23:24:52 +07 2022
 0.0  0.0 /bin/sh
 0.0  0.0 /bin/sh
 0.0  0.0 grep
 0.1  0.1 python3
 4.3  0.0 pigpiod
 % CPU % MEM ARGS Sat 23 Apr 23:24:53 +07 2022
 0.0  0.0 /bin/sh
 0.0  0.0 /bin/sh
 0.0  0.0 grep
 0.1  0.1 python3
 4.3  0.0 pigpiod
 % CPU % MEM ARGS Sat 23 Apr 23:24:54 +07 2022
 0.0  0.0 /bin/sh
 0.0  0.0 /bin/sh
 0.0  0.0 grep
 0.1  0.1 python3
 4.3  0.0 pigpiod
 % CPU % MEM ARGS Sat 23 Apr 23:24:55 +07 2022
 0.0  0.0 /bin/sh
 0.0  0.0 /bin/sh
 0.0  0.0 grep
 0.1  0.1 python3
 4.3  0.0 pigpiod
 % CPU % MEM ARGS Sat 23 Apr 23:24:56 +07 2022
 0.0  0.0 /bin/sh
 0.0  0.0 /bin/sh
 0.0  0.0 grep
 0.1  0.1 python3
 4.3  0.0 pigpiod
 % CPU % MEM ARGS Sat 23 Apr 23:24:57 +07 2022
 0.0  0.0 /bin/sh
 0.0  0.0 /bin/sh
 0.0  0.0 grep
 0.1  0.1 python3
 4.3  0.0 pigpiod
 % CPU % MEM ARGS Sat 23 Apr 23:24:58 +07 2022
 0.0  0.0 /bin/sh
 0.0  0.0 /bin/sh
 0.0  0.0 grep
 0.1  0.1 python3
 4.3  0.0 pigpiod
 % CPU % MEM ARGS Sat 23 Apr 23:24:59 +07 2022
 0.0  0.0 /bin/sh
 0.0  0.0 /bin/sh
 0.0  0.0 grep
 0.1  0.1 python3
 4.3  0.0 pigpiod
 % CPU % MEM ARGS Sat 23 Apr 23:25:00 +07 2022
 0.0  0.0 /bin/sh
 0.0  0.0 /bin/sh
 0.0  0.0 grep
 0.1  0.1 python3
 4.3  0.0 pigpiod
 % CPU % MEM ARGS Sat 23 Apr 23:25:01 +07 2022
 0.0  0.0 /bin/sh
 0.0  0.0 /bin/sh
 0.0  0.0 grep
 0.1  0.1 python3
 4.3  0.0 pigpiod
 % CPU % MEM ARGS Sat 23 Apr 23:25:02 +07 2022
 0.0  0.0 /bin/sh
 0.0  0.0 /bin/sh
 0.0  0.0 grep
 0.1  0.1 python3
 4.3  0.0 pigpiod
 % CPU % MEM ARGS Sat 23 Apr 23:25:03 +07 2022
 0.0  0.0 /bin/sh
 0.0  0.0 /bin/sh
 0.0  0.0 grep
 0.1  0.1 python3
 4.3  0.0 pigpiod
 % CPU % MEM ARGS Sat 23 Apr 23:25:04 +07 2022
 0.0  0.0 /bin/sh
 0.0  0.0 /bin/sh
 0.0  0.0 grep
 0.1  0.1 python3
 4.3  0.0 pigpiod
 % CPU % MEM ARGS Sat 23 Apr 23:25:05 +07 2022
 0.0  0.0 /bin/sh
 0.0  0.0 /bin/sh
 0.0  0.0 grep
 0.1  0.1 python3
 4.3  0.0 pigpiod
 % CPU % MEM ARGS Sat 23 Apr 23:25:06 +07 2022
 0.0  0.0 /bin/sh
 0.0  0.0 /bin/sh
 0.0  0.0 grep
 0.1  0.1 python3
 4.3  0.0 pigpiod
 % CPU % MEM ARGS Sat 23 Apr 23:25:07 +07 2022
 0.0  0.0 /bin/sh
 0.0  0.0 /bin/sh
 0.0  0.0 grep
 0.1  0.1 python3
 4.3  0.0 pigpiod
 % CPU % MEM ARGS Sat 23 Apr 23:25:08 +07 2022
 0.0  0.0 /bin/sh
 0.0  0.0 /bin/sh
 0.0  0.0 grep
 0.1  0.1 python3
 4.3  0.0 pigpiod
 % CPU % MEM ARGS Sat 23 Apr 23:25:09 +07 2022
 0.0  0.0 /bin/sh
 0.0  0.0 /bin/sh
 0.0  0.0 grep
 0.1  0.1 python3
 4.3  0.0 pigpiod
 % CPU % MEM ARGS Sat 23 Apr 23:25:10 +07 2022
 0.0  0.0 /bin/sh
 0.0  0.0 /bin/sh
 0.0  0.0 grep
 0.1  0.1 python3
 4.3  0.0 pigpiod
 % CPU % MEM ARGS Sat 23 Apr 23:25:11 +07 2022
 0.0  0.0 /bin/sh
 0.0  0.0 /bin/sh
 0.0  0.0 grep
 0.1  0.1 python3
 4.3  0.0 pigpiod
 % CPU % MEM ARGS Sat 23 Apr 23:25:12 +07 2022
 0.0  0.0 /bin/sh
 0.0  0.0 /bin/sh
 0.0  0.0 grep
 0.1  0.1 python3
 4.3  0.0 pigpiod
 % CPU % MEM ARGS Sat 23 Apr 23:25:13 +07 2022
 0.0  0.0 /bin/sh
 0.0  0.0 /bin/sh
 0.0  0.0 grep
 0.1  0.1 python3
 4.3  0.0 pigpiod
 % CPU % MEM ARGS Sat 23 Apr 23:25:14 +07 2022
 0.0  0.0 /bin/sh
 0.0  0.0 /bin/sh
 0.0  0.0 grep
 0.1  0.1 python3
 4.3  0.0 pigpiod
 % CPU % MEM ARGS Sat 23 Apr 23:25:15 +07 2022
 0.0  0.0 /bin/sh
 0.0  0.0 /bin/sh
 0.0  0.0 grep
 0.1  0.1 python3
 4.3  0.0 pigpiod
 % CPU % MEM ARGS Sat 23 Apr 23:25:16 +07 2022
 0.0  0.0 /bin/sh
 0.0  0.0 /bin/sh
 0.0  0.0 grep
 0.1  0.1 python3
 4.3  0.0 pigpiod
 % CPU % MEM ARGS Sat 23 Apr 23:25:17 +07 2022
 0.0  0.0 /bin/sh
 0.0  0.0 /bin/sh
 0.0  0.0 grep
 0.1  0.1 python3
 4.3  0.0 pigpiod
 % CPU % MEM ARGS Sat 23 Apr 23:25:18 +07 2022
 0.0  0.0 /bin/sh
 0.0  0.0 /bin/sh
 0.0  0.0 grep
 0.1  0.1 python3
 4.3  0.0 pigpiod
 % CPU % MEM ARGS Sat 23 Apr 23:25:20 +07 2022
 0.0  0.0 /bin/sh
 0.0  0.0 /bin/sh
 0.0  0.0 grep
 0.1  0.1 python3
 4.3  0.0 pigpiod
 % CPU % MEM ARGS Sat 23 Apr 23:25:21 +07 2022
 0.0  0.0 /bin/sh
 0.0  0.0 /bin/sh
 0.0  0.0 grep
 0.1  0.1 python3
 4.3  0.0 pigpiod
 % CPU % MEM ARGS Sat 23 Apr 23:25:22 +07 2022
 0.0  0.0 /bin/sh
 0.0  0.0 /bin/sh
 0.0  0.0 grep
 0.1  0.1 python3
 4.3  0.0 pigpiod
 % CPU % MEM ARGS Sat 23 Apr 23:25:23 +07 2022
 0.0  0.0 /bin/sh
 0.0  0.0 /bin/sh
 0.0  0.0 grep
 0.1  0.1 python3
 4.3  0.0 pigpiod
 % CPU % MEM ARGS Sat 23 Apr 23:25:24 +07 2022
 0.0  0.0 /bin/sh
 0.0  0.0 /bin/sh
 0.0  0.0 grep
 0.1  0.1 python3
 4.3  0.0 pigpiod
 % CPU % MEM ARGS Sat 23 Apr 23:25:25 +07 2022
 0.0  0.0 /bin/sh
 0.0  0.0 /bin/sh
 0.0  0.0 grep
 0.1  0.1 python3
 4.3  0.0 pigpiod
 % CPU % MEM ARGS Sat 23 Apr 23:25:26 +07 2022
 0.0  0.0 /bin/sh
 0.0  0.0 /bin/sh
 0.0  0.0 grep
 0.1  0.1 python3
 4.3  0.0 pigpiod
 % CPU % MEM ARGS Sat 23 Apr 23:25:27 +07 2022
 0.0  0.0 /bin/sh
 0.0  0.0 /bin/sh
 0.0  0.0 grep
 0.1  0.1 python3
 4.3  0.0 pigpiod
 % CPU % MEM ARGS Sat 23 Apr 23:25:28 +07 2022
 0.0  0.0 /bin/sh
 0.0  0.0 /bin/sh
 0.0  0.0 grep
 0.1  0.1 python3
 4.3  0.0 pigpiod
 % CPU % MEM ARGS Sat 23 Apr 23:25:29 +07 2022
 0.0  0.0 /bin/sh
 0.0  0.0 /bin/sh
 0.0  0.0 grep
 0.1  0.1 python3
 4.3  0.0 pigpiod
 % CPU % MEM ARGS Sat 23 Apr 23:25:30 +07 2022
 0.0  0.0 /bin/sh
 0.0  0.0 /bin/sh
 0.0  0.0 grep
 0.1  0.1 python3
 4.3  0.0 pigpiod
 % CPU % MEM ARGS Sat 23 Apr 23:25:31 +07 2022
 0.0  0.0 /bin/sh
 0.0  0.0 /bin/sh
 0.0  0.0 grep
 0.1  0.1 python3
 4.3  0.0 pigpiod
 % CPU % MEM ARGS Sat 23 Apr 23:25:32 +07 2022
 0.0  0.0 /bin/sh
 0.0  0.0 /bin/sh
 0.0  0.0 grep
 0.1  0.1 python3
 4.3  0.0 pigpiod
 % CPU % MEM ARGS Sat 23 Apr 23:25:33 +07 2022
 0.0  0.0 /bin/sh
 0.0  0.0 /bin/sh
 0.0  0.0 grep
 0.1  0.1 python3
 4.3  0.0 pigpiod
 % CPU % MEM ARGS Sat 23 Apr 23:25:34 +07 2022
 0.0  0.0 /bin/sh
 0.0  0.0 /bin/sh
 0.0  0.0 grep
 0.1  0.1 python3
 4.3  0.0 pigpiod
 % CPU % MEM ARGS Sat 23 Apr 23:25:35 +07 2022
 0.0  0.0 /bin/sh
 0.0  0.0 /bin/sh
 0.0  0.0 grep
 0.1  0.1 python3
 4.3  0.0 pigpiod
 % CPU % MEM ARGS Sat 23 Apr 23:25:36 +07 2022
 0.0  0.0 /bin/sh
 0.0  0.0 /bin/sh
 0.0  0.0 grep
 0.1  0.1 python3
 4.3  0.0 pigpiod
 % CPU % MEM ARGS Sat 23 Apr 23:25:37 +07 2022
 0.0  0.0 /bin/sh
 0.0  0.0 /bin/sh
 0.0  0.0 grep
 0.1  0.1 python3
 4.3  0.0 pigpiod
 % CPU % MEM ARGS Sat 23 Apr 23:25:38 +07 2022
 0.0  0.0 /bin/sh
 0.0  0.0 /bin/sh
 0.0  0.0 grep
 0.1  0.1 python3
 4.3  0.0 pigpiod
 % CPU % MEM ARGS Sat 23 Apr 23:25:39 +07 2022
 0.0  0.0 /bin/sh
 0.0  0.0 /bin/sh
 0.0  0.0 grep
 0.1  0.1 python3
 4.3  0.0 pigpiod
 % CPU % MEM ARGS Sat 23 Apr 23:25:40 +07 2022
 0.0  0.0 /bin/sh
 0.0  0.0 /bin/sh
 0.0  0.0 grep
 0.1  0.1 python3
 4.3  0.0 pigpiod
 % CPU % MEM ARGS Sat 23 Apr 23:25:41 +07 2022
 0.0  0.0 /bin/sh
 0.0  0.0 /bin/sh
 0.0  0.0 grep
 0.1  0.1 python3
 4.3  0.0 pigpiod
 % CPU % MEM ARGS Sat 23 Apr 23:25:42 +07 2022
 0.0  0.0 /bin/sh
 0.0  0.0 /bin/sh
 0.0  0.0 grep
 0.1  0.1 python3
 4.3  0.0 pigpiod
 % CPU % MEM ARGS Sat 23 Apr 23:25:43 +07 2022
 0.0  0.0 /bin/sh
 0.0  0.0 /bin/sh
 0.0  0.0 grep
 0.1  0.1 python3
 4.3  0.0 pigpiod
 % CPU % MEM ARGS Sat 23 Apr 23:25:44 +07 2022
 0.0  0.0 /bin/sh
 0.0  0.0 /bin/sh
 0.0  0.0 grep
 0.1  0.1 python3
 4.3  0.0 pigpiod
 % CPU % MEM ARGS Sat 23 Apr 23:25:45 +07 2022
 0.0  0.0 /bin/sh
 0.0  0.0 /bin/sh
 0.0  0.0 grep
 0.1  0.1 python3
 4.3  0.0 pigpiod
 % CPU % MEM ARGS Sat 23 Apr 23:25:46 +07 2022
 0.0  0.0 /bin/sh
 0.0  0.0 /bin/sh
 0.0  0.0 grep
 0.1  0.1 python3
 4.3  0.0 pigpiod
 % CPU % MEM ARGS Sat 23 Apr 23:25:47 +07 2022
 0.0  0.0 /bin/sh
 0.0  0.0 /bin/sh
 0.0  0.0 grep
 0.1  0.1 python3
 4.3  0.0 pigpiod
 % CPU % MEM ARGS Sat 23 Apr 23:25:48 +07 2022
 0.0  0.0 /bin/sh
 0.0  0.0 /bin/sh
 0.0  0.0 grep
 0.1  0.1 python3
 4.3  0.0 pigpiod
 % CPU % MEM ARGS Sat 23 Apr 23:25:49 +07 2022
 0.0  0.0 /bin/sh
 0.0  0.0 /bin/sh
 0.0  0.0 grep
 0.1  0.1 python3
 4.3  0.0 pigpiod
 % CPU % MEM ARGS Sat 23 Apr 23:25:50 +07 2022
 0.0  0.0 /bin/sh
 0.0  0.0 /bin/sh
 0.0  0.0 grep
 0.1  0.1 python3
 4.3  0.0 pigpiod
 % CPU % MEM ARGS Sat 23 Apr 23:25:51 +07 2022
 0.0  0.0 /bin/sh
 0.0  0.0 /bin/sh
 0.0  0.0 grep
 0.1  0.1 python3
 4.3  0.0 pigpiod
 % CPU % MEM ARGS Sat 23 Apr 23:25:52 +07 2022
 0.0  0.0 /bin/sh
 0.0  0.0 /bin/sh
 0.0  0.0 grep
 0.1  0.1 python3
 4.3  0.0 pigpiod
 % CPU % MEM ARGS Sat 23 Apr 23:25:53 +07 2022
 0.0  0.0 /bin/sh
 0.0  0.0 /bin/sh
 0.0  0.0 grep
 0.1  0.1 python3
 4.3  0.0 pigpiod
 % CPU % MEM ARGS Sat 23 Apr 23:25:54 +07 2022
 0.0  0.0 /bin/sh
 0.0  0.0 /bin/sh
 0.0  0.0 grep
 0.1  0.1 python3
 4.3  0.0 pigpiod
 % CPU % MEM ARGS Sat 23 Apr 23:25:55 +07 2022
 0.0  0.0 /bin/sh
 0.0  0.0 /bin/sh
 0.0  0.0 grep
 0.1  0.1 python3
 4.3  0.0 pigpiod
 % CPU % MEM ARGS Sat 23 Apr 23:25:56 +07 2022
 0.0  0.0 /bin/sh
 0.0  0.0 /bin/sh
 0.0  0.0 grep
 0.1  0.1 python3
 4.3  0.0 pigpiod
 % CPU % MEM ARGS Sat 23 Apr 23:25:57 +07 2022
 0.0  0.0 /bin/sh
 0.0  0.0 /bin/sh
 0.0  0.0 grep
 0.1  0.1 python3
 4.3  0.0 pigpiod
 % CPU % MEM ARGS Sat 23 Apr 23:25:58 +07 2022
 0.0  0.0 /bin/sh
 0.0  0.0 /bin/sh
 0.0  0.0 grep
 0.1  0.1 python3
 4.3  0.0 pigpiod
 % CPU % MEM ARGS Sat 23 Apr 23:25:59 +07 2022
 0.0  0.0 /bin/sh
 0.0  0.0 /bin/sh
 0.0  0.0 grep
 0.1  0.1 python3
 4.3  0.0 pigpiod
 % CPU % MEM ARGS Sat 23 Apr 23:26:00 +07 2022
 0.0  0.0 /bin/sh
 0.0  0.0 /bin/sh
 0.0  0.0 grep
 0.1  0.1 python3
 4.3  0.0 pigpiod
 % CPU % MEM ARGS Sat 23 Apr 23:26:02 +07 2022
 0.0  0.0 /bin/sh
 0.0  0.0 /bin/sh
 0.0  0.0 grep
 0.1  0.1 python3
 4.3  0.0 pigpiod
 % CPU % MEM ARGS Sat 23 Apr 23:26:03 +07 2022
 0.0  0.0 /bin/sh
 0.0  0.0 /bin/sh
 0.0  0.0 grep
 0.1  0.1 python3
 4.3  0.0 pigpiod
 % CPU % MEM ARGS Sat 23 Apr 23:26:04 +07 2022
 0.0  0.0 /bin/sh
 0.0  0.0 /bin/sh
 0.0  0.0 grep
 0.1  0.1 python3
 4.3  0.0 pigpiod
 % CPU % MEM ARGS Sat 23 Apr 23:26:05 +07 2022
 0.0  0.0 /bin/sh
 0.0  0.0 /bin/sh
 0.0  0.0 grep
 0.1  0.1 python3
 4.3  0.0 pigpiod
 % CPU % MEM ARGS Sat 23 Apr 23:26:06 +07 2022
 0.0  0.0 /bin/sh
 0.0  0.0 /bin/sh
 0.0  0.0 grep
 0.1  0.1 python3
 4.3  0.0 pigpiod
 % CPU % MEM ARGS Sat 23 Apr 23:26:07 +07 2022
 0.0  0.0 /bin/sh
 0.0  0.0 /bin/sh
 0.0  0.0 grep
 0.1  0.1 python3
 4.3  0.0 pigpiod
 % CPU % MEM ARGS Sat 23 Apr 23:26:08 +07 2022
 0.0  0.0 /bin/sh
 0.0  0.0 /bin/sh
 0.0  0.0 grep
 0.1  0.1 python3
 4.3  0.0 pigpiod
 % CPU % MEM ARGS Sat 23 Apr 23:26:09 +07 2022
 0.0  0.0 /bin/sh
 0.0  0.0 /bin/sh
 0.0  0.0 grep
 0.1  0.1 python3
 4.3  0.0 pigpiod
 % CPU % MEM ARGS Sat 23 Apr 23:26:10 +07 2022
 0.0  0.0 /bin/sh
 0.0  0.0 /bin/sh
 0.0  0.0 grep
 0.1  0.1 python3
 4.3  0.0 pigpiod
 % CPU % MEM ARGS Sat 23 Apr 23:26:11 +07 2022
 0.0  0.0 /bin/sh
 0.0  0.0 /bin/sh
 0.0  0.0 grep
 0.1  0.1 python3
 4.3  0.0 pigpiod
 % CPU % MEM ARGS Sat 23 Apr 23:26:12 +07 2022
 0.0  0.0 /bin/sh
 0.0  0.0 /bin/sh
 0.0  0.0 grep
 0.1  0.1 python3
 4.3  0.0 pigpiod
 % CPU % MEM ARGS Sat 23 Apr 23:26:13 +07 2022
 0.0  0.0 /bin/sh
 0.0  0.0 /bin/sh
 0.0  0.0 grep
 0.1  0.1 python3
 4.3  0.0 pigpiod
 % CPU % MEM ARGS Sat 23 Apr 23:26:14 +07 2022
 0.0  0.0 /bin/sh
 0.0  0.0 /bin/sh
 0.0  0.0 grep
 0.1  0.1 python3
 4.3  0.0 pigpiod
 % CPU % MEM ARGS Sat 23 Apr 23:26:15 +07 2022
 0.0  0.0 /bin/sh
 0.0  0.0 /bin/sh
 0.0  0.0 grep
 0.1  0.1 python3
 4.3  0.0 pigpiod
 % CPU % MEM ARGS Sat 23 Apr 23:26:16 +07 2022
 0.0  0.0 /bin/sh
 0.0  0.0 /bin/sh
 0.0  0.0 grep
 0.1  0.1 python3
 4.3  0.0 pigpiod
 % CPU % MEM ARGS Sat 23 Apr 23:26:17 +07 2022
 0.0  0.0 /bin/sh
 0.0  0.0 /bin/sh
 0.0  0.0 grep
 0.1  0.1 python3
 4.3  0.0 pigpiod
 % CPU % MEM ARGS Sat 23 Apr 23:26:18 +07 2022
 0.0  0.0 /bin/sh
 0.0  0.0 /bin/sh
 0.0  0.0 grep
 0.1  0.1 python3
 4.3  0.0 pigpiod
 % CPU % MEM ARGS Sat 23 Apr 23:26:19 +07 2022
 0.0  0.0 /bin/sh
 0.0  0.0 /bin/sh
 0.0  0.0 grep
 0.1  0.1 python3
 4.3  0.0 pigpiod
 % CPU % MEM ARGS Sat 23 Apr 23:26:20 +07 2022
 0.0  0.0 /bin/sh
 0.0  0.0 /bin/sh
 0.0  0.0 grep
 0.1  0.1 python3
 4.3  0.0 pigpiod
 % CPU % MEM ARGS Sat 23 Apr 23:26:21 +07 2022
 0.0  0.0 /bin/sh
 0.0  0.0 /bin/sh
 0.0  0.0 grep
 0.1  0.1 python3
 4.3  0.0 pigpiod
 % CPU % MEM ARGS Sat 23 Apr 23:26:22 +07 2022
 0.0  0.0 /bin/sh
 0.0  0.0 /bin/sh
 0.0  0.0 grep
 0.1  0.1 python3
 4.3  0.0 pigpiod
 % CPU % MEM ARGS Sat 23 Apr 23:26:23 +07 2022
 0.0  0.0 /bin/sh
 0.0  0.0 /bin/sh
 0.0  0.0 grep
 0.1  0.1 python3
 4.3  0.0 pigpiod
 % CPU % MEM ARGS Sat 23 Apr 23:26:24 +07 2022
 0.0  0.0 /bin/sh
 0.0  0.0 /bin/sh
 0.0  0.0 grep
 0.1  0.1 python3
 4.3  0.0 pigpiod
 % CPU % MEM ARGS Sat 23 Apr 23:26:25 +07 2022
 0.0  0.0 /bin/sh
 0.0  0.0 /bin/sh
 0.0  0.0 grep
 0.1  0.1 python3
 4.3  0.0 pigpiod
 % CPU % MEM ARGS Sat 23 Apr 23:26:26 +07 2022
 0.0  0.0 /bin/sh
 0.0  0.0 /bin/sh
 0.0  0.0 grep
 0.1  0.1 python3
 4.3  0.0 pigpiod
 % CPU % MEM ARGS Sat 23 Apr 23:26:27 +07 2022
 0.0  0.0 /bin/sh
 0.0  0.0 /bin/sh
 0.0  0.0 grep
 0.1  0.1 python3
 4.3  0.0 pigpiod
 % CPU % MEM ARGS Sat 23 Apr 23:26:28 +07 2022
 0.0  0.0 /bin/sh
 0.0  0.0 /bin/sh
 0.0  0.0 grep
 0.1  0.1 python3
 4.3  0.0 pigpiod
 % CPU % MEM ARGS Sat 23 Apr 23:26:29 +07 2022
 0.0  0.0 /bin/sh
 0.0  0.0 /bin/sh
 0.0  0.0 grep
 0.1  0.1 python3
 4.3  0.0 pigpiod
 % CPU % MEM ARGS Sat 23 Apr 23:26:30 +07 2022
 0.0  0.0 /bin/sh
 0.0  0.0 /bin/sh
 0.0  0.0 grep
 0.1  0.1 python3
 4.3  0.0 pigpiod
 % CPU % MEM ARGS Sat 23 Apr 23:26:31 +07 2022
 0.0  0.0 /bin/sh
 0.0  0.0 /bin/sh
 0.0  0.0 grep
 0.1  0.1 python3
 4.3  0.0 pigpiod
 % CPU % MEM ARGS Sat 23 Apr 23:26:32 +07 2022
 0.0  0.0 /bin/sh
 0.0  0.0 /bin/sh
 0.0  0.0 grep
 0.1  0.1 python3
 4.3  0.0 pigpiod
 % CPU % MEM ARGS Sat 23 Apr 23:26:33 +07 2022
 0.0  0.0 /bin/sh
 0.0  0.0 /bin/sh
 0.0  0.0 grep
 0.1  0.1 python3
 4.3  0.0 pigpiod
 % CPU % MEM ARGS Sat 23 Apr 23:26:34 +07 2022
 0.0  0.0 /bin/sh
 0.0  0.0 /bin/sh
 0.0  0.0 grep
 0.1  0.1 python3
 4.3  0.0 pigpiod
 % CPU % MEM ARGS Sat 23 Apr 23:26:35 +07 2022
 0.0  0.0 /bin/sh
 0.0  0.0 /bin/sh
 0.0  0.0 grep
 0.1  0.1 python3
 4.3  0.0 pigpiod
 % CPU % MEM ARGS Sat 23 Apr 23:26:36 +07 2022
 0.0  0.0 /bin/sh
 0.0  0.0 /bin/sh
 0.0  0.0 grep
 0.1  0.1 python3
 4.3  0.0 pigpiod
 % CPU % MEM ARGS Sat 23 Apr 23:26:37 +07 2022
 0.0  0.0 /bin/sh
 0.0  0.0 /bin/sh
 0.0  0.0 grep
 0.1  0.1 python3
 4.3  0.0 pigpiod
 % CPU % MEM ARGS Sat 23 Apr 23:26:38 +07 2022
 0.0  0.0 /bin/sh
 0.0  0.0 /bin/sh
 0.0  0.0 grep
 0.1  0.1 python3
 4.3  0.0 pigpiod
 % CPU % MEM ARGS Sat 23 Apr 23:26:39 +07 2022
 0.0  0.0 /bin/sh
 0.0  0.0 /bin/sh
 0.0  0.0 grep
 0.1  0.1 python3
 4.3  0.0 pigpiod
 % CPU % MEM ARGS Sat 23 Apr 23:26:40 +07 2022
 0.0  0.0 /bin/sh
 0.0  0.0 /bin/sh
 0.0  0.0 grep
 0.1  0.1 python3
 4.3  0.0 pigpiod
 % CPU % MEM ARGS Sat 23 Apr 23:26:41 +07 2022
 0.0  0.0 /bin/sh
 0.0  0.0 /bin/sh
 0.0  0.0 grep
 0.1  0.1 python3
 4.3  0.0 pigpiod
 % CPU % MEM ARGS Sat 23 Apr 23:26:43 +07 2022
 0.0  0.0 /bin/sh
 0.0  0.0 /bin/sh
 0.0  0.0 grep
 0.1  0.1 python3
 4.3  0.0 pigpiod
 % CPU % MEM ARGS Sat 23 Apr 23:26:44 +07 2022
 0.0  0.0 /bin/sh
 0.0  0.0 /bin/sh
 0.0  0.0 grep
 0.1  0.1 python3
 4.3  0.0 pigpiod
 % CPU % MEM ARGS Sat 23 Apr 23:26:45 +07 2022
 0.0  0.0 /bin/sh
 0.0  0.0 /bin/sh
 0.0  0.0 grep
 0.1  0.1 python3
 4.3  0.0 pigpiod
 % CPU % MEM ARGS Sat 23 Apr 23:26:46 +07 2022
 0.0  0.0 /bin/sh
 0.0  0.0 /bin/sh
 0.0  0.0 grep
 0.1  0.1 python3
 4.3  0.0 pigpiod
 % CPU % MEM ARGS Sat 23 Apr 23:26:47 +07 2022
 0.0  0.0 /bin/sh
 0.0  0.0 /bin/sh
 0.0  0.0 grep
 0.1  0.1 python3
 4.3  0.0 pigpiod
 % CPU % MEM ARGS Sat 23 Apr 23:26:48 +07 2022
 0.0  0.0 /bin/sh
 0.0  0.0 /bin/sh
 0.0  0.0 grep
 0.1  0.1 python3
 4.3  0.0 pigpiod
 % CPU % MEM ARGS Sat 23 Apr 23:26:49 +07 2022
 0.0  0.0 /bin/sh
 0.0  0.0 /bin/sh
 0.0  0.0 grep
 0.1  0.1 python3
 4.3  0.0 pigpiod
 % CPU % MEM ARGS Sat 23 Apr 23:26:50 +07 2022
 0.0  0.0 /bin/sh
 0.0  0.0 /bin/sh
 0.0  0.0 grep
 0.1  0.1 python3
 4.3  0.0 pigpiod
 % CPU % MEM ARGS Sat 23 Apr 23:26:51 +07 2022
 0.0  0.0 /bin/sh
 0.0  0.0 /bin/sh
 0.0  0.0 grep
 0.1  0.1 python3
 4.3  0.0 pigpiod
 % CPU % MEM ARGS Sat 23 Apr 23:26:52 +07 2022
 0.0  0.0 /bin/sh
 0.0  0.0 /bin/sh
 0.0  0.0 grep
 0.1  0.1 python3
 4.3  0.0 pigpiod
 % CPU % MEM ARGS Sat 23 Apr 23:26:53 +07 2022
 0.0  0.0 /bin/sh
 0.0  0.0 /bin/sh
 0.0  0.0 grep
 0.1  0.1 python3
 4.3  0.0 pigpiod
 % CPU % MEM ARGS Sat 23 Apr 23:26:54 +07 2022
 0.0  0.0 /bin/sh
 0.0  0.0 /bin/sh
 0.0  0.0 grep
 0.1  0.1 python3
 4.3  0.0 pigpiod
 % CPU % MEM ARGS Sat 23 Apr 23:26:55 +07 2022
 0.0  0.0 /bin/sh
 0.0  0.0 /bin/sh
 0.0  0.0 grep
 0.1  0.1 python3
 4.3  0.0 pigpiod
 % CPU % MEM ARGS Sat 23 Apr 23:26:56 +07 2022
 0.0  0.0 /bin/sh
 0.0  0.0 /bin/sh
 0.0  0.0 grep
 0.1  0.1 python3
 4.3  0.0 pigpiod
 % CPU % MEM ARGS Sat 23 Apr 23:26:57 +07 2022
 0.0  0.0 /bin/sh
 0.0  0.0 /bin/sh
 0.0  0.0 grep
 0.1  0.1 python3
 4.3  0.0 pigpiod
 % CPU % MEM ARGS Sat 23 Apr 23:26:58 +07 2022
 0.0  0.0 /bin/sh
 0.0  0.0 /bin/sh
 0.0  0.0 grep
 0.1  0.1 python3
 4.3  0.0 pigpiod
 % CPU % MEM ARGS Sat 23 Apr 23:26:59 +07 2022
 0.0  0.0 /bin/sh
 0.0  0.0 /bin/sh
 0.0  0.0 grep
 0.1  0.1 python3
 4.3  0.0 pigpiod
 % CPU % MEM ARGS Sat 23 Apr 23:27:00 +07 2022
 0.0  0.0 /bin/sh
 0.0  0.0 /bin/sh
 0.0  0.0 grep
 0.1  0.1 python3
 4.3  0.0 pigpiod
 % CPU % MEM ARGS Sat 23 Apr 23:27:01 +07 2022
 0.0  0.0 /bin/sh
 0.0  0.0 /bin/sh
 0.0  0.0 grep
 0.1  0.1 python3
 4.3  0.0 pigpiod
 % CPU % MEM ARGS Sat 23 Apr 23:27:02 +07 2022
 0.0  0.0 /bin/sh
 0.0  0.0 /bin/sh
 0.0  0.0 grep
 0.1  0.1 python3
 4.3  0.0 pigpiod
 % CPU % MEM ARGS Sat 23 Apr 23:27:03 +07 2022
 0.0  0.0 /bin/sh
 0.0  0.0 /bin/sh
 0.0  0.0 grep
 0.1  0.1 python3
 4.3  0.0 pigpiod
 % CPU % MEM ARGS Sat 23 Apr 23:27:04 +07 2022
 0.0  0.0 /bin/sh
 0.0  0.0 /bin/sh
 0.0  0.0 grep
 0.1  0.1 python3
 4.3  0.0 pigpiod
 % CPU % MEM ARGS Sat 23 Apr 23:27:05 +07 2022
 0.0  0.0 /bin/sh
 0.0  0.0 /bin/sh
 0.0  0.0 grep
 0.1  0.1 python3
 4.3  0.0 pigpiod
 % CPU % MEM ARGS Sat 23 Apr 23:27:06 +07 2022
 0.0  0.0 /bin/sh
 0.0  0.0 /bin/sh
 0.0  0.0 grep
 0.1  0.1 python3
 4.3  0.0 pigpiod
 % CPU % MEM ARGS Sat 23 Apr 23:27:07 +07 2022
 0.0  0.0 /bin/sh
 0.0  0.0 /bin/sh
 0.0  0.0 grep
 0.1  0.1 python3
 4.3  0.0 pigpiod
 % CPU % MEM ARGS Sat 23 Apr 23:27:08 +07 2022
 0.0  0.0 /bin/sh
 0.0  0.0 /bin/sh
 0.0  0.0 grep
 0.1  0.1 python3
 4.3  0.0 pigpiod
 % CPU % MEM ARGS Sat 23 Apr 23:27:09 +07 2022
 0.0  0.0 /bin/sh
 0.0  0.0 /bin/sh
 0.0  0.0 grep
 0.1  0.1 python3
 4.3  0.0 pigpiod
 % CPU % MEM ARGS Sat 23 Apr 23:27:10 +07 2022
 0.0  0.0 /bin/sh
 0.0  0.0 /bin/sh
 0.0  0.0 grep
 0.1  0.1 python3
 4.3  0.0 pigpiod
 % CPU % MEM ARGS Sat 23 Apr 23:27:11 +07 2022
 0.0  0.0 /bin/sh
 0.0  0.0 /bin/sh
 0.0  0.0 grep
 0.1  0.1 python3
 4.3  0.0 pigpiod
 % CPU % MEM ARGS Sat 23 Apr 23:27:12 +07 2022
 0.0  0.0 /bin/sh
 0.0  0.0 /bin/sh
 0.0  0.0 grep
 0.1  0.1 python3
 4.3  0.0 pigpiod
 % CPU % MEM ARGS Sat 23 Apr 23:27:13 +07 2022
 0.0  0.0 /bin/sh
 0.0  0.0 /bin/sh
 0.0  0.0 grep
 0.1  0.1 python3
 4.3  0.0 pigpiod
 % CPU % MEM ARGS Sat 23 Apr 23:27:14 +07 2022
 0.0  0.0 /bin/sh
 0.0  0.0 /bin/sh
 0.0  0.0 grep
 0.1  0.1 python3
 4.3  0.0 pigpiod
 % CPU % MEM ARGS Sat 23 Apr 23:27:15 +07 2022
 0.0  0.0 /bin/sh
 0.0  0.0 /bin/sh
 0.0  0.0 grep
 0.1  0.1 python3
 4.3  0.0 pigpiod
 % CPU % MEM ARGS Sat 23 Apr 23:27:16 +07 2022
 0.0  0.0 /bin/sh
 0.0  0.0 /bin/sh
 0.0  0.0 grep
 0.1  0.1 python3
 4.3  0.0 pigpiod
 % CPU % MEM ARGS Sat 23 Apr 23:27:17 +07 2022
 0.0  0.0 /bin/sh
 0.0  0.0 /bin/sh
 0.0  0.0 grep
 0.1  0.1 python3
 4.3  0.0 pigpiod
 % CPU % MEM ARGS Sat 23 Apr 23:27:18 +07 2022
 0.0  0.0 /bin/sh
 0.0  0.0 /bin/sh
 0.0  0.0 grep
 0.1  0.1 python3
 4.3  0.0 pigpiod
 % CPU % MEM ARGS Sat 23 Apr 23:27:19 +07 2022
 0.0  0.0 /bin/sh
 0.0  0.0 /bin/sh
 0.0  0.0 grep
 0.1  0.1 python3
 4.3  0.0 pigpiod
 % CPU % MEM ARGS Sat 23 Apr 23:27:20 +07 2022
 0.0  0.0 /bin/sh
 0.0  0.0 /bin/sh
 0.0  0.0 grep
 0.1  0.1 python3
 4.3  0.0 pigpiod
 % CPU % MEM ARGS Sat 23 Apr 23:27:21 +07 2022
 0.0  0.0 /bin/sh
 0.0  0.0 /bin/sh
 0.0  0.0 grep
 0.1  0.1 python3
 4.3  0.0 pigpiod
 % CPU % MEM ARGS Sat 23 Apr 23:27:22 +07 2022
 0.0  0.0 /bin/sh
 0.0  0.0 /bin/sh
 0.0  0.0 grep
 0.1  0.1 python3
 4.3  0.0 pigpiod
 % CPU % MEM ARGS Sat 23 Apr 23:27:23 +07 2022
 0.0  0.0 /bin/sh
 0.0  0.0 /bin/sh
 0.0  0.0 grep
 0.1  0.1 python3
 4.3  0.0 pigpiod
 % CPU % MEM ARGS Sat 23 Apr 23:27:25 +07 2022
 0.0  0.0 /bin/sh
 0.0  0.0 /bin/sh
 0.0  0.0 grep
 0.1  0.1 python3
 4.3  0.0 pigpiod
 % CPU % MEM ARGS Sat 23 Apr 23:27:26 +07 2022
 0.0  0.0 /bin/sh
 0.0  0.0 /bin/sh
 0.0  0.0 grep
 0.1  0.1 python3
 4.3  0.0 pigpiod
 % CPU % MEM ARGS Sat 23 Apr 23:27:27 +07 2022
 0.0  0.0 /bin/sh
 0.0  0.0 /bin/sh
 0.0  0.0 grep
 0.1  0.1 python3
 4.3  0.0 pigpiod
 % CPU % MEM ARGS Sat 23 Apr 23:27:28 +07 2022
 0.0  0.0 /bin/sh
 0.0  0.0 /bin/sh
 0.0  0.0 grep
 0.1  0.1 python3
 4.3  0.0 pigpiod
 % CPU % MEM ARGS Sat 23 Apr 23:27:29 +07 2022
 0.0  0.0 /bin/sh
 0.0  0.0 /bin/sh
 0.0  0.0 grep
 0.1  0.1 python3
 4.3  0.0 pigpiod
 % CPU % MEM ARGS Sat 23 Apr 23:27:30 +07 2022
 0.0  0.0 /bin/sh
 0.0  0.0 /bin/sh
 0.0  0.0 grep
 0.1  0.1 python3
 4.3  0.0 pigpiod
 % CPU % MEM ARGS Sat 23 Apr 23:27:31 +07 2022
 0.0  0.0 /bin/sh
 0.0  0.0 /bin/sh
 0.0  0.0 grep
 0.1  0.1 python3
 4.3  0.0 pigpiod
 % CPU % MEM ARGS Sat 23 Apr 23:27:32 +07 2022
 0.0  0.0 /bin/sh
 0.0  0.0 /bin/sh
 0.0  0.0 grep
 0.1  0.1 python3
 4.3  0.0 pigpiod
 % CPU % MEM ARGS Sat 23 Apr 23:27:33 +07 2022
 0.0  0.0 /bin/sh
 0.0  0.0 /bin/sh
 0.0  0.0 grep
 0.1  0.1 python3
 4.3  0.0 pigpiod
 % CPU % MEM ARGS Sat 23 Apr 23:27:34 +07 2022
 0.0  0.0 /bin/sh
 0.0  0.0 /bin/sh
 0.0  0.0 grep
 0.1  0.1 python3
 4.3  0.0 pigpiod
 % CPU % MEM ARGS Sat 23 Apr 23:27:35 +07 2022
 0.0  0.0 /bin/sh
 0.0  0.0 /bin/sh
 0.0  0.0 grep
 0.1  0.1 python3
 4.3  0.0 pigpiod
 % CPU % MEM ARGS Sat 23 Apr 23:27:36 +07 2022
 0.0  0.0 /bin/sh
 0.0  0.0 /bin/sh
 0.0  0.0 grep
 0.1  0.1 python3
 4.3  0.0 pigpiod
 % CPU % MEM ARGS Sat 23 Apr 23:27:37 +07 2022
 0.0  0.0 /bin/sh
 0.0  0.0 /bin/sh
 0.0  0.0 grep
 0.1  0.1 python3
 4.3  0.0 pigpiod
 % CPU % MEM ARGS Sat 23 Apr 23:27:38 +07 2022
 0.0  0.0 /bin/sh
 0.0  0.0 /bin/sh
 0.0  0.0 grep
 0.1  0.1 python3
 4.3  0.0 pigpiod
 % CPU % MEM ARGS Sat 23 Apr 23:27:39 +07 2022
 0.0  0.0 /bin/sh
 0.0  0.0 /bin/sh
 0.0  0.0 grep
 0.1  0.1 python3
 4.3  0.0 pigpiod
 % CPU % MEM ARGS Sat 23 Apr 23:27:40 +07 2022
 0.0  0.0 /bin/sh
 0.0  0.0 /bin/sh
 0.0  0.0 grep
 0.1  0.1 python3
 4.3  0.0 pigpiod
 % CPU % MEM ARGS Sat 23 Apr 23:27:41 +07 2022
 0.0  0.0 /bin/sh
 0.0  0.0 /bin/sh
 0.0  0.0 grep
 0.1  0.1 python3
 4.3  0.0 pigpiod
 % CPU % MEM ARGS Sat 23 Apr 23:27:42 +07 2022
 0.0  0.0 /bin/sh
 0.0  0.0 /bin/sh
 0.0  0.0 grep
 0.1  0.1 python3
 4.3  0.0 pigpiod
 % CPU % MEM ARGS Sat 23 Apr 23:27:43 +07 2022
 0.0  0.0 /bin/sh
 0.0  0.0 /bin/sh
 0.0  0.0 grep
 0.1  0.1 python3
 4.3  0.0 pigpiod
 % CPU % MEM ARGS Sat 23 Apr 23:27:44 +07 2022
 0.0  0.0 /bin/sh
 0.0  0.0 /bin/sh
 0.0  0.0 grep
 0.1  0.1 python3
 4.3  0.0 pigpiod
 % CPU % MEM ARGS Sat 23 Apr 23:27:45 +07 2022
 0.0  0.0 /bin/sh
 0.0  0.0 /bin/sh
 0.0  0.0 grep
 0.1  0.1 python3
 4.3  0.0 pigpiod
 % CPU % MEM ARGS Sat 23 Apr 23:27:46 +07 2022
 0.0  0.0 /bin/sh
 0.0  0.0 /bin/sh
 0.0  0.0 grep
 0.1  0.1 python3
 4.3  0.0 pigpiod
 % CPU % MEM ARGS Sat 23 Apr 23:27:47 +07 2022
 0.0  0.0 /bin/sh
 0.0  0.0 /bin/sh
 0.0  0.0 grep
 0.1  0.1 python3
 4.3  0.0 pigpiod
 % CPU % MEM ARGS Sat 23 Apr 23:27:48 +07 2022
 0.0  0.0 /bin/sh
 0.0  0.0 /bin/sh
 0.0  0.0 grep
 0.1  0.1 python3
 4.3  0.0 pigpiod
 % CPU % MEM ARGS Sat 23 Apr 23:27:49 +07 2022
 0.0  0.0 /bin/sh
 0.0  0.0 /bin/sh
 0.0  0.0 grep
 0.1  0.1 python3
 4.3  0.0 pigpiod
 % CPU % MEM ARGS Sat 23 Apr 23:27:50 +07 2022
 0.0  0.0 /bin/sh
 0.0  0.0 /bin/sh
 0.0  0.0 grep
 0.1  0.1 python3
 4.3  0.0 pigpiod
 % CPU % MEM ARGS Sat 23 Apr 23:27:51 +07 2022
 0.0  0.0 /bin/sh
 0.0  0.0 /bin/sh
 0.0  0.0 grep
 0.1  0.1 python3
 4.3  0.0 pigpiod
 % CPU % MEM ARGS Sat 23 Apr 23:27:52 +07 2022
 0.0  0.0 /bin/sh
 0.0  0.0 /bin/sh
 0.0  0.0 grep
 0.1  0.1 python3
 4.3  0.0 pigpiod
 % CPU % MEM ARGS Sat 23 Apr 23:27:53 +07 2022
 0.0  0.0 /bin/sh
 0.0  0.0 /bin/sh
 0.0  0.0 grep
 0.1  0.1 python3
 4.3  0.0 pigpiod
 % CPU % MEM ARGS Sat 23 Apr 23:27:54 +07 2022
 0.0  0.0 /bin/sh
 0.0  0.0 /bin/sh
 0.0  0.0 grep
 0.1  0.1 python3
 4.3  0.0 pigpiod
 % CPU % MEM ARGS Sat 23 Apr 23:27:55 +07 2022
 0.0  0.0 /bin/sh
 0.0  0.0 /bin/sh
 0.0  0.0 grep
 0.1  0.1 python3
 4.3  0.0 pigpiod
 % CPU % MEM ARGS Sat 23 Apr 23:27:56 +07 2022
 0.0  0.0 /bin/sh
 0.0  0.0 /bin/sh
 0.0  0.0 grep
 0.1  0.1 python3
 4.3  0.0 pigpiod
 % CPU % MEM ARGS Sat 23 Apr 23:27:57 +07 2022
 0.0  0.0 /bin/sh
 0.0  0.0 /bin/sh
 0.0  0.0 grep
 0.1  0.1 python3
 4.3  0.0 pigpiod
 % CPU % MEM ARGS Sat 23 Apr 23:27:58 +07 2022
 0.0  0.0 /bin/sh
 0.0  0.0 /bin/sh
 0.0  0.0 grep
 0.1  0.1 python3
 4.3  0.0 pigpiod
 % CPU % MEM ARGS Sat 23 Apr 23:27:59 +07 2022
 0.0  0.0 /bin/sh
 0.0  0.0 /bin/sh
 0.0  0.0 grep
 0.1  0.1 python3
 4.3  0.0 pigpiod
 % CPU % MEM ARGS Sat 23 Apr 23:28:00 +07 2022
 0.0  0.0 /bin/sh
 0.0  0.0 /bin/sh
 0.0  0.0 grep
 0.1  0.1 python3
 4.3  0.0 pigpiod
 % CPU % MEM ARGS Sat 23 Apr 23:28:01 +07 2022
 0.0  0.0 /bin/sh
 0.0  0.0 /bin/sh
 0.0  0.0 grep
 0.1  0.1 python3
 4.3  0.0 pigpiod
 % CPU % MEM ARGS Sat 23 Apr 23:28:02 +07 2022
 0.0  0.0 /bin/sh
 0.0  0.0 /bin/sh
 0.0  0.0 grep
 0.1  0.1 python3
 4.3  0.0 pigpiod
 % CPU % MEM ARGS Sat 23 Apr 23:28:03 +07 2022
 0.0  0.0 /bin/sh
 0.0  0.0 /bin/sh
 0.0  0.0 grep
 0.1  0.1 python3
 4.3  0.0 pigpiod
 % CPU % MEM ARGS Sat 23 Apr 23:28:04 +07 2022
 0.0  0.0 /bin/sh
 0.0  0.0 /bin/sh
 0.0  0.0 grep
 0.1  0.1 python3
 4.3  0.0 pigpiod
 % CPU % MEM ARGS Sat 23 Apr 23:28:05 +07 2022
 0.0  0.0 /bin/sh
 0.0  0.0 /bin/sh
 0.0  0.0 grep
 0.1  0.1 python3
 4.3  0.0 pigpiod
 % CPU % MEM ARGS Sat 23 Apr 23:28:07 +07 2022
 0.0  0.0 /bin/sh
 0.0  0.0 /bin/sh
 0.0  0.0 grep
 0.1  0.1 python3
 4.3  0.0 pigpiod
 % CPU % MEM ARGS Sat 23 Apr 23:28:08 +07 2022
 0.0  0.0 /bin/sh
 0.0  0.0 /bin/sh
 0.0  0.0 grep
 0.1  0.1 python3
 4.3  0.0 pigpiod
 % CPU % MEM ARGS Sat 23 Apr 23:28:09 +07 2022
 0.0  0.0 /bin/sh
 0.0  0.0 /bin/sh
 0.0  0.0 grep
 0.1  0.1 python3
 4.3  0.0 pigpiod
 % CPU % MEM ARGS Sat 23 Apr 23:28:10 +07 2022
 0.0  0.0 /bin/sh
 0.0  0.0 /bin/sh
 0.0  0.0 grep
 0.1  0.1 python3
 4.3  0.0 pigpiod
 % CPU % MEM ARGS Sat 23 Apr 23:28:11 +07 2022
 0.0  0.0 /bin/sh
 0.0  0.0 /bin/sh
 0.0  0.0 grep
 0.1  0.1 python3
 4.3  0.0 pigpiod
 % CPU % MEM ARGS Sat 23 Apr 23:28:12 +07 2022
 0.0  0.0 /bin/sh
 0.0  0.0 /bin/sh
 0.0  0.0 grep
 0.1  0.1 python3
 4.3  0.0 pigpiod
 % CPU % MEM ARGS Sat 23 Apr 23:28:13 +07 2022
 0.0  0.0 /bin/sh
 0.0  0.0 /bin/sh
 0.0  0.0 grep
 0.1  0.1 python3
 4.3  0.0 pigpiod
 % CPU % MEM ARGS Sat 23 Apr 23:28:14 +07 2022
 0.0  0.0 /bin/sh
 0.0  0.0 /bin/sh
 0.0  0.0 grep
 0.1  0.1 python3
 4.3  0.0 pigpiod
 % CPU % MEM ARGS Sat 23 Apr 23:28:15 +07 2022
 0.0  0.0 /bin/sh
 0.0  0.0 /bin/sh
 0.0  0.0 grep
 0.1  0.1 python3
 4.3  0.0 pigpiod
 % CPU % MEM ARGS Sat 23 Apr 23:28:16 +07 2022
 0.0  0.0 /bin/sh
 0.0  0.0 /bin/sh
 0.0  0.0 grep
 0.1  0.1 python3
 4.3  0.0 pigpiod
 % CPU % MEM ARGS Sat 23 Apr 23:28:17 +07 2022
 0.0  0.0 /bin/sh
 0.0  0.0 /bin/sh
 0.0  0.0 grep
 0.1  0.1 python3
 4.3  0.0 pigpiod
 % CPU % MEM ARGS Sat 23 Apr 23:28:18 +07 2022
 0.0  0.0 /bin/sh
 0.0  0.0 /bin/sh
 0.0  0.0 grep
 0.1  0.1 python3
 4.3  0.0 pigpiod
 % CPU % MEM ARGS Sat 23 Apr 23:28:19 +07 2022
 0.0  0.0 /bin/sh
 0.0  0.0 /bin/sh
 0.0  0.0 grep
 0.1  0.1 python3
 4.3  0.0 pigpiod
 % CPU % MEM ARGS Sat 23 Apr 23:28:20 +07 2022
 0.0  0.0 /bin/sh
 0.0  0.0 /bin/sh
 0.0  0.0 grep
 0.1  0.1 python3
 4.3  0.0 pigpiod
 % CPU % MEM ARGS Sat 23 Apr 23:28:21 +07 2022
 0.0  0.0 /bin/sh
 0.0  0.0 /bin/sh
 0.0  0.0 grep
 0.1  0.1 python3
 4.3  0.0 pigpiod
 % CPU % MEM ARGS Sat 23 Apr 23:28:22 +07 2022
 0.0  0.0 /bin/sh
 0.0  0.0 /bin/sh
 0.0  0.0 grep
 0.1  0.1 python3
 4.3  0.0 pigpiod
 % CPU % MEM ARGS Sat 23 Apr 23:28:23 +07 2022
 0.0  0.0 /bin/sh
 0.0  0.0 /bin/sh
 0.0  0.0 grep
 0.1  0.1 python3
 4.3  0.0 pigpiod
 % CPU % MEM ARGS Sat 23 Apr 23:28:24 +07 2022
 0.0  0.0 /bin/sh
 0.0  0.0 /bin/sh
 0.0  0.0 grep
 0.1  0.1 python3
 4.3  0.0 pigpiod
 % CPU % MEM ARGS Sat 23 Apr 23:28:25 +07 2022
 0.0  0.0 /bin/sh
 0.0  0.0 /bin/sh
 0.0  0.0 grep
 0.1  0.1 python3
 4.3  0.0 pigpiod
 % CPU % MEM ARGS Sat 23 Apr 23:28:26 +07 2022
 0.0  0.0 /bin/sh
 0.0  0.0 /bin/sh
 0.0  0.0 grep
 0.1  0.1 python3
 4.3  0.0 pigpiod
 % CPU % MEM ARGS Sat 23 Apr 23:28:27 +07 2022
 0.0  0.0 /bin/sh
 0.0  0.0 /bin/sh
 0.0  0.0 grep
 0.1  0.1 python3
 4.3  0.0 pigpiod
 % CPU % MEM ARGS Sat 23 Apr 23:28:28 +07 2022
 0.0  0.0 /bin/sh
 0.0  0.0 /bin/sh
 0.0  0.0 grep
 0.1  0.1 python3
 4.3  0.0 pigpiod
 % CPU % MEM ARGS Sat 23 Apr 23:28:29 +07 2022
 0.0  0.0 /bin/sh
 0.0  0.0 /bin/sh
 0.0  0.0 grep
 0.1  0.1 python3
 4.3  0.0 pigpiod
 % CPU % MEM ARGS Sat 23 Apr 23:28:30 +07 2022
 0.0  0.0 /bin/sh
 0.0  0.0 /bin/sh
 0.0  0.0 grep
 0.1  0.1 python3
 4.3  0.0 pigpiod
 % CPU % MEM ARGS Sat 23 Apr 23:28:31 +07 2022
 0.0  0.0 /bin/sh
 0.0  0.0 /bin/sh
 0.0  0.0 grep
 0.1  0.1 python3
 4.3  0.0 pigpiod
 % CPU % MEM ARGS Sat 23 Apr 23:28:32 +07 2022
 0.0  0.0 /bin/sh
 0.0  0.0 /bin/sh
 0.0  0.0 grep
 0.1  0.1 python3
 4.3  0.0 pigpiod
 % CPU % MEM ARGS Sat 23 Apr 23:28:33 +07 2022
 0.0  0.0 /bin/sh
 0.0  0.0 /bin/sh
 0.0  0.0 grep
 0.1  0.1 python3
 4.3  0.0 pigpiod
 % CPU % MEM ARGS Sat 23 Apr 23:28:34 +07 2022
 0.0  0.0 /bin/sh
 0.0  0.0 /bin/sh
 0.0  0.0 grep
 0.1  0.1 python3
 4.3  0.0 pigpiod
 % CPU % MEM ARGS Sat 23 Apr 23:28:35 +07 2022
 0.0  0.0 /bin/sh
 0.0  0.0 /bin/sh
 0.0  0.0 grep
 0.1  0.1 python3
 4.3  0.0 pigpiod
 % CPU % MEM ARGS Sat 23 Apr 23:28:36 +07 2022
 0.0  0.0 /bin/sh
 0.0  0.0 /bin/sh
 0.0  0.0 grep
 0.1  0.1 python3
 4.3  0.0 pigpiod
 % CPU % MEM ARGS Sat 23 Apr 23:28:37 +07 2022
 0.0  0.0 /bin/sh
 0.0  0.0 /bin/sh
 0.0  0.0 grep
 0.1  0.1 python3
 4.3  0.0 pigpiod
 % CPU % MEM ARGS Sat 23 Apr 23:28:38 +07 2022
 0.0  0.0 /bin/sh
 0.0  0.0 /bin/sh
 0.0  0.0 grep
 0.1  0.1 python3
 4.3  0.0 pigpiod
 % CPU % MEM ARGS Sat 23 Apr 23:28:39 +07 2022
 0.0  0.0 /bin/sh
 0.0  0.0 /bin/sh
 0.0  0.0 grep
 0.1  0.1 python3
 4.3  0.0 pigpiod
 % CPU % MEM ARGS Sat 23 Apr 23:28:40 +07 2022
 0.0  0.0 /bin/sh
 0.0  0.0 /bin/sh
 0.0  0.0 grep
 0.1  0.1 python3
 4.3  0.0 pigpiod
 % CPU % MEM ARGS Sat 23 Apr 23:28:41 +07 2022
 0.0  0.0 /bin/sh
 0.0  0.0 /bin/sh
 0.0  0.0 grep
 0.1  0.1 python3
 4.3  0.0 pigpiod
 % CPU % MEM ARGS Sat 23 Apr 23:28:42 +07 2022
 0.0  0.0 /bin/sh
 0.0  0.0 /bin/sh
 0.0  0.0 grep
 0.1  0.1 python3
 4.3  0.0 pigpiod
 % CPU % MEM ARGS Sat 23 Apr 23:28:43 +07 2022
 0.0  0.0 /bin/sh
 0.0  0.0 /bin/sh
 0.0  0.0 grep
 0.1  0.1 python3
 4.3  0.0 pigpiod
 % CPU % MEM ARGS Sat 23 Apr 23:28:44 +07 2022
 0.0  0.0 /bin/sh
 0.0  0.0 /bin/sh
 0.0  0.0 grep
 0.1  0.1 python3
 4.3  0.0 pigpiod
 % CPU % MEM ARGS Sat 23 Apr 23:28:45 +07 2022
 0.0  0.0 /bin/sh
 0.0  0.0 /bin/sh
 0.0  0.0 grep
 0.1  0.1 python3
 4.3  0.0 pigpiod
 % CPU % MEM ARGS Sat 23 Apr 23:28:46 +07 2022
 0.0  0.0 /bin/sh
 0.0  0.0 /bin/sh
 0.0  0.0 grep
 0.1  0.1 python3
 4.3  0.0 pigpiod
 % CPU % MEM ARGS Sat 23 Apr 23:28:48 +07 2022
 0.0  0.0 /bin/sh
 0.0  0.0 /bin/sh
 0.0  0.0 grep
 0.1  0.1 python3
 4.3  0.0 pigpiod
 % CPU % MEM ARGS Sat 23 Apr 23:28:49 +07 2022
 0.0  0.0 /bin/sh
 0.0  0.0 /bin/sh
 0.0  0.0 grep
 0.1  0.1 python3
 4.3  0.0 pigpiod
 % CPU % MEM ARGS Sat 23 Apr 23:28:50 +07 2022
 0.0  0.0 /bin/sh
 0.0  0.0 /bin/sh
 0.0  0.0 grep
 0.1  0.1 python3
 4.3  0.0 pigpiod
 % CPU % MEM ARGS Sat 23 Apr 23:28:51 +07 2022
 0.0  0.0 /bin/sh
 0.0  0.0 /bin/sh
 0.0  0.0 grep
 0.1  0.1 python3
 4.3  0.0 pigpiod
 % CPU % MEM ARGS Sat 23 Apr 23:28:52 +07 2022
 0.0  0.0 /bin/sh
 0.0  0.0 /bin/sh
 0.0  0.0 grep
 0.1  0.1 python3
 4.3  0.0 pigpiod
 % CPU % MEM ARGS Sat 23 Apr 23:28:53 +07 2022
 0.0  0.0 /bin/sh
 0.0  0.0 /bin/sh
 0.0  0.0 grep
 0.1  0.1 python3
 4.3  0.0 pigpiod
 % CPU % MEM ARGS Sat 23 Apr 23:28:54 +07 2022
 0.0  0.0 /bin/sh
 0.0  0.0 /bin/sh
 0.0  0.0 grep
 0.1  0.1 python3
 4.3  0.0 pigpiod
 % CPU % MEM ARGS Sat 23 Apr 23:28:55 +07 2022
 0.0  0.0 /bin/sh
 0.0  0.0 /bin/sh
 0.0  0.0 grep
 0.1  0.1 python3
 4.3  0.0 pigpiod
