 % CPU % MEM ARGS Sat 23 Apr 23:28:55 +07 2022
 0.0  0.0 /bin/sh
 0.0  0.0 /bin/sh
 0.0  0.0 grep
 0.1  0.1 python3
 4.3  0.0 pigpiod
 % CPU % MEM ARGS Sat 23 Apr 23:28:56 +07 2022
 0.0  0.0 /bin/sh
 0.0  0.0 /bin/sh
 0.0  0.0 grep
 0.1  0.1 python3
 4.3  0.0 pigpiod
 % CPU % MEM ARGS Sat 23 Apr 23:28:57 +07 2022
 0.0  0.0 /bin/sh
 0.0  0.0 /bin/sh
 0.0  0.0 grep
 0.1  0.1 python3
 4.3  0.0 pigpiod
 % CPU % MEM ARGS Sat 23 Apr 23:28:58 +07 2022
 0.0  0.0 /bin/sh
 0.0  0.0 /bin/sh
 0.0  0.0 grep
 0.1  0.1 python3
 4.3  0.0 pigpiod
 % CPU % MEM ARGS Sat 23 Apr 23:28:59 +07 2022
 0.0  0.0 /bin/sh
 0.0  0.0 /bin/sh
 0.0  0.0 grep
 0.1  0.1 python3
 4.3  0.0 pigpiod
 % CPU % MEM ARGS Sat 23 Apr 23:29:00 +07 2022
 0.0  0.0 /bin/sh
 0.0  0.0 /bin/sh
 0.0  0.0 grep
 0.1  0.1 python3
 4.3  0.0 pigpiod
 % CPU % MEM ARGS Sat 23 Apr 23:29:02 +07 2022
 0.0  0.0 /bin/sh
 0.0  0.0 /bin/sh
 0.0  0.0 grep
 0.1  0.1 python3
 4.3  0.0 pigpiod
 % CPU % MEM ARGS Sat 23 Apr 23:29:03 +07 2022
 0.0  0.0 /bin/sh
 0.0  0.0 /bin/sh
 0.0  0.0 grep
 0.1  0.1 python3
 4.3  0.0 pigpiod
 % CPU % MEM ARGS Sat 23 Apr 23:29:04 +07 2022
 0.0  0.0 /bin/sh
 0.0  0.0 /bin/sh
 0.0  0.0 grep
 0.1  0.1 python3
 4.3  0.0 pigpiod
 % CPU % MEM ARGS Sat 23 Apr 23:29:05 +07 2022
 0.0  0.0 /bin/sh
 0.0  0.0 /bin/sh
 0.0  0.0 grep
 0.1  0.1 python3
 4.3  0.0 pigpiod
 % CPU % MEM ARGS Sat 23 Apr 23:29:06 +07 2022
 0.0  0.0 /bin/sh
 0.0  0.0 /bin/sh
 0.0  0.0 grep
 0.1  0.1 python3
 4.3  0.0 pigpiod
 % CPU % MEM ARGS Sat 23 Apr 23:29:07 +07 2022
 0.0  0.0 /bin/sh
 0.0  0.0 /bin/sh
 0.0  0.0 grep
 0.1  0.1 python3
 4.3  0.0 pigpiod
 % CPU % MEM ARGS Sat 23 Apr 23:29:08 +07 2022
 0.0  0.0 /bin/sh
 0.0  0.0 /bin/sh
 0.0  0.0 grep
 0.1  0.1 python3
 4.3  0.0 pigpiod
 % CPU % MEM ARGS Sat 23 Apr 23:29:09 +07 2022
 0.0  0.0 /bin/sh
 0.0  0.0 /bin/sh
 0.0  0.0 grep
 0.1  0.1 python3
 4.3  0.0 pigpiod
 % CPU % MEM ARGS Sat 23 Apr 23:29:10 +07 2022
 0.0  0.0 /bin/sh
 0.0  0.0 /bin/sh
 0.0  0.0 grep
 0.1  0.1 python3
 4.3  0.0 pigpiod
 % CPU % MEM ARGS Sat 23 Apr 23:29:11 +07 2022
 0.0  0.0 /bin/sh
 0.0  0.0 /bin/sh
 0.0  0.0 grep
 0.1  0.1 python3
 4.3  0.0 pigpiod
 % CPU % MEM ARGS Sat 23 Apr 23:29:12 +07 2022
 0.0  0.0 /bin/sh
 0.0  0.0 /bin/sh
 0.0  0.0 grep
 0.1  0.1 python3
 4.3  0.0 pigpiod
 % CPU % MEM ARGS Sat 23 Apr 23:29:13 +07 2022
 0.0  0.0 /bin/sh
 0.0  0.0 /bin/sh
 0.0  0.0 grep
 0.1  0.1 python3
 4.3  0.0 pigpiod
 % CPU % MEM ARGS Sat 23 Apr 23:29:14 +07 2022
 0.0  0.0 /bin/sh
 0.0  0.0 /bin/sh
 0.0  0.0 grep
 0.1  0.1 python3
 4.3  0.0 pigpiod
 % CPU % MEM ARGS Sat 23 Apr 23:29:15 +07 2022
 0.0  0.0 /bin/sh
 0.0  0.0 /bin/sh
 0.0  0.0 grep
 0.1  0.1 python3
 4.3  0.0 pigpiod
 % CPU % MEM ARGS Sat 23 Apr 23:29:16 +07 2022
 0.0  0.0 /bin/sh
 0.0  0.0 /bin/sh
 0.0  0.0 grep
 0.1  0.1 python3
 4.3  0.0 pigpiod
 % CPU % MEM ARGS Sat 23 Apr 23:29:17 +07 2022
 0.0  0.0 /bin/sh
 0.0  0.0 /bin/sh
 0.0  0.0 grep
 0.1  0.1 python3
 4.3  0.0 pigpiod
 % CPU % MEM ARGS Sat 23 Apr 23:29:18 +07 2022
 0.0  0.0 /bin/sh
 0.0  0.0 /bin/sh
 0.0  0.0 grep
 0.1  0.1 python3
 4.3  0.0 pigpiod
 % CPU % MEM ARGS Sat 23 Apr 23:29:19 +07 2022
 0.0  0.0 /bin/sh
 0.0  0.0 /bin/sh
 0.0  0.0 grep
 0.1  0.1 python3
 4.3  0.0 pigpiod
 % CPU % MEM ARGS Sat 23 Apr 23:29:20 +07 2022
 0.0  0.0 /bin/sh
 0.0  0.0 /bin/sh
 0.0  0.0 grep
 0.1  0.1 python3
 4.3  0.0 pigpiod
 % CPU % MEM ARGS Sat 23 Apr 23:29:21 +07 2022
 0.0  0.0 /bin/sh
 0.0  0.0 /bin/sh
 0.0  0.0 grep
 0.1  0.1 python3
 4.3  0.0 pigpiod
 % CPU % MEM ARGS Sat 23 Apr 23:29:22 +07 2022
 0.0  0.0 /bin/sh
 0.0  0.0 /bin/sh
 0.0  0.0 grep
 0.1  0.1 python3
 4.3  0.0 pigpiod
 % CPU % MEM ARGS Sat 23 Apr 23:29:23 +07 2022
 0.0  0.0 /bin/sh
 0.0  0.0 /bin/sh
 0.0  0.0 grep
 0.1  0.1 python3
 4.3  0.0 pigpiod
 % CPU % MEM ARGS Sat 23 Apr 23:29:24 +07 2022
 0.0  0.0 /bin/sh
 0.0  0.0 /bin/sh
 0.0  0.0 grep
 0.1  0.1 python3
 4.3  0.0 pigpiod
 % CPU % MEM ARGS Sat 23 Apr 23:29:25 +07 2022
 0.0  0.0 /bin/sh
 0.0  0.0 /bin/sh
 0.0  0.0 grep
 0.1  0.1 python3
 4.3  0.0 pigpiod
 % CPU % MEM ARGS Sat 23 Apr 23:29:26 +07 2022
 0.0  0.0 /bin/sh
 0.0  0.0 /bin/sh
 0.0  0.0 grep
 0.1  0.1 python3
 4.3  0.0 pigpiod
 % CPU % MEM ARGS Sat 23 Apr 23:29:27 +07 2022
 0.0  0.0 /bin/sh
 0.0  0.0 /bin/sh
 0.0  0.0 grep
 0.1  0.1 python3
 4.3  0.0 pigpiod
 % CPU % MEM ARGS Sat 23 Apr 23:29:28 +07 2022
 0.0  0.0 /bin/sh
 0.0  0.0 /bin/sh
 0.0  0.0 grep
 0.1  0.1 python3
 4.3  0.0 pigpiod
 % CPU % MEM ARGS Sat 23 Apr 23:29:29 +07 2022
 0.0  0.0 /bin/sh
 0.0  0.0 /bin/sh
 0.0  0.0 grep
 0.1  0.1 python3
 4.3  0.0 pigpiod
 % CPU % MEM ARGS Sat 23 Apr 23:29:30 +07 2022
 0.0  0.0 /bin/sh
 0.0  0.0 /bin/sh
 0.0  0.0 grep
 0.1  0.1 python3
 4.3  0.0 pigpiod
 % CPU % MEM ARGS Sat 23 Apr 23:29:31 +07 2022
 0.0  0.0 /bin/sh
 0.0  0.0 /bin/sh
 0.0  0.0 grep
 0.1  0.1 python3
 4.3  0.0 pigpiod
 % CPU % MEM ARGS Sat 23 Apr 23:29:32 +07 2022
 0.0  0.0 /bin/sh
 0.0  0.0 /bin/sh
 0.0  0.0 grep
 0.1  0.1 python3
 4.3  0.0 pigpiod
 % CPU % MEM ARGS Sat 23 Apr 23:29:33 +07 2022
 0.0  0.0 /bin/sh
 0.0  0.0 /bin/sh
 0.0  0.0 grep
 0.1  0.1 python3
 4.3  0.0 pigpiod
 % CPU % MEM ARGS Sat 23 Apr 23:29:34 +07 2022
 0.0  0.0 /bin/sh
 0.0  0.0 /bin/sh
 0.0  0.0 grep
 0.1  0.1 python3
 4.3  0.0 pigpiod
 % CPU % MEM ARGS Sat 23 Apr 23:29:35 +07 2022
 0.0  0.0 /bin/sh
 0.0  0.0 /bin/sh
 0.0  0.0 grep
 0.1  0.1 python3
 4.3  0.0 pigpiod
 % CPU % MEM ARGS Sat 23 Apr 23:29:36 +07 2022
 0.0  0.0 /bin/sh
 0.0  0.0 /bin/sh
 0.0  0.0 grep
 0.1  0.1 python3
 4.3  0.0 pigpiod
 % CPU % MEM ARGS Sat 23 Apr 23:29:37 +07 2022
 0.0  0.0 /bin/sh
 0.0  0.0 /bin/sh
 0.0  0.0 grep
 0.1  0.1 python3
 4.3  0.0 pigpiod
 % CPU % MEM ARGS Sat 23 Apr 23:29:38 +07 2022
 0.0  0.0 /bin/sh
 0.0  0.0 /bin/sh
 0.0  0.0 grep
 0.1  0.1 python3
 4.3  0.0 pigpiod
 % CPU % MEM ARGS Sat 23 Apr 23:29:39 +07 2022
 0.0  0.0 /bin/sh
 0.0  0.0 /bin/sh
 0.0  0.0 grep
 0.1  0.1 python3
 4.3  0.0 pigpiod
 % CPU % MEM ARGS Sat 23 Apr 23:29:40 +07 2022
 0.0  0.0 /bin/sh
 0.0  0.0 /bin/sh
 0.0  0.0 grep
 0.1  0.1 python3
 4.3  0.0 pigpiod
 % CPU % MEM ARGS Sat 23 Apr 23:29:41 +07 2022
 0.0  0.0 /bin/sh
 0.0  0.0 /bin/sh
 0.0  0.0 grep
 0.1  0.1 python3
 4.3  0.0 pigpiod
 % CPU % MEM ARGS Sat 23 Apr 23:29:43 +07 2022
 0.0  0.0 /bin/sh
 0.0  0.0 /bin/sh
 0.0  0.0 grep
 0.1  0.1 python3
 4.3  0.0 pigpiod
 % CPU % MEM ARGS Sat 23 Apr 23:29:44 +07 2022
 0.0  0.0 /bin/sh
 0.0  0.0 /bin/sh
 0.0  0.0 grep
 0.1  0.1 python3
 4.3  0.0 pigpiod
 % CPU % MEM ARGS Sat 23 Apr 23:29:45 +07 2022
 0.0  0.0 /bin/sh
 0.0  0.0 /bin/sh
 0.0  0.0 grep
 0.1  0.1 python3
 4.3  0.0 pigpiod
 % CPU % MEM ARGS Sat 23 Apr 23:29:46 +07 2022
 0.0  0.0 /bin/sh
 0.0  0.0 /bin/sh
 0.0  0.0 grep
 0.1  0.1 python3
 4.3  0.0 pigpiod
 % CPU % MEM ARGS Sat 23 Apr 23:29:47 +07 2022
 0.0  0.0 /bin/sh
 0.0  0.0 /bin/sh
 0.0  0.0 grep
 0.1  0.1 python3
 4.3  0.0 pigpiod
 % CPU % MEM ARGS Sat 23 Apr 23:29:48 +07 2022
 0.0  0.0 /bin/sh
 0.0  0.0 /bin/sh
 0.0  0.0 grep
 0.1  0.1 python3
 4.3  0.0 pigpiod
 % CPU % MEM ARGS Sat 23 Apr 23:29:49 +07 2022
 0.0  0.0 /bin/sh
 0.0  0.0 /bin/sh
 0.0  0.0 grep
 0.1  0.1 python3
 4.3  0.0 pigpiod
 % CPU % MEM ARGS Sat 23 Apr 23:29:50 +07 2022
 0.0  0.0 /bin/sh
 0.0  0.0 /bin/sh
 0.0  0.0 grep
 0.1  0.1 python3
 4.3  0.0 pigpiod
 % CPU % MEM ARGS Sat 23 Apr 23:29:51 +07 2022
 0.0  0.0 /bin/sh
 0.0  0.0 /bin/sh
 0.0  0.0 grep
 0.1  0.1 python3
 4.3  0.0 pigpiod
 % CPU % MEM ARGS Sat 23 Apr 23:29:52 +07 2022
 0.0  0.0 /bin/sh
 0.0  0.0 /bin/sh
 0.0  0.0 grep
 0.1  0.1 python3
 4.3  0.0 pigpiod
 % CPU % MEM ARGS Sat 23 Apr 23:29:53 +07 2022
 0.0  0.0 /bin/sh
 0.0  0.0 /bin/sh
 0.0  0.0 grep
 0.1  0.1 python3
 4.3  0.0 pigpiod
 % CPU % MEM ARGS Sat 23 Apr 23:29:54 +07 2022
 0.0  0.0 /bin/sh
 0.0  0.0 /bin/sh
 0.0  0.0 grep
 0.1  0.1 python3
 4.3  0.0 pigpiod
 % CPU % MEM ARGS Sat 23 Apr 23:29:55 +07 2022
 0.0  0.0 /bin/sh
 0.0  0.0 /bin/sh
 0.0  0.0 grep
 0.1  0.1 python3
 4.3  0.0 pigpiod
 % CPU % MEM ARGS Sat 23 Apr 23:29:56 +07 2022
 0.0  0.0 /bin/sh
 0.0  0.0 /bin/sh
 0.0  0.0 grep
 0.1  0.1 python3
 4.3  0.0 pigpiod
 % CPU % MEM ARGS Sat 23 Apr 23:29:57 +07 2022
 0.0  0.0 /bin/sh
 0.0  0.0 /bin/sh
 0.0  0.0 grep
 0.1  0.1 python3
 4.3  0.0 pigpiod
 % CPU % MEM ARGS Sat 23 Apr 23:29:58 +07 2022
 0.0  0.0 /bin/sh
 0.0  0.0 /bin/sh
 0.0  0.0 grep
 0.1  0.1 python3
 4.3  0.0 pigpiod
 % CPU % MEM ARGS Sat 23 Apr 23:29:59 +07 2022
 0.0  0.0 /bin/sh
 0.0  0.0 /bin/sh
 0.0  0.0 grep
 0.1  0.1 python3
 4.3  0.0 pigpiod
 % CPU % MEM ARGS Sat 23 Apr 23:30:00 +07 2022
 0.0  0.0 /bin/sh
 0.0  0.0 /bin/sh
 0.0  0.0 grep
 0.1  0.1 python3
 4.3  0.0 pigpiod
 % CPU % MEM ARGS Sat 23 Apr 23:30:01 +07 2022
 0.0  0.0 /bin/sh
 0.0  0.0 /bin/sh
 0.0  0.0 grep
 0.1  0.1 python3
 4.3  0.0 pigpiod
 % CPU % MEM ARGS Sat 23 Apr 23:30:02 +07 2022
 0.0  0.0 /bin/sh
 0.0  0.0 /bin/sh
 0.0  0.0 grep
 0.1  0.1 python3
 4.3  0.0 pigpiod
 % CPU % MEM ARGS Sat 23 Apr 23:30:03 +07 2022
 0.0  0.0 /bin/sh
 0.0  0.0 /bin/sh
 0.0  0.0 grep
 0.1  0.1 python3
 4.3  0.0 pigpiod
 % CPU % MEM ARGS Sat 23 Apr 23:30:04 +07 2022
 0.0  0.0 /bin/sh
 0.0  0.0 /bin/sh
 0.0  0.0 grep
 0.1  0.1 python3
 4.3  0.0 pigpiod
 % CPU % MEM ARGS Sat 23 Apr 23:30:05 +07 2022
 0.0  0.0 /bin/sh
 0.0  0.0 /bin/sh
 0.0  0.0 grep
 0.1  0.1 python3
 4.3  0.0 pigpiod
 % CPU % MEM ARGS Sat 23 Apr 23:30:06 +07 2022
 0.0  0.0 /bin/sh
 0.0  0.0 /bin/sh
 0.0  0.0 grep
 0.1  0.1 python3
 4.3  0.0 pigpiod
 % CPU % MEM ARGS Sat 23 Apr 23:30:07 +07 2022
 0.0  0.0 /bin/sh
 0.0  0.0 /bin/sh
 0.0  0.0 grep
 0.1  0.1 python3
 4.3  0.0 pigpiod
 % CPU % MEM ARGS Sat 23 Apr 23:30:08 +07 2022
 0.0  0.0 /bin/sh
 0.0  0.0 /bin/sh
 0.0  0.0 grep
 0.1  0.1 python3
 4.3  0.0 pigpiod
 % CPU % MEM ARGS Sat 23 Apr 23:30:09 +07 2022
 0.0  0.0 /bin/sh
 0.0  0.0 /bin/sh
 0.0  0.0 grep
 0.1  0.1 python3
 4.3  0.0 pigpiod
 % CPU % MEM ARGS Sat 23 Apr 23:30:10 +07 2022
 0.0  0.0 /bin/sh
 0.0  0.0 /bin/sh
 0.0  0.0 grep
 0.1  0.1 python3
 4.3  0.0 pigpiod
 % CPU % MEM ARGS Sat 23 Apr 23:30:11 +07 2022
 0.0  0.0 /bin/sh
 0.0  0.0 /bin/sh
 0.0  0.0 grep
 0.1  0.1 python3
 4.3  0.0 pigpiod
 % CPU % MEM ARGS Sat 23 Apr 23:30:12 +07 2022
 0.0  0.0 /bin/sh
 0.0  0.0 /bin/sh
 0.0  0.0 grep
 0.1  0.1 python3
 4.3  0.0 pigpiod
 % CPU % MEM ARGS Sat 23 Apr 23:30:13 +07 2022
 0.0  0.0 /bin/sh
 0.0  0.0 /bin/sh
 0.0  0.0 grep
 0.1  0.1 python3
 4.3  0.0 pigpiod
 % CPU % MEM ARGS Sat 23 Apr 23:30:14 +07 2022
 0.0  0.0 /bin/sh
 0.0  0.0 /bin/sh
 0.0  0.0 grep
 0.1  0.1 python3
 4.3  0.0 pigpiod
 % CPU % MEM ARGS Sat 23 Apr 23:30:15 +07 2022
 0.0  0.0 /bin/sh
 0.0  0.0 /bin/sh
 0.0  0.0 grep
 0.1  0.1 python3
 4.3  0.0 pigpiod
 % CPU % MEM ARGS Sat 23 Apr 23:30:16 +07 2022
 0.0  0.0 /bin/sh
 0.0  0.0 /bin/sh
 0.0  0.0 grep
 0.1  0.1 python3
 4.3  0.0 pigpiod
 % CPU % MEM ARGS Sat 23 Apr 23:30:17 +07 2022
 0.0  0.0 /bin/sh
 0.0  0.0 /bin/sh
 0.0  0.0 grep
 0.1  0.1 python3
 4.3  0.0 pigpiod
 % CPU % MEM ARGS Sat 23 Apr 23:30:18 +07 2022
 0.0  0.0 /bin/sh
 0.0  0.0 /bin/sh
 0.0  0.0 grep
 0.1  0.1 python3
 4.3  0.0 pigpiod
 % CPU % MEM ARGS Sat 23 Apr 23:30:19 +07 2022
 0.0  0.0 /bin/sh
 0.0  0.0 /bin/sh
 0.0  0.0 grep
 0.1  0.1 python3
 4.3  0.0 pigpiod
 % CPU % MEM ARGS Sat 23 Apr 23:30:20 +07 2022
 0.0  0.0 /bin/sh
 0.0  0.0 /bin/sh
 0.0  0.0 grep
 0.1  0.1 python3
 4.3  0.0 pigpiod
 % CPU % MEM ARGS Sat 23 Apr 23:30:22 +07 2022
 0.0  0.0 /bin/sh
 0.0  0.0 /bin/sh
 0.0  0.0 grep
 0.1  0.1 python3
 4.3  0.0 pigpiod
 % CPU % MEM ARGS Sat 23 Apr 23:30:23 +07 2022
 0.0  0.0 /bin/sh
 0.0  0.0 /bin/sh
 0.0  0.0 grep
 0.1  0.1 python3
 4.3  0.0 pigpiod
 % CPU % MEM ARGS Sat 23 Apr 23:30:24 +07 2022
 0.0  0.0 /bin/sh
 0.0  0.0 /bin/sh
 0.0  0.0 grep
 0.1  0.1 python3
 4.3  0.0 pigpiod
 % CPU % MEM ARGS Sat 23 Apr 23:30:25 +07 2022
 0.0  0.0 /bin/sh
 0.0  0.0 /bin/sh
 0.0  0.0 grep
 0.1  0.1 python3
 4.3  0.0 pigpiod
 % CPU % MEM ARGS Sat 23 Apr 23:30:26 +07 2022
 0.0  0.0 /bin/sh
 0.0  0.0 /bin/sh
 0.0  0.0 grep
 0.1  0.1 python3
 4.3  0.0 pigpiod
 % CPU % MEM ARGS Sat 23 Apr 23:30:27 +07 2022
 0.0  0.0 /bin/sh
 0.0  0.0 /bin/sh
 0.0  0.0 grep
 0.1  0.1 python3
 4.3  0.0 pigpiod
 % CPU % MEM ARGS Sat 23 Apr 23:30:28 +07 2022
 0.0  0.0 /bin/sh
 0.0  0.0 /bin/sh
 0.0  0.0 grep
 0.1  0.1 python3
 4.3  0.0 pigpiod
 % CPU % MEM ARGS Sat 23 Apr 23:30:29 +07 2022
 0.0  0.0 /bin/sh
 0.0  0.0 /bin/sh
 0.0  0.0 grep
 0.1  0.1 python3
 4.3  0.0 pigpiod
 % CPU % MEM ARGS Sat 23 Apr 23:30:30 +07 2022
 0.0  0.0 /bin/sh
 0.0  0.0 /bin/sh
 0.0  0.0 grep
 0.1  0.1 python3
 4.3  0.0 pigpiod
 % CPU % MEM ARGS Sat 23 Apr 23:30:31 +07 2022
 0.0  0.0 /bin/sh
 0.0  0.0 /bin/sh
 0.0  0.0 grep
 0.1  0.1 python3
 4.3  0.0 pigpiod
 % CPU % MEM ARGS Sat 23 Apr 23:30:32 +07 2022
 0.0  0.0 /bin/sh
 0.0  0.0 /bin/sh
 0.0  0.0 grep
 0.1  0.1 python3
 4.3  0.0 pigpiod
 % CPU % MEM ARGS Sat 23 Apr 23:30:33 +07 2022
 0.0  0.0 /bin/sh
 0.0  0.0 /bin/sh
 0.0  0.0 grep
 0.1  0.1 python3
 4.3  0.0 pigpiod
 % CPU % MEM ARGS Sat 23 Apr 23:30:34 +07 2022
 0.0  0.0 /bin/sh
 0.0  0.0 /bin/sh
 0.0  0.0 grep
 0.1  0.1 python3
 4.3  0.0 pigpiod
 % CPU % MEM ARGS Sat 23 Apr 23:30:35 +07 2022
 0.0  0.0 /bin/sh
 0.0  0.0 /bin/sh
 0.0  0.0 grep
 0.1  0.1 python3
 4.3  0.0 pigpiod
 % CPU % MEM ARGS Sat 23 Apr 23:30:36 +07 2022
 0.0  0.0 /bin/sh
 0.0  0.0 /bin/sh
 0.0  0.0 grep
 0.1  0.1 python3
 4.3  0.0 pigpiod
 % CPU % MEM ARGS Sat 23 Apr 23:30:37 +07 2022
 0.0  0.0 /bin/sh
 0.0  0.0 /bin/sh
 0.0  0.0 grep
 0.1  0.1 python3
 4.3  0.0 pigpiod
 % CPU % MEM ARGS Sat 23 Apr 23:30:38 +07 2022
 0.0  0.0 /bin/sh
 0.0  0.0 /bin/sh
 0.0  0.0 grep
 0.1  0.1 python3
 4.3  0.0 pigpiod
 % CPU % MEM ARGS Sat 23 Apr 23:30:39 +07 2022
 0.0  0.0 /bin/sh
 0.0  0.0 /bin/sh
 0.0  0.0 grep
 0.1  0.1 python3
 4.3  0.0 pigpiod
 % CPU % MEM ARGS Sat 23 Apr 23:30:40 +07 2022
 0.0  0.0 /bin/sh
 0.0  0.0 /bin/sh
 0.0  0.0 grep
 0.1  0.1 python3
 4.3  0.0 pigpiod
 % CPU % MEM ARGS Sat 23 Apr 23:30:41 +07 2022
 0.0  0.0 /bin/sh
 0.0  0.0 /bin/sh
 0.0  0.0 grep
 0.1  0.1 python3
 4.3  0.0 pigpiod
 % CPU % MEM ARGS Sat 23 Apr 23:30:42 +07 2022
 0.0  0.0 /bin/sh
 0.0  0.0 /bin/sh
 0.0  0.0 grep
 0.1  0.1 python3
 4.3  0.0 pigpiod
 % CPU % MEM ARGS Sat 23 Apr 23:30:43 +07 2022
 0.0  0.0 /bin/sh
 0.0  0.0 /bin/sh
 0.0  0.0 grep
 0.1  0.1 python3
 4.3  0.0 pigpiod
 % CPU % MEM ARGS Sat 23 Apr 23:30:44 +07 2022
 0.0  0.0 /bin/sh
 0.0  0.0 /bin/sh
 0.0  0.0 grep
 0.1  0.1 python3
 4.3  0.0 pigpiod
 % CPU % MEM ARGS Sat 23 Apr 23:30:45 +07 2022
 0.0  0.0 /bin/sh
 0.0  0.0 /bin/sh
 0.0  0.0 grep
 0.1  0.1 python3
 4.3  0.0 pigpiod
 % CPU % MEM ARGS Sat 23 Apr 23:30:46 +07 2022
 0.0  0.0 /bin/sh
 0.0  0.0 /bin/sh
 0.0  0.0 grep
 0.1  0.1 python3
 4.3  0.0 pigpiod
 % CPU % MEM ARGS Sat 23 Apr 23:30:47 +07 2022
 0.0  0.0 /bin/sh
 0.0  0.0 /bin/sh
 0.0  0.0 grep
 0.1  0.1 python3
 4.3  0.0 pigpiod
 % CPU % MEM ARGS Sat 23 Apr 23:30:48 +07 2022
 0.0  0.0 /bin/sh
 0.0  0.0 /bin/sh
 0.0  0.0 grep
 0.1  0.1 python3
 4.3  0.0 pigpiod
 % CPU % MEM ARGS Sat 23 Apr 23:30:49 +07 2022
 0.0  0.0 /bin/sh
 0.0  0.0 /bin/sh
 0.0  0.0 grep
 0.1  0.1 python3
 4.3  0.0 pigpiod
 % CPU % MEM ARGS Sat 23 Apr 23:30:50 +07 2022
 0.0  0.0 /bin/sh
 0.0  0.0 /bin/sh
 0.0  0.0 grep
 0.1  0.1 python3
 4.3  0.0 pigpiod
 % CPU % MEM ARGS Sat 23 Apr 23:30:51 +07 2022
 0.0  0.0 /bin/sh
 0.0  0.0 /bin/sh
 0.0  0.0 grep
 0.1  0.1 python3
 4.3  0.0 pigpiod
 % CPU % MEM ARGS Sat 23 Apr 23:30:52 +07 2022
 0.0  0.0 /bin/sh
 0.0  0.0 /bin/sh
 0.0  0.0 grep
 0.1  0.1 python3
 4.3  0.0 pigpiod
 % CPU % MEM ARGS Sat 23 Apr 23:30:53 +07 2022
 0.0  0.0 /bin/sh
 0.0  0.0 /bin/sh
 0.0  0.0 grep
 0.1  0.1 python3
 4.3  0.0 pigpiod
 % CPU % MEM ARGS Sat 23 Apr 23:30:54 +07 2022
 0.0  0.0 /bin/sh
 0.0  0.0 /bin/sh
 0.0  0.0 grep
 0.1  0.1 python3
 4.3  0.0 pigpiod
 % CPU % MEM ARGS Sat 23 Apr 23:30:55 +07 2022
 0.0  0.0 /bin/sh
 0.0  0.0 /bin/sh
 0.0  0.0 grep
 0.1  0.1 python3
 4.3  0.0 pigpiod
 % CPU % MEM ARGS Sat 23 Apr 23:30:56 +07 2022
 0.0  0.0 /bin/sh
 0.0  0.0 /bin/sh
 0.0  0.0 grep
 0.1  0.1 python3
 4.3  0.0 pigpiod
 % CPU % MEM ARGS Sat 23 Apr 23:30:57 +07 2022
 0.0  0.0 /bin/sh
 0.0  0.0 /bin/sh
 0.0  0.0 grep
 0.1  0.1 python3
 4.3  0.0 pigpiod
 % CPU % MEM ARGS Sat 23 Apr 23:30:58 +07 2022
 0.0  0.0 /bin/sh
 0.0  0.0 /bin/sh
 0.0  0.0 grep
 0.1  0.1 python3
 4.3  0.0 pigpiod
 % CPU % MEM ARGS Sat 23 Apr 23:30:59 +07 2022
 0.0  0.0 /bin/sh
 0.0  0.0 /bin/sh
 0.0  0.0 grep
 0.1  0.1 python3
 4.3  0.0 pigpiod
 % CPU % MEM ARGS Sat 23 Apr 23:31:00 +07 2022
 0.0  0.0 /bin/sh
 0.0  0.0 /bin/sh
 0.0  0.0 grep
 0.1  0.1 python3
 4.3  0.0 pigpiod
 % CPU % MEM ARGS Sat 23 Apr 23:31:02 +07 2022
 0.0  0.0 /bin/sh
 0.0  0.0 /bin/sh
 0.0  0.0 grep
 0.1  0.1 python3
 4.3  0.0 pigpiod
 % CPU % MEM ARGS Sat 23 Apr 23:31:03 +07 2022
 0.0  0.0 /bin/sh
 0.0  0.0 /bin/sh
 0.0  0.0 grep
 0.1  0.1 python3
 4.3  0.0 pigpiod
 % CPU % MEM ARGS Sat 23 Apr 23:31:04 +07 2022
 0.0  0.0 /bin/sh
 0.0  0.0 /bin/sh
 0.0  0.0 grep
 0.1  0.1 python3
 4.3  0.0 pigpiod
 % CPU % MEM ARGS Sat 23 Apr 23:31:05 +07 2022
 0.0  0.0 /bin/sh
 0.0  0.0 /bin/sh
 0.0  0.0 grep
 0.1  0.1 python3
 4.3  0.0 pigpiod
 % CPU % MEM ARGS Sat 23 Apr 23:31:06 +07 2022
 0.0  0.0 /bin/sh
 0.0  0.0 /bin/sh
 0.0  0.0 grep
 0.1  0.1 python3
 4.3  0.0 pigpiod
 % CPU % MEM ARGS Sat 23 Apr 23:31:07 +07 2022
 0.0  0.0 /bin/sh
 0.0  0.0 /bin/sh
 0.0  0.0 grep
 0.1  0.1 python3
 4.3  0.0 pigpiod
 % CPU % MEM ARGS Sat 23 Apr 23:31:08 +07 2022
 0.0  0.0 /bin/sh
 0.0  0.0 /bin/sh
 0.0  0.0 grep
 0.1  0.1 python3
 4.3  0.0 pigpiod
 % CPU % MEM ARGS Sat 23 Apr 23:31:09 +07 2022
 0.0  0.0 /bin/sh
 0.0  0.0 /bin/sh
 0.0  0.0 grep
 0.1  0.1 python3
 4.3  0.0 pigpiod
 % CPU % MEM ARGS Sat 23 Apr 23:31:10 +07 2022
 0.0  0.0 /bin/sh
 0.0  0.0 /bin/sh
 0.0  0.0 grep
 0.1  0.1 python3
 4.3  0.0 pigpiod
 % CPU % MEM ARGS Sat 23 Apr 23:31:11 +07 2022
 0.0  0.0 /bin/sh
 0.0  0.0 /bin/sh
 0.0  0.0 grep
 0.1  0.1 python3
 4.3  0.0 pigpiod
 % CPU % MEM ARGS Sat 23 Apr 23:31:12 +07 2022
 0.0  0.0 /bin/sh
 0.0  0.0 /bin/sh
 0.0  0.0 grep
 0.1  0.1 python3
 4.3  0.0 pigpiod
 % CPU % MEM ARGS Sat 23 Apr 23:31:13 +07 2022
 0.0  0.0 /bin/sh
 0.0  0.0 /bin/sh
 0.0  0.0 grep
 0.1  0.1 python3
 4.3  0.0 pigpiod
 % CPU % MEM ARGS Sat 23 Apr 23:31:14 +07 2022
 0.0  0.0 /bin/sh
 0.0  0.0 /bin/sh
 0.0  0.0 grep
 0.1  0.1 python3
 4.3  0.0 pigpiod
 % CPU % MEM ARGS Sat 23 Apr 23:31:15 +07 2022
 0.0  0.0 /bin/sh
 0.0  0.0 /bin/sh
 0.0  0.0 grep
 0.1  0.1 python3
 4.3  0.0 pigpiod
 % CPU % MEM ARGS Sat 23 Apr 23:31:16 +07 2022
 0.0  0.0 /bin/sh
 0.0  0.0 /bin/sh
 0.0  0.0 grep
 0.1  0.1 python3
 4.3  0.0 pigpiod
 % CPU % MEM ARGS Sat 23 Apr 23:31:17 +07 2022
 0.0  0.0 /bin/sh
 0.0  0.0 /bin/sh
 0.0  0.0 grep
 0.1  0.1 python3
 4.3  0.0 pigpiod
 % CPU % MEM ARGS Sat 23 Apr 23:31:18 +07 2022
 0.0  0.0 /bin/sh
 0.0  0.0 /bin/sh
 0.0  0.0 grep
 0.1  0.1 python3
 4.3  0.0 pigpiod
 % CPU % MEM ARGS Sat 23 Apr 23:31:19 +07 2022
 0.0  0.0 /bin/sh
 0.0  0.0 /bin/sh
 0.0  0.0 grep
 0.1  0.1 python3
 4.3  0.0 pigpiod
 % CPU % MEM ARGS Sat 23 Apr 23:31:20 +07 2022
 0.0  0.0 /bin/sh
 0.0  0.0 /bin/sh
 0.0  0.0 grep
 0.1  0.1 python3
 4.3  0.0 pigpiod
 % CPU % MEM ARGS Sat 23 Apr 23:31:21 +07 2022
 0.0  0.0 /bin/sh
 0.0  0.0 /bin/sh
 0.0  0.0 grep
 0.1  0.1 python3
 4.3  0.0 pigpiod
 % CPU % MEM ARGS Sat 23 Apr 23:31:22 +07 2022
 0.0  0.0 /bin/sh
 0.0  0.0 /bin/sh
 0.0  0.0 grep
 0.1  0.1 python3
 4.3  0.0 pigpiod
 % CPU % MEM ARGS Sat 23 Apr 23:31:23 +07 2022
 0.0  0.0 /bin/sh
 0.0  0.0 /bin/sh
 0.0  0.0 grep
 0.1  0.1 python3
 4.3  0.0 pigpiod
 % CPU % MEM ARGS Sat 23 Apr 23:31:24 +07 2022
 0.0  0.0 /bin/sh
 0.0  0.0 /bin/sh
 0.0  0.0 grep
 0.1  0.1 python3
 4.3  0.0 pigpiod
 % CPU % MEM ARGS Sat 23 Apr 23:31:25 +07 2022
 0.0  0.0 /bin/sh
 0.0  0.0 /bin/sh
 0.0  0.0 grep
 0.1  0.1 python3
 4.3  0.0 pigpiod
 % CPU % MEM ARGS Sat 23 Apr 23:31:26 +07 2022
 0.0  0.0 /bin/sh
 0.0  0.0 /bin/sh
 0.0  0.0 grep
 0.1  0.1 python3
 4.3  0.0 pigpiod
 % CPU % MEM ARGS Sat 23 Apr 23:31:27 +07 2022
 0.0  0.0 /bin/sh
 0.0  0.0 /bin/sh
 0.0  0.0 grep
 0.1  0.1 python3
 4.3  0.0 pigpiod
 % CPU % MEM ARGS Sat 23 Apr 23:31:28 +07 2022
 0.0  0.0 /bin/sh
 0.0  0.0 /bin/sh
 0.0  0.0 grep
 0.1  0.1 python3
 4.3  0.0 pigpiod
 % CPU % MEM ARGS Sat 23 Apr 23:31:29 +07 2022
 0.0  0.0 /bin/sh
 0.0  0.0 /bin/sh
 0.0  0.0 grep
 0.1  0.1 python3
 4.3  0.0 pigpiod
 % CPU % MEM ARGS Sat 23 Apr 23:31:30 +07 2022
 0.0  0.0 /bin/sh
 0.0  0.0 /bin/sh
 0.0  0.0 grep
 0.1  0.1 python3
 4.3  0.0 pigpiod
 % CPU % MEM ARGS Sat 23 Apr 23:31:31 +07 2022
 0.0  0.0 /bin/sh
 0.0  0.0 /bin/sh
 0.0  0.0 grep
 0.1  0.1 python3
 4.3  0.0 pigpiod
 % CPU % MEM ARGS Sat 23 Apr 23:31:32 +07 2022
 0.0  0.0 /bin/sh
 0.0  0.0 /bin/sh
 0.0  0.0 grep
 0.1  0.1 python3
 4.3  0.0 pigpiod
 % CPU % MEM ARGS Sat 23 Apr 23:31:33 +07 2022
 0.0  0.0 /bin/sh
 0.0  0.0 /bin/sh
 0.0  0.0 grep
 0.1  0.1 python3
 4.3  0.0 pigpiod
 % CPU % MEM ARGS Sat 23 Apr 23:31:34 +07 2022
 0.0  0.0 /bin/sh
 0.0  0.0 /bin/sh
 0.0  0.0 grep
 0.1  0.1 python3
 4.3  0.0 pigpiod
 % CPU % MEM ARGS Sat 23 Apr 23:31:35 +07 2022
 0.0  0.0 /bin/sh
 0.0  0.0 /bin/sh
 0.0  0.0 grep
 0.1  0.1 python3
 4.3  0.0 pigpiod
 % CPU % MEM ARGS Sat 23 Apr 23:31:36 +07 2022
 0.0  0.0 /bin/sh
 0.0  0.0 /bin/sh
 0.0  0.0 grep
 0.1  0.1 python3
 4.3  0.0 pigpiod
 % CPU % MEM ARGS Sat 23 Apr 23:31:37 +07 2022
 0.0  0.0 /bin/sh
 0.0  0.0 /bin/sh
 0.0  0.0 grep
 0.1  0.1 python3
 4.3  0.0 pigpiod
 % CPU % MEM ARGS Sat 23 Apr 23:31:38 +07 2022
 0.0  0.0 /bin/sh
 0.0  0.0 /bin/sh
 0.0  0.0 grep
 0.1  0.1 python3
 4.3  0.0 pigpiod
 % CPU % MEM ARGS Sat 23 Apr 23:31:39 +07 2022
 0.0  0.0 /bin/sh
 0.0  0.0 /bin/sh
 0.0  0.0 grep
 0.1  0.1 python3
 4.3  0.0 pigpiod
 % CPU % MEM ARGS Sat 23 Apr 23:31:40 +07 2022
 0.0  0.0 /bin/sh
 0.0  0.0 /bin/sh
 0.0  0.0 grep
 0.1  0.1 python3
 4.3  0.0 pigpiod
 % CPU % MEM ARGS Sat 23 Apr 23:31:41 +07 2022
 0.0  0.0 /bin/sh
 0.0  0.0 /bin/sh
 0.0  0.0 grep
 0.2  0.1 python3
 4.3  0.0 pigpiod
 % CPU % MEM ARGS Sat 23 Apr 23:31:42 +07 2022
 0.0  0.0 /bin/sh
 0.0  0.0 /bin/sh
 0.0  0.0 grep
 0.2  0.1 python3
 4.3  0.0 pigpiod
 % CPU % MEM ARGS Sat 23 Apr 23:31:44 +07 2022
 0.0  0.0 /bin/sh
 0.0  0.0 /bin/sh
 0.0  0.0 grep
 0.1  0.1 python3
 4.3  0.0 pigpiod
 % CPU % MEM ARGS Sat 23 Apr 23:31:45 +07 2022
 0.0  0.0 /bin/sh
 0.0  0.0 /bin/sh
 0.0  0.0 grep
 0.1  0.1 python3
 4.3  0.0 pigpiod
 % CPU % MEM ARGS Sat 23 Apr 23:31:46 +07 2022
 0.0  0.0 /bin/sh
 0.0  0.0 /bin/sh
 0.0  0.0 grep
 0.1  0.1 python3
 4.3  0.0 pigpiod
 % CPU % MEM ARGS Sat 23 Apr 23:31:47 +07 2022
 0.0  0.0 /bin/sh
 0.0  0.0 /bin/sh
 0.0  0.0 grep
 0.1  0.1 python3
 4.3  0.0 pigpiod
 % CPU % MEM ARGS Sat 23 Apr 23:31:48 +07 2022
 0.0  0.0 /bin/sh
 0.0  0.0 /bin/sh
 0.0  0.0 grep
 0.1  0.1 python3
 4.3  0.0 pigpiod
 % CPU % MEM ARGS Sat 23 Apr 23:31:49 +07 2022
 0.0  0.0 /bin/sh
 0.0  0.0 /bin/sh
 0.0  0.0 grep
 0.1  0.1 python3
 4.3  0.0 pigpiod
 % CPU % MEM ARGS Sat 23 Apr 23:31:50 +07 2022
 0.0  0.0 /bin/sh
 0.0  0.0 /bin/sh
 0.0  0.0 grep
 0.1  0.1 python3
 4.3  0.0 pigpiod
 % CPU % MEM ARGS Sat 23 Apr 23:31:51 +07 2022
 0.0  0.0 /bin/sh
 0.0  0.0 /bin/sh
 0.0  0.0 grep
 0.2  0.1 python3
 4.3  0.0 pigpiod
 % CPU % MEM ARGS Sat 23 Apr 23:31:52 +07 2022
 0.0  0.0 /bin/sh
 0.0  0.0 /bin/sh
 0.0  0.0 grep
 0.2  0.1 python3
 4.3  0.0 pigpiod
 % CPU % MEM ARGS Sat 23 Apr 23:31:53 +07 2022
 0.0  0.0 /bin/sh
 0.0  0.0 /bin/sh
 0.0  0.0 grep
 0.2  0.1 python3
 4.3  0.0 pigpiod
 % CPU % MEM ARGS Sat 23 Apr 23:31:54 +07 2022
 0.0  0.0 /bin/sh
 0.0  0.0 /bin/sh
 0.0  0.0 grep
 0.2  0.1 python3
 4.3  0.0 pigpiod
 % CPU % MEM ARGS Sat 23 Apr 23:31:55 +07 2022
 0.0  0.0 /bin/sh
 0.0  0.0 /bin/sh
 0.0  0.0 grep
 0.2  0.1 python3
 4.3  0.0 pigpiod
 % CPU % MEM ARGS Sat 23 Apr 23:31:56 +07 2022
 0.0  0.0 /bin/sh
 0.0  0.0 /bin/sh
 0.0  0.0 grep
 0.2  0.1 python3
 4.3  0.0 pigpiod
 % CPU % MEM ARGS Sat 23 Apr 23:31:57 +07 2022
 0.0  0.0 /bin/sh
 0.0  0.0 /bin/sh
 0.0  0.0 grep
 0.2  0.1 python3
 4.3  0.0 pigpiod
 % CPU % MEM ARGS Sat 23 Apr 23:31:58 +07 2022
 0.0  0.0 /bin/sh
 0.0  0.0 /bin/sh
 0.0  0.0 grep
 0.1  0.1 python3
 4.3  0.0 pigpiod
 % CPU % MEM ARGS Sat 23 Apr 23:31:59 +07 2022
 0.0  0.0 /bin/sh
 0.0  0.0 /bin/sh
 0.0  0.0 grep
 0.1  0.1 python3
 4.3  0.0 pigpiod
