 % CPU % MEM ARGS Sat 23 Apr 23:32:00 +07 2022
 0.0  0.0 /bin/sh
 0.0  0.0 /bin/sh
 0.0  0.0 grep
 0.2  0.1 python3
 4.3  0.0 pigpiod
 % CPU % MEM ARGS Sat 23 Apr 23:32:01 +07 2022
 0.0  0.0 /bin/sh
 0.0  0.0 /bin/sh
 0.0  0.0 grep
 0.2  0.1 python3
 4.3  0.0 pigpiod
 % CPU % MEM ARGS Sat 23 Apr 23:32:02 +07 2022
 0.0  0.0 /bin/sh
 0.0  0.0 /bin/sh
 0.0  0.0 grep
 0.2  0.1 python3
 4.3  0.0 pigpiod
 % CPU % MEM ARGS Sat 23 Apr 23:32:03 +07 2022
 0.0  0.0 /bin/sh
 0.0  0.0 /bin/sh
 0.0  0.0 grep
 0.2  0.1 python3
 4.3  0.0 pigpiod
 % CPU % MEM ARGS Sat 23 Apr 23:32:04 +07 2022
 0.0  0.0 /bin/sh
 0.0  0.0 /bin/sh
 0.0  0.0 grep
 0.2  0.1 python3
 4.3  0.0 pigpiod
 % CPU % MEM ARGS Sat 23 Apr 23:32:05 +07 2022
 0.0  0.0 /bin/sh
 0.0  0.0 /bin/sh
 0.0  0.0 grep
 0.2  0.1 python3
 4.3  0.0 pigpiod
 % CPU % MEM ARGS Sat 23 Apr 23:32:06 +07 2022
 0.0  0.0 /bin/sh
 0.0  0.0 /bin/sh
 0.0  0.0 grep
 0.2  0.1 python3
 4.3  0.0 pigpiod
 % CPU % MEM ARGS Sat 23 Apr 23:32:07 +07 2022
 0.0  0.0 /bin/sh
 0.0  0.0 /bin/sh
 0.0  0.0 grep
 0.2  0.1 python3
 4.3  0.0 pigpiod
 % CPU % MEM ARGS Sat 23 Apr 23:32:08 +07 2022
 0.0  0.0 /bin/sh
 0.0  0.0 /bin/sh
 0.0  0.0 grep
 0.2  0.1 python3
 4.3  0.0 pigpiod
 % CPU % MEM ARGS Sat 23 Apr 23:32:09 +07 2022
 0.0  0.0 /bin/sh
 0.0  0.0 /bin/sh
 0.0  0.0 grep
 0.2  0.1 python3
 4.3  0.0 pigpiod
 % CPU % MEM ARGS Sat 23 Apr 23:32:10 +07 2022
 0.0  0.0 /bin/sh
 0.0  0.0 /bin/sh
 0.0  0.0 grep
 0.2  0.1 python3
 4.3  0.0 pigpiod
 % CPU % MEM ARGS Sat 23 Apr 23:32:11 +07 2022
 0.0  0.0 /bin/sh
 0.0  0.0 /bin/sh
 0.0  0.0 grep
 0.2  0.1 python3
 4.3  0.0 pigpiod
 % CPU % MEM ARGS Sat 23 Apr 23:32:12 +07 2022
 0.0  0.0 /bin/sh
 0.0  0.0 /bin/sh
 0.0  0.0 grep
 0.2  0.1 python3
 4.3  0.0 pigpiod
 % CPU % MEM ARGS Sat 23 Apr 23:32:13 +07 2022
 0.0  0.0 /bin/sh
 0.0  0.0 /bin/sh
 0.0  0.0 grep
 0.2  0.1 python3
 4.3  0.0 pigpiod
 % CPU % MEM ARGS Sat 23 Apr 23:32:14 +07 2022
 0.0  0.0 /bin/sh
 0.0  0.0 /bin/sh
 0.0  0.0 grep
 0.2  0.1 python3
 4.3  0.0 pigpiod
 % CPU % MEM ARGS Sat 23 Apr 23:32:15 +07 2022
 0.0  0.0 /bin/sh
 0.0  0.0 /bin/sh
 0.0  0.0 grep
 0.2  0.1 python3
 4.3  0.0 pigpiod
 % CPU % MEM ARGS Sat 23 Apr 23:32:16 +07 2022
 0.0  0.0 /bin/sh
 0.0  0.0 /bin/sh
 0.0  0.0 grep
 0.2  0.1 python3
 4.3  0.0 pigpiod
 % CPU % MEM ARGS Sat 23 Apr 23:32:17 +07 2022
 0.0  0.0 /bin/sh
 0.0  0.0 /bin/sh
 0.0  0.0 grep
 0.2  0.1 python3
 4.3  0.0 pigpiod
 % CPU % MEM ARGS Sat 23 Apr 23:32:18 +07 2022
 0.0  0.0 /bin/sh
 0.0  0.0 /bin/sh
 0.0  0.0 grep
 0.2  0.1 python3
 4.3  0.0 pigpiod
 % CPU % MEM ARGS Sat 23 Apr 23:32:19 +07 2022
 0.0  0.0 /bin/sh
 0.0  0.0 /bin/sh
 0.0  0.0 grep
 0.2  0.1 python3
 4.3  0.0 pigpiod
 % CPU % MEM ARGS Sat 23 Apr 23:32:20 +07 2022
 0.0  0.0 /bin/sh
 0.0  0.0 /bin/sh
 0.0  0.0 grep
 0.2  0.1 python3
 4.3  0.0 pigpiod
 % CPU % MEM ARGS Sat 23 Apr 23:32:21 +07 2022
 0.0  0.0 /bin/sh
 0.0  0.0 /bin/sh
 0.0  0.0 grep
 0.2  0.1 python3
 4.3  0.0 pigpiod
 % CPU % MEM ARGS Sat 23 Apr 23:32:22 +07 2022
 0.0  0.0 /bin/sh
 0.0  0.0 /bin/sh
 0.0  0.0 grep
 0.2  0.1 python3
 4.3  0.0 pigpiod
 % CPU % MEM ARGS Sat 23 Apr 23:32:23 +07 2022
 0.0  0.0 /bin/sh
 0.0  0.0 /bin/sh
 0.0  0.0 grep
 0.2  0.1 python3
 4.3  0.0 pigpiod
 % CPU % MEM ARGS Sat 23 Apr 23:32:25 +07 2022
 0.0  0.0 /bin/sh
 0.0  0.0 /bin/sh
 0.0  0.0 grep
 0.2  0.1 python3
 4.3  0.0 pigpiod
 % CPU % MEM ARGS Sat 23 Apr 23:32:26 +07 2022
 0.0  0.0 /bin/sh
 0.0  0.0 /bin/sh
 0.0  0.0 grep
 0.2  0.1 python3
 4.3  0.0 pigpiod
 % CPU % MEM ARGS Sat 23 Apr 23:32:27 +07 2022
 0.0  0.0 /bin/sh
 0.0  0.0 /bin/sh
 0.0  0.0 grep
 0.2  0.1 python3
 4.3  0.0 pigpiod
 % CPU % MEM ARGS Sat 23 Apr 23:32:28 +07 2022
 0.0  0.0 /bin/sh
 0.0  0.0 /bin/sh
 0.0  0.0 grep
 0.2  0.1 python3
 4.3  0.0 pigpiod
 % CPU % MEM ARGS Sat 23 Apr 23:32:29 +07 2022
 0.0  0.0 /bin/sh
 0.0  0.0 /bin/sh
 0.0  0.0 grep
 0.2  0.1 python3
 4.3  0.0 pigpiod
 % CPU % MEM ARGS Sat 23 Apr 23:32:30 +07 2022
 0.0  0.0 /bin/sh
 0.0  0.0 /bin/sh
 0.0  0.0 grep
 0.2  0.1 python3
 4.3  0.0 pigpiod
 % CPU % MEM ARGS Sat 23 Apr 23:32:31 +07 2022
 0.0  0.0 /bin/sh
 0.0  0.0 /bin/sh
 0.0  0.0 grep
 0.2  0.1 python3
 4.3  0.0 pigpiod
 % CPU % MEM ARGS Sat 23 Apr 23:32:32 +07 2022
 0.0  0.0 /bin/sh
 0.0  0.0 /bin/sh
 0.0  0.0 grep
 0.2  0.1 python3
 4.3  0.0 pigpiod
 % CPU % MEM ARGS Sat 23 Apr 23:32:33 +07 2022
 0.0  0.0 /bin/sh
 0.0  0.0 /bin/sh
 0.0  0.0 grep
 0.2  0.1 python3
 4.3  0.0 pigpiod
 % CPU % MEM ARGS Sat 23 Apr 23:32:34 +07 2022
 0.0  0.0 /bin/sh
 0.0  0.0 /bin/sh
 0.0  0.0 grep
 0.2  0.1 python3
 4.3  0.0 pigpiod
 % CPU % MEM ARGS Sat 23 Apr 23:32:35 +07 2022
 0.0  0.0 /bin/sh
 0.0  0.0 /bin/sh
 0.0  0.0 grep
 0.2  0.1 python3
 4.3  0.0 pigpiod
 % CPU % MEM ARGS Sat 23 Apr 23:32:36 +07 2022
 0.0  0.0 /bin/sh
 0.0  0.0 /bin/sh
 0.0  0.0 grep
 0.2  0.1 python3
 4.3  0.0 pigpiod
 % CPU % MEM ARGS Sat 23 Apr 23:32:37 +07 2022
 0.0  0.0 /bin/sh
 0.0  0.0 /bin/sh
 0.0  0.0 grep
 0.2  0.1 python3
 4.3  0.0 pigpiod
 % CPU % MEM ARGS Sat 23 Apr 23:32:38 +07 2022
 0.0  0.0 /bin/sh
 0.0  0.0 /bin/sh
 0.0  0.0 grep
 0.2  0.1 python3
 4.3  0.0 pigpiod
 % CPU % MEM ARGS Sat 23 Apr 23:32:39 +07 2022
 0.0  0.0 /bin/sh
 0.0  0.0 /bin/sh
 0.0  0.0 grep
 0.2  0.1 python3
 4.3  0.0 pigpiod
 % CPU % MEM ARGS Sat 23 Apr 23:32:40 +07 2022
 0.0  0.0 /bin/sh
 0.0  0.0 /bin/sh
 0.0  0.0 grep
 0.2  0.1 python3
 4.3  0.0 pigpiod
 % CPU % MEM ARGS Sat 23 Apr 23:32:41 +07 2022
 0.0  0.0 /bin/sh
 0.0  0.0 /bin/sh
 0.0  0.0 grep
 0.2  0.1 python3
 4.3  0.0 pigpiod
 % CPU % MEM ARGS Sat 23 Apr 23:32:42 +07 2022
 0.0  0.0 /bin/sh
 0.0  0.0 /bin/sh
 0.0  0.0 grep
 0.2  0.1 python3
 4.3  0.0 pigpiod
 % CPU % MEM ARGS Sat 23 Apr 23:32:43 +07 2022
 0.0  0.0 /bin/sh
 0.0  0.0 /bin/sh
 0.0  0.0 grep
 0.2  0.1 python3
 4.3  0.0 pigpiod
 % CPU % MEM ARGS Sat 23 Apr 23:32:44 +07 2022
 0.0  0.0 /bin/sh
 0.0  0.0 /bin/sh
 0.0  0.0 grep
 0.2  0.1 python3
 4.3  0.0 pigpiod
 % CPU % MEM ARGS Sat 23 Apr 23:32:45 +07 2022
 0.0  0.0 /bin/sh
 0.0  0.0 /bin/sh
 0.0  0.0 grep
 0.2  0.1 python3
 4.3  0.0 pigpiod
 % CPU % MEM ARGS Sat 23 Apr 23:32:46 +07 2022
 0.0  0.0 /bin/sh
 0.0  0.0 /bin/sh
 0.0  0.0 grep
 0.2  0.1 python3
 4.3  0.0 pigpiod
 % CPU % MEM ARGS Sat 23 Apr 23:32:47 +07 2022
 0.0  0.0 /bin/sh
 0.0  0.0 /bin/sh
 0.0  0.0 grep
 0.2  0.1 python3
 4.3  0.0 pigpiod
 % CPU % MEM ARGS Sat 23 Apr 23:32:48 +07 2022
 0.0  0.0 /bin/sh
 0.0  0.0 /bin/sh
 0.0  0.0 grep
 0.2  0.1 python3
 4.3  0.0 pigpiod
 % CPU % MEM ARGS Sat 23 Apr 23:32:49 +07 2022
 0.0  0.0 /bin/sh
 0.0  0.0 /bin/sh
 0.0  0.0 grep
 0.2  0.1 python3
 4.3  0.0 pigpiod
 % CPU % MEM ARGS Sat 23 Apr 23:32:50 +07 2022
 0.0  0.0 /bin/sh
 0.0  0.0 /bin/sh
 0.0  0.0 grep
 0.2  0.1 python3
 4.3  0.0 pigpiod
 % CPU % MEM ARGS Sat 23 Apr 23:32:51 +07 2022
 0.0  0.0 /bin/sh
 0.0  0.0 /bin/sh
 0.0  0.0 grep
 0.2  0.1 python3
 4.3  0.0 pigpiod
 % CPU % MEM ARGS Sat 23 Apr 23:32:52 +07 2022
 0.0  0.0 /bin/sh
 0.0  0.0 /bin/sh
 0.0  0.0 grep
 0.2  0.1 python3
 4.3  0.0 pigpiod
 % CPU % MEM ARGS Sat 23 Apr 23:32:53 +07 2022
 0.0  0.0 /bin/sh
 0.0  0.0 /bin/sh
 0.0  0.0 grep
 0.2  0.1 python3
 4.3  0.0 pigpiod
 % CPU % MEM ARGS Sat 23 Apr 23:32:54 +07 2022
 0.0  0.0 /bin/sh
 0.0  0.0 /bin/sh
 0.0  0.0 grep
 0.2  0.1 python3
 4.3  0.0 pigpiod
 % CPU % MEM ARGS Sat 23 Apr 23:32:55 +07 2022
 0.0  0.0 /bin/sh
 0.0  0.0 /bin/sh
 0.0  0.0 grep
 0.2  0.1 python3
 4.3  0.0 pigpiod
 % CPU % MEM ARGS Sat 23 Apr 23:32:56 +07 2022
 0.0  0.0 /bin/sh
 0.0  0.0 /bin/sh
 0.0  0.0 grep
 0.2  0.1 python3
 4.3  0.0 pigpiod
 % CPU % MEM ARGS Sat 23 Apr 23:32:57 +07 2022
 0.0  0.0 /bin/sh
 0.0  0.0 /bin/sh
 0.0  0.0 grep
 0.2  0.1 python3
 4.3  0.0 pigpiod
 % CPU % MEM ARGS Sat 23 Apr 23:32:58 +07 2022
 0.0  0.0 /bin/sh
 0.0  0.0 /bin/sh
 0.0  0.0 grep
 0.2  0.1 python3
 4.3  0.0 pigpiod
 % CPU % MEM ARGS Sat 23 Apr 23:32:59 +07 2022
 0.0  0.0 /bin/sh
 0.0  0.0 /bin/sh
 0.0  0.0 grep
 0.2  0.1 python3
 4.3  0.0 pigpiod
 % CPU % MEM ARGS Sat 23 Apr 23:33:00 +07 2022
 0.0  0.0 /bin/sh
 0.0  0.0 /bin/sh
 0.0  0.0 grep
 0.2  0.1 python3
 4.3  0.0 pigpiod
 % CPU % MEM ARGS Sat 23 Apr 23:33:01 +07 2022
 0.0  0.0 /bin/sh
 0.0  0.0 /bin/sh
 0.0  0.0 grep
 0.2  0.1 python3
 4.3  0.0 pigpiod
 % CPU % MEM ARGS Sat 23 Apr 23:33:02 +07 2022
 0.0  0.0 /bin/sh
 0.0  0.0 /bin/sh
 0.0  0.0 grep
 0.2  0.1 python3
 4.3  0.0 pigpiod
 % CPU % MEM ARGS Sat 23 Apr 23:33:03 +07 2022
 0.0  0.0 /bin/sh
 0.0  0.0 /bin/sh
 0.0  0.0 grep
 0.2  0.1 python3
 4.3  0.0 pigpiod
 % CPU % MEM ARGS Sat 23 Apr 23:33:05 +07 2022
 0.0  0.0 /bin/sh
 0.0  0.0 /bin/sh
 0.0  0.0 grep
 0.2  0.1 python3
 4.3  0.0 pigpiod
 % CPU % MEM ARGS Sat 23 Apr 23:33:06 +07 2022
 0.0  0.0 /bin/sh
 0.0  0.0 /bin/sh
 0.0  0.0 grep
 0.2  0.1 python3
 4.3  0.0 pigpiod
 % CPU % MEM ARGS Sat 23 Apr 23:33:07 +07 2022
 0.0  0.0 /bin/sh
 0.0  0.0 /bin/sh
 0.0  0.0 grep
 0.2  0.1 python3
 4.3  0.0 pigpiod
 % CPU % MEM ARGS Sat 23 Apr 23:33:08 +07 2022
 0.0  0.0 /bin/sh
 0.0  0.0 /bin/sh
 0.0  0.0 grep
 0.2  0.1 python3
 4.3  0.0 pigpiod
 % CPU % MEM ARGS Sat 23 Apr 23:33:09 +07 2022
 0.0  0.0 /bin/sh
 0.0  0.0 /bin/sh
 0.0  0.0 grep
 0.2  0.1 python3
 4.3  0.0 pigpiod
 % CPU % MEM ARGS Sat 23 Apr 23:33:10 +07 2022
 0.0  0.0 /bin/sh
 0.0  0.0 /bin/sh
 0.0  0.0 grep
 0.2  0.1 python3
 4.3  0.0 pigpiod
 % CPU % MEM ARGS Sat 23 Apr 23:33:11 +07 2022
 0.0  0.0 /bin/sh
 0.0  0.0 /bin/sh
 0.0  0.0 grep
 0.2  0.1 python3
 4.3  0.0 pigpiod
 % CPU % MEM ARGS Sat 23 Apr 23:33:12 +07 2022
 0.0  0.0 /bin/sh
 0.0  0.0 /bin/sh
 0.0  0.0 grep
 0.2  0.1 python3
 4.3  0.0 pigpiod
 % CPU % MEM ARGS Sat 23 Apr 23:33:13 +07 2022
 0.0  0.0 /bin/sh
 0.0  0.0 /bin/sh
 0.0  0.0 grep
 0.2  0.1 python3
 4.3  0.0 pigpiod
 % CPU % MEM ARGS Sat 23 Apr 23:33:14 +07 2022
 0.0  0.0 /bin/sh
 0.0  0.0 /bin/sh
 0.0  0.0 grep
 0.2  0.1 python3
 4.3  0.0 pigpiod
 % CPU % MEM ARGS Sat 23 Apr 23:33:15 +07 2022
 0.0  0.0 /bin/sh
 0.0  0.0 /bin/sh
 0.0  0.0 grep
 0.2  0.1 python3
 4.3  0.0 pigpiod
 % CPU % MEM ARGS Sat 23 Apr 23:33:16 +07 2022
 0.0  0.0 /bin/sh
 0.0  0.0 /bin/sh
 0.0  0.0 grep
 0.2  0.1 python3
 4.3  0.0 pigpiod
 % CPU % MEM ARGS Sat 23 Apr 23:33:17 +07 2022
 0.0  0.0 /bin/sh
 0.0  0.0 /bin/sh
 0.0  0.0 grep
 0.2  0.1 python3
 4.3  0.0 pigpiod
 % CPU % MEM ARGS Sat 23 Apr 23:33:18 +07 2022
 0.0  0.0 /bin/sh
 0.0  0.0 /bin/sh
 0.0  0.0 grep
 0.2  0.1 python3
 4.3  0.0 pigpiod
 % CPU % MEM ARGS Sat 23 Apr 23:33:19 +07 2022
 0.0  0.0 /bin/sh
 0.0  0.0 /bin/sh
 0.0  0.0 grep
 0.2  0.1 python3
 4.3  0.0 pigpiod
 % CPU % MEM ARGS Sat 23 Apr 23:33:20 +07 2022
 0.0  0.0 /bin/sh
 0.0  0.0 /bin/sh
 0.0  0.0 grep
 0.2  0.1 python3
 4.3  0.0 pigpiod
 % CPU % MEM ARGS Sat 23 Apr 23:33:21 +07 2022
 0.0  0.0 /bin/sh
 0.0  0.0 /bin/sh
 0.0  0.0 grep
 0.2  0.1 python3
 4.3  0.0 pigpiod
 % CPU % MEM ARGS Sat 23 Apr 23:33:22 +07 2022
 0.0  0.0 /bin/sh
 0.0  0.0 /bin/sh
 0.0  0.0 grep
 0.2  0.1 python3
 4.3  0.0 pigpiod
 % CPU % MEM ARGS Sat 23 Apr 23:33:23 +07 2022
 0.0  0.0 /bin/sh
 0.0  0.0 /bin/sh
 0.0  0.0 grep
 0.2  0.1 python3
 4.3  0.0 pigpiod
 % CPU % MEM ARGS Sat 23 Apr 23:33:24 +07 2022
 0.0  0.0 /bin/sh
 0.0  0.0 /bin/sh
 0.0  0.0 grep
 0.2  0.1 python3
 4.3  0.0 pigpiod
 % CPU % MEM ARGS Sat 23 Apr 23:33:25 +07 2022
 0.0  0.0 /bin/sh
 0.0  0.0 /bin/sh
 0.0  0.0 grep
 0.2  0.1 python3
 4.3  0.0 pigpiod
 % CPU % MEM ARGS Sat 23 Apr 23:33:26 +07 2022
 0.0  0.0 /bin/sh
 0.0  0.0 /bin/sh
 0.0  0.0 grep
 0.2  0.1 python3
 4.3  0.0 pigpiod
 % CPU % MEM ARGS Sat 23 Apr 23:33:27 +07 2022
 0.0  0.0 /bin/sh
 0.0  0.0 /bin/sh
 0.0  0.0 grep
 0.2  0.1 python3
 4.3  0.0 pigpiod
 % CPU % MEM ARGS Sat 23 Apr 23:33:28 +07 2022
 0.0  0.0 /bin/sh
 0.0  0.0 /bin/sh
 0.0  0.0 grep
 0.2  0.1 python3
 4.3  0.0 pigpiod
 % CPU % MEM ARGS Sat 23 Apr 23:33:29 +07 2022
 0.0  0.0 /bin/sh
 0.0  0.0 /bin/sh
 0.0  0.0 grep
 0.2  0.1 python3
 4.3  0.0 pigpiod
 % CPU % MEM ARGS Sat 23 Apr 23:33:30 +07 2022
 0.0  0.0 /bin/sh
 0.0  0.0 /bin/sh
 0.0  0.0 grep
 0.2  0.1 python3
 4.3  0.0 pigpiod
 % CPU % MEM ARGS Sat 23 Apr 23:33:31 +07 2022
 0.0  0.0 /bin/sh
 0.0  0.0 /bin/sh
 0.0  0.0 grep
 0.2  0.1 python3
 4.3  0.0 pigpiod
 % CPU % MEM ARGS Sat 23 Apr 23:33:32 +07 2022
 0.0  0.0 /bin/sh
 0.0  0.0 /bin/sh
 0.0  0.0 grep
 0.2  0.1 python3
 4.3  0.0 pigpiod
 % CPU % MEM ARGS Sat 23 Apr 23:33:33 +07 2022
 0.0  0.0 /bin/sh
 0.0  0.0 /bin/sh
 0.0  0.0 grep
 0.2  0.1 python3
 4.3  0.0 pigpiod
 % CPU % MEM ARGS Sat 23 Apr 23:33:34 +07 2022
 0.0  0.0 /bin/sh
 0.0  0.0 /bin/sh
 0.0  0.0 grep
 0.2  0.1 python3
 4.3  0.0 pigpiod
 % CPU % MEM ARGS Sat 23 Apr 23:33:35 +07 2022
 0.0  0.0 /bin/sh
 0.0  0.0 /bin/sh
 0.0  0.0 grep
 0.2  0.1 python3
 4.3  0.0 pigpiod
 % CPU % MEM ARGS Sat 23 Apr 23:33:36 +07 2022
 0.0  0.0 /bin/sh
 0.0  0.0 /bin/sh
 0.0  0.0 grep
 0.2  0.1 python3
 4.3  0.0 pigpiod
 % CPU % MEM ARGS Sat 23 Apr 23:33:37 +07 2022
 0.0  0.0 /bin/sh
 0.0  0.0 /bin/sh
 0.0  0.0 grep
 0.2  0.1 python3
 4.3  0.0 pigpiod
 % CPU % MEM ARGS Sat 23 Apr 23:33:38 +07 2022
 0.0  0.0 /bin/sh
 0.0  0.0 /bin/sh
 0.0  0.0 grep
 0.2  0.1 python3
 4.3  0.0 pigpiod
 % CPU % MEM ARGS Sat 23 Apr 23:33:39 +07 2022
 0.0  0.0 /bin/sh
 0.0  0.0 /bin/sh
 0.0  0.0 grep
 0.2  0.1 python3
 4.3  0.0 pigpiod
 % CPU % MEM ARGS Sat 23 Apr 23:33:40 +07 2022
 0.0  0.0 /bin/sh
 0.0  0.0 /bin/sh
 0.0  0.0 grep
 0.2  0.1 python3
 4.3  0.0 pigpiod
 % CPU % MEM ARGS Sat 23 Apr 23:33:41 +07 2022
 0.0  0.0 /bin/sh
 0.0  0.0 /bin/sh
 0.0  0.0 grep
 0.2  0.1 python3
 4.3  0.0 pigpiod
 % CPU % MEM ARGS Sat 23 Apr 23:33:42 +07 2022
 0.0  0.0 /bin/sh
 0.0  0.0 /bin/sh
 0.0  0.0 grep
 0.2  0.1 python3
 4.3  0.0 pigpiod
 % CPU % MEM ARGS Sat 23 Apr 23:33:43 +07 2022
 0.0  0.0 /bin/sh
 0.0  0.0 /bin/sh
 0.0  0.0 grep
 0.2  0.1 python3
 4.3  0.0 pigpiod
 % CPU % MEM ARGS Sat 23 Apr 23:33:45 +07 2022
 0.0  0.0 /bin/sh
 0.0  0.0 /bin/sh
 0.0  0.0 grep
 0.2  0.1 python3
 4.3  0.0 pigpiod
 % CPU % MEM ARGS Sat 23 Apr 23:33:46 +07 2022
 0.0  0.0 /bin/sh
 0.0  0.0 /bin/sh
 0.0  0.0 grep
 0.2  0.1 python3
 4.3  0.0 pigpiod
 % CPU % MEM ARGS Sat 23 Apr 23:33:47 +07 2022
 0.0  0.0 /bin/sh
 0.0  0.0 /bin/sh
 0.0  0.0 grep
 0.2  0.1 python3
 4.3  0.0 pigpiod
 % CPU % MEM ARGS Sat 23 Apr 23:33:48 +07 2022
 0.0  0.0 /bin/sh
 0.0  0.0 /bin/sh
 0.0  0.0 grep
 0.2  0.1 python3
 4.3  0.0 pigpiod
 % CPU % MEM ARGS Sat 23 Apr 23:33:49 +07 2022
 0.0  0.0 /bin/sh
 0.0  0.0 /bin/sh
 0.0  0.0 grep
 0.2  0.1 python3
 4.3  0.0 pigpiod
 % CPU % MEM ARGS Sat 23 Apr 23:33:50 +07 2022
 0.0  0.0 /bin/sh
 0.0  0.0 /bin/sh
 0.0  0.0 grep
 0.2  0.1 python3
 4.3  0.0 pigpiod
 % CPU % MEM ARGS Sat 23 Apr 23:33:51 +07 2022
 0.0  0.0 /bin/sh
 0.0  0.0 /bin/sh
 0.0  0.0 grep
 0.2  0.1 python3
 4.3  0.0 pigpiod
 % CPU % MEM ARGS Sat 23 Apr 23:33:52 +07 2022
 0.0  0.0 /bin/sh
 0.0  0.0 /bin/sh
 0.0  0.0 grep
 0.2  0.1 python3
 4.3  0.0 pigpiod
 % CPU % MEM ARGS Sat 23 Apr 23:33:53 +07 2022
 0.0  0.0 /bin/sh
 0.0  0.0 /bin/sh
 0.0  0.0 grep
 0.2  0.1 python3
 4.3  0.0 pigpiod
 % CPU % MEM ARGS Sat 23 Apr 23:33:54 +07 2022
 0.0  0.0 /bin/sh
 0.0  0.0 /bin/sh
 0.0  0.0 grep
 0.2  0.1 python3
 4.3  0.0 pigpiod
 % CPU % MEM ARGS Sat 23 Apr 23:33:55 +07 2022
 0.0  0.0 /bin/sh
 0.0  0.0 /bin/sh
 0.0  0.0 grep
 0.2  0.1 python3
 4.3  0.0 pigpiod
 % CPU % MEM ARGS Sat 23 Apr 23:33:56 +07 2022
 0.0  0.0 /bin/sh
 0.0  0.0 /bin/sh
 0.0  0.0 grep
 0.2  0.1 python3
 4.3  0.0 pigpiod
 % CPU % MEM ARGS Sat 23 Apr 23:33:57 +07 2022
 0.0  0.0 /bin/sh
 0.0  0.0 /bin/sh
 0.0  0.0 grep
 0.2  0.1 python3
 4.3  0.0 pigpiod
 % CPU % MEM ARGS Sat 23 Apr 23:33:58 +07 2022
 0.0  0.0 /bin/sh
 0.0  0.0 /bin/sh
 0.0  0.0 grep
 0.2  0.1 python3
 4.3  0.0 pigpiod
 % CPU % MEM ARGS Sat 23 Apr 23:33:59 +07 2022
 0.0  0.0 /bin/sh
 0.0  0.0 /bin/sh
 0.0  0.0 grep
 0.2  0.1 python3
 4.3  0.0 pigpiod
 % CPU % MEM ARGS Sat 23 Apr 23:34:00 +07 2022
 0.0  0.0 /bin/sh
 0.0  0.0 /bin/sh
 0.0  0.0 grep
 0.2  0.1 python3
 4.3  0.0 pigpiod
 % CPU % MEM ARGS Sat 23 Apr 23:34:01 +07 2022
 0.0  0.0 /bin/sh
 0.0  0.0 /bin/sh
 0.0  0.0 grep
 0.2  0.1 python3
 4.3  0.0 pigpiod
 % CPU % MEM ARGS Sat 23 Apr 23:34:02 +07 2022
 0.0  0.0 /bin/sh
 0.0  0.0 /bin/sh
 0.0  0.0 grep
 0.2  0.1 python3
 4.3  0.0 pigpiod
 % CPU % MEM ARGS Sat 23 Apr 23:34:03 +07 2022
 0.0  0.0 /bin/sh
 0.0  0.0 /bin/sh
 0.0  0.0 grep
 0.2  0.1 python3
 4.3  0.0 pigpiod
 % CPU % MEM ARGS Sat 23 Apr 23:34:04 +07 2022
 0.0  0.0 /bin/sh
 0.0  0.0 /bin/sh
 0.0  0.0 grep
 0.2  0.1 python3
 4.3  0.0 pigpiod
 % CPU % MEM ARGS Sat 23 Apr 23:34:05 +07 2022
 0.0  0.0 /bin/sh
 0.0  0.0 /bin/sh
 0.0  0.0 grep
 0.2  0.1 python3
 4.3  0.0 pigpiod
 % CPU % MEM ARGS Sat 23 Apr 23:34:06 +07 2022
 0.0  0.0 /bin/sh
 0.0  0.0 /bin/sh
 0.0  0.0 grep
 0.2  0.1 python3
 4.3  0.0 pigpiod
 % CPU % MEM ARGS Sat 23 Apr 23:34:07 +07 2022
 0.0  0.0 /bin/sh
 0.0  0.0 /bin/sh
 0.0  0.0 grep
 0.2  0.1 python3
 4.3  0.0 pigpiod
 % CPU % MEM ARGS Sat 23 Apr 23:34:08 +07 2022
 0.0  0.0 /bin/sh
 0.0  0.0 /bin/sh
 0.0  0.0 grep
 0.2  0.1 python3
 4.3  0.0 pigpiod
 % CPU % MEM ARGS Sat 23 Apr 23:34:09 +07 2022
 0.0  0.0 /bin/sh
 0.0  0.0 /bin/sh
 0.0  0.0 grep
 0.2  0.1 python3
 4.3  0.0 pigpiod
 % CPU % MEM ARGS Sat 23 Apr 23:34:10 +07 2022
 0.0  0.0 /bin/sh
 0.0  0.0 /bin/sh
 0.0  0.0 grep
 0.2  0.1 python3
 4.3  0.0 pigpiod
 % CPU % MEM ARGS Sat 23 Apr 23:34:11 +07 2022
 0.0  0.0 /bin/sh
 0.0  0.0 /bin/sh
 0.0  0.0 grep
 0.2  0.1 python3
 4.3  0.0 pigpiod
 % CPU % MEM ARGS Sat 23 Apr 23:34:12 +07 2022
 0.0  0.0 /bin/sh
 0.0  0.0 /bin/sh
 0.0  0.0 grep
 0.2  0.1 python3
 4.3  0.0 pigpiod
 % CPU % MEM ARGS Sat 23 Apr 23:34:13 +07 2022
 0.0  0.0 /bin/sh
 0.0  0.0 /bin/sh
 0.0  0.0 grep
 0.2  0.1 python3
 4.3  0.0 pigpiod
 % CPU % MEM ARGS Sat 23 Apr 23:34:14 +07 2022
 0.0  0.0 /bin/sh
 0.0  0.0 /bin/sh
 0.0  0.0 grep
 0.2  0.1 python3
 4.3  0.0 pigpiod
 % CPU % MEM ARGS Sat 23 Apr 23:34:15 +07 2022
 0.0  0.0 /bin/sh
 0.0  0.0 /bin/sh
 0.0  0.0 grep
 0.2  0.1 python3
 4.3  0.0 pigpiod
 % CPU % MEM ARGS Sat 23 Apr 23:34:16 +07 2022
 0.0  0.0 /bin/sh
 0.0  0.0 /bin/sh
 0.0  0.0 grep
 0.2  0.1 python3
 4.3  0.0 pigpiod
 % CPU % MEM ARGS Sat 23 Apr 23:34:17 +07 2022
 0.0  0.0 /bin/sh
 0.0  0.0 /bin/sh
 0.0  0.0 grep
 0.2  0.1 python3
 4.3  0.0 pigpiod
 % CPU % MEM ARGS Sat 23 Apr 23:34:18 +07 2022
 0.0  0.0 /bin/sh
 0.0  0.0 /bin/sh
 0.0  0.0 grep
 0.2  0.1 python3
 4.3  0.0 pigpiod
 % CPU % MEM ARGS Sat 23 Apr 23:34:19 +07 2022
 0.0  0.0 /bin/sh
 0.0  0.0 /bin/sh
 0.0  0.0 grep
 0.2  0.1 python3
 4.3  0.0 pigpiod
 % CPU % MEM ARGS Sat 23 Apr 23:34:20 +07 2022
 0.0  0.0 /bin/sh
 0.0  0.0 /bin/sh
 0.0  0.0 grep
 0.2  0.1 python3
 4.3  0.0 pigpiod
 % CPU % MEM ARGS Sat 23 Apr 23:34:21 +07 2022
 0.0  0.0 /bin/sh
 0.0  0.0 /bin/sh
 0.0  0.0 grep
 0.2  0.1 python3
 4.3  0.0 pigpiod
 % CPU % MEM ARGS Sat 23 Apr 23:34:22 +07 2022
 0.0  0.0 /bin/sh
 0.0  0.0 /bin/sh
 0.0  0.0 grep
 0.2  0.1 python3
 4.3  0.0 pigpiod
 % CPU % MEM ARGS Sat 23 Apr 23:34:23 +07 2022
 0.0  0.0 /bin/sh
 0.0  0.0 /bin/sh
 0.0  0.0 grep
 0.2  0.1 python3
 4.3  0.0 pigpiod
 % CPU % MEM ARGS Sat 23 Apr 23:34:24 +07 2022
 0.0  0.0 /bin/sh
 0.0  0.0 /bin/sh
 0.0  0.0 grep
 0.2  0.1 python3
 4.3  0.0 pigpiod
 % CPU % MEM ARGS Sat 23 Apr 23:34:26 +07 2022
 0.0  0.0 /bin/sh
 0.0  0.0 /bin/sh
 0.0  0.0 grep
 0.2  0.1 python3
 4.3  0.0 pigpiod
 % CPU % MEM ARGS Sat 23 Apr 23:34:27 +07 2022
 0.0  0.0 /bin/sh
 0.0  0.0 /bin/sh
 0.0  0.0 grep
 0.2  0.1 python3
 4.3  0.0 pigpiod
 % CPU % MEM ARGS Sat 23 Apr 23:34:28 +07 2022
 0.0  0.0 /bin/sh
 0.0  0.0 /bin/sh
 0.0  0.0 grep
 0.2  0.1 python3
 4.3  0.0 pigpiod
 % CPU % MEM ARGS Sat 23 Apr 23:34:29 +07 2022
 0.0  0.0 /bin/sh
 0.0  0.0 /bin/sh
 0.0  0.0 grep
 0.2  0.1 python3
 4.3  0.0 pigpiod
 % CPU % MEM ARGS Sat 23 Apr 23:34:30 +07 2022
 0.0  0.0 /bin/sh
 0.0  0.0 /bin/sh
 0.0  0.0 grep
 0.2  0.1 python3
 4.3  0.0 pigpiod
 % CPU % MEM ARGS Sat 23 Apr 23:34:31 +07 2022
 0.0  0.0 /bin/sh
 0.0  0.0 /bin/sh
 0.0  0.0 grep
 0.2  0.1 python3
 4.3  0.0 pigpiod
 % CPU % MEM ARGS Sat 23 Apr 23:34:32 +07 2022
 0.0  0.0 /bin/sh
 0.0  0.0 /bin/sh
 0.0  0.0 grep
 0.2  0.1 python3
 4.3  0.0 pigpiod
 % CPU % MEM ARGS Sat 23 Apr 23:34:33 +07 2022
 0.0  0.0 /bin/sh
 0.0  0.0 /bin/sh
 0.0  0.0 grep
 0.2  0.1 python3
 4.3  0.0 pigpiod
 % CPU % MEM ARGS Sat 23 Apr 23:34:34 +07 2022
 0.0  0.0 /bin/sh
 0.0  0.0 /bin/sh
 0.0  0.0 grep
 0.2  0.1 python3
 4.3  0.0 pigpiod
 % CPU % MEM ARGS Sat 23 Apr 23:34:35 +07 2022
 0.0  0.0 /bin/sh
 0.0  0.0 /bin/sh
 0.0  0.0 grep
 0.2  0.1 python3
 4.3  0.0 pigpiod
 % CPU % MEM ARGS Sat 23 Apr 23:34:36 +07 2022
 0.0  0.0 /bin/sh
 0.0  0.0 /bin/sh
 0.0  0.0 grep
 0.2  0.1 python3
 4.3  0.0 pigpiod
 % CPU % MEM ARGS Sat 23 Apr 23:34:37 +07 2022
 0.0  0.0 /bin/sh
 0.0  0.0 /bin/sh
 0.0  0.0 grep
 0.2  0.1 python3
 4.3  0.0 pigpiod
 % CPU % MEM ARGS Sat 23 Apr 23:34:38 +07 2022
 0.0  0.0 /bin/sh
 0.0  0.0 /bin/sh
 0.0  0.0 grep
 0.2  0.1 python3
 4.3  0.0 pigpiod
 % CPU % MEM ARGS Sat 23 Apr 23:34:39 +07 2022
 0.0  0.0 /bin/sh
 0.0  0.0 /bin/sh
 0.0  0.0 grep
 0.2  0.1 python3
 4.3  0.0 pigpiod
 % CPU % MEM ARGS Sat 23 Apr 23:34:40 +07 2022
 0.0  0.0 /bin/sh
 0.0  0.0 /bin/sh
 0.0  0.0 grep
 0.2  0.1 python3
 4.3  0.0 pigpiod
 % CPU % MEM ARGS Sat 23 Apr 23:34:41 +07 2022
 0.0  0.0 /bin/sh
 0.0  0.0 /bin/sh
 0.0  0.0 grep
 0.2  0.1 python3
 4.3  0.0 pigpiod
 % CPU % MEM ARGS Sat 23 Apr 23:34:42 +07 2022
 0.0  0.0 /bin/sh
 0.0  0.0 /bin/sh
 0.0  0.0 grep
 0.2  0.1 python3
 4.3  0.0 pigpiod
 % CPU % MEM ARGS Sat 23 Apr 23:34:43 +07 2022
 0.0  0.0 /bin/sh
 0.0  0.0 /bin/sh
 0.0  0.0 grep
 0.2  0.1 python3
 4.3  0.0 pigpiod
 % CPU % MEM ARGS Sat 23 Apr 23:34:44 +07 2022
 0.0  0.0 /bin/sh
 0.0  0.0 /bin/sh
 0.0  0.0 grep
 0.2  0.1 python3
 4.3  0.0 pigpiod
 % CPU % MEM ARGS Sat 23 Apr 23:34:45 +07 2022
 0.0  0.0 /bin/sh
 0.0  0.0 /bin/sh
 0.0  0.0 grep
 0.2  0.1 python3
 4.3  0.0 pigpiod
 % CPU % MEM ARGS Sat 23 Apr 23:34:46 +07 2022
 0.0  0.0 /bin/sh
 0.0  0.0 /bin/sh
 0.0  0.0 grep
 0.2  0.1 python3
 4.3  0.0 pigpiod
 % CPU % MEM ARGS Sat 23 Apr 23:34:47 +07 2022
 0.0  0.0 /bin/sh
 0.0  0.0 /bin/sh
 0.0  0.0 grep
 0.2  0.1 python3
 4.3  0.0 pigpiod
 % CPU % MEM ARGS Sat 23 Apr 23:34:48 +07 2022
 0.0  0.0 /bin/sh
 0.0  0.0 /bin/sh
 0.0  0.0 grep
 0.2  0.1 python3
 4.3  0.0 pigpiod
 % CPU % MEM ARGS Sat 23 Apr 23:34:49 +07 2022
 0.0  0.0 /bin/sh
 0.0  0.0 /bin/sh
 0.0  0.0 grep
 0.2  0.1 python3
 4.3  0.0 pigpiod
 % CPU % MEM ARGS Sat 23 Apr 23:34:50 +07 2022
 0.0  0.0 /bin/sh
 0.0  0.0 /bin/sh
 0.0  0.0 grep
 0.2  0.1 python3
 4.3  0.0 pigpiod
 % CPU % MEM ARGS Sat 23 Apr 23:34:51 +07 2022
 0.0  0.0 /bin/sh
 0.0  0.0 /bin/sh
 0.0  0.0 grep
 0.2  0.1 python3
 4.3  0.0 pigpiod
 % CPU % MEM ARGS Sat 23 Apr 23:34:52 +07 2022
 0.0  0.0 /bin/sh
 0.0  0.0 /bin/sh
 0.0  0.0 grep
 0.2  0.1 python3
 4.3  0.0 pigpiod
 % CPU % MEM ARGS Sat 23 Apr 23:34:53 +07 2022
 0.0  0.0 /bin/sh
 0.0  0.0 /bin/sh
 0.0  0.0 grep
 0.2  0.1 python3
 4.3  0.0 pigpiod
 % CPU % MEM ARGS Sat 23 Apr 23:34:54 +07 2022
 0.0  0.0 /bin/sh
 0.0  0.0 /bin/sh
 0.0  0.0 grep
 0.2  0.1 python3
 4.3  0.0 pigpiod
 % CPU % MEM ARGS Sat 23 Apr 23:34:55 +07 2022
 0.0  0.0 /bin/sh
 0.0  0.0 /bin/sh
 0.0  0.0 grep
 0.2  0.1 python3
 4.3  0.0 pigpiod
 % CPU % MEM ARGS Sat 23 Apr 23:34:56 +07 2022
 0.0  0.0 /bin/sh
 0.0  0.0 /bin/sh
 0.0  0.0 grep
 0.2  0.1 python3
 4.3  0.0 pigpiod
 % CPU % MEM ARGS Sat 23 Apr 23:34:57 +07 2022
 0.0  0.0 /bin/sh
 0.0  0.0 /bin/sh
 0.0  0.0 grep
 0.2  0.1 python3
 4.3  0.0 pigpiod
 % CPU % MEM ARGS Sat 23 Apr 23:34:58 +07 2022
 0.0  0.0 /bin/sh
 0.0  0.0 /bin/sh
 0.0  0.0 grep
 0.2  0.1 python3
 4.3  0.0 pigpiod
 % CPU % MEM ARGS Sat 23 Apr 23:34:59 +07 2022
 0.0  0.0 /bin/sh
 0.0  0.0 /bin/sh
 0.0  0.0 grep
 0.2  0.1 python3
 4.3  0.0 pigpiod
 % CPU % MEM ARGS Sat 23 Apr 23:35:00 +07 2022
 0.0  0.0 /bin/sh
 0.0  0.0 /bin/sh
 0.0  0.0 grep
 0.2  0.1 python3
 4.3  0.0 pigpiod
 % CPU % MEM ARGS Sat 23 Apr 23:35:01 +07 2022
 0.0  0.0 /bin/sh
 0.0  0.0 /bin/sh
 0.0  0.0 grep
 0.2  0.1 python3
 4.3  0.0 pigpiod
 % CPU % MEM ARGS Sat 23 Apr 23:35:02 +07 2022
 0.0  0.0 /bin/sh
 0.0  0.0 /bin/sh
 0.0  0.0 grep
 0.2  0.1 python3
 4.3  0.0 pigpiod
 % CPU % MEM ARGS Sat 23 Apr 23:35:03 +07 2022
 0.0  0.0 /bin/sh
 0.0  0.0 /bin/sh
 0.0  0.0 grep
 0.2  0.1 python3
 4.3  0.0 pigpiod
 % CPU % MEM ARGS Sat 23 Apr 23:35:04 +07 2022
 0.0  0.0 /bin/sh
 0.0  0.0 /bin/sh
 0.0  0.0 grep
 0.2  0.1 python3
 4.3  0.0 pigpiod
