 % CPU % MEM ARGS Sat 23 Apr 23:35:04 +07 2022
 0.0  0.0 /bin/sh
 0.0  0.0 /bin/sh
 0.0  0.0 grep
 0.2  0.1 python3
 4.3  0.0 pigpiod
 % CPU % MEM ARGS Sat 23 Apr 23:35:06 +07 2022
 0.0  0.0 /bin/sh
 0.0  0.0 /bin/sh
 0.0  0.0 grep
 0.2  0.1 python3
 4.3  0.0 pigpiod
 % CPU % MEM ARGS Sat 23 Apr 23:35:07 +07 2022
 0.0  0.0 /bin/sh
 0.0  0.0 /bin/sh
 0.0  0.0 grep
 0.2  0.1 python3
 4.3  0.0 pigpiod
 % CPU % MEM ARGS Sat 23 Apr 23:35:08 +07 2022
 0.0  0.0 /bin/sh
 0.0  0.0 /bin/sh
 0.0  0.0 grep
 0.2  0.1 python3
 4.3  0.0 pigpiod
 % CPU % MEM ARGS Sat 23 Apr 23:35:09 +07 2022
 0.0  0.0 /bin/sh
 0.0  0.0 /bin/sh
 0.0  0.0 grep
 0.2  0.1 python3
 4.3  0.0 pigpiod
 % CPU % MEM ARGS Sat 23 Apr 23:35:10 +07 2022
 0.0  0.0 /bin/sh
 0.0  0.0 /bin/sh
 0.0  0.0 grep
 0.2  0.1 python3
 4.3  0.0 pigpiod
 % CPU % MEM ARGS Sat 23 Apr 23:35:11 +07 2022
 0.0  0.0 /bin/sh
 0.0  0.0 /bin/sh
 0.0  0.0 grep
 0.2  0.1 python3
 4.3  0.0 pigpiod
 % CPU % MEM ARGS Sat 23 Apr 23:35:12 +07 2022
 0.0  0.0 /bin/sh
 0.0  0.0 /bin/sh
 0.0  0.0 grep
 0.2  0.1 python3
 4.3  0.0 pigpiod
 % CPU % MEM ARGS Sat 23 Apr 23:35:13 +07 2022
 0.0  0.0 /bin/sh
 0.0  0.0 /bin/sh
 0.0  0.0 grep
 0.2  0.1 python3
 4.3  0.0 pigpiod
 % CPU % MEM ARGS Sat 23 Apr 23:35:14 +07 2022
 0.0  0.0 /bin/sh
 0.0  0.0 /bin/sh
 0.0  0.0 grep
 0.2  0.1 python3
 4.3  0.0 pigpiod
 % CPU % MEM ARGS Sat 23 Apr 23:35:15 +07 2022
 0.0  0.0 /bin/sh
 0.0  0.0 /bin/sh
 0.0  0.0 grep
 0.2  0.1 python3
 4.3  0.0 pigpiod
 % CPU % MEM ARGS Sat 23 Apr 23:35:16 +07 2022
 0.0  0.0 /bin/sh
 0.0  0.0 /bin/sh
 0.0  0.0 grep
 0.2  0.1 python3
 4.3  0.0 pigpiod
 % CPU % MEM ARGS Sat 23 Apr 23:35:17 +07 2022
 0.0  0.0 /bin/sh
 0.0  0.0 /bin/sh
 0.0  0.0 grep
 0.2  0.1 python3
 4.3  0.0 pigpiod
 % CPU % MEM ARGS Sat 23 Apr 23:35:18 +07 2022
 0.0  0.0 /bin/sh
 0.0  0.0 /bin/sh
 0.0  0.0 grep
 0.2  0.1 python3
 4.3  0.0 pigpiod
 % CPU % MEM ARGS Sat 23 Apr 23:35:19 +07 2022
 0.0  0.0 /bin/sh
 0.0  0.0 /bin/sh
 0.0  0.0 grep
 0.2  0.1 python3
 4.3  0.0 pigpiod
 % CPU % MEM ARGS Sat 23 Apr 23:35:20 +07 2022
 0.0  0.0 /bin/sh
 0.0  0.0 /bin/sh
 0.0  0.0 grep
 0.2  0.1 python3
 4.3  0.0 pigpiod
 % CPU % MEM ARGS Sat 23 Apr 23:35:21 +07 2022
 0.0  0.0 /bin/sh
 0.0  0.0 /bin/sh
 0.0  0.0 grep
 0.2  0.1 python3
 4.3  0.0 pigpiod
 % CPU % MEM ARGS Sat 23 Apr 23:35:22 +07 2022
 0.0  0.0 /bin/sh
 0.0  0.0 /bin/sh
 0.0  0.0 grep
 0.2  0.1 python3
 4.3  0.0 pigpiod
 % CPU % MEM ARGS Sat 23 Apr 23:35:23 +07 2022
 0.0  0.0 /bin/sh
 0.0  0.0 /bin/sh
 0.0  0.0 grep
 0.2  0.1 python3
 4.3  0.0 pigpiod
 % CPU % MEM ARGS Sat 23 Apr 23:35:24 +07 2022
 0.0  0.0 /bin/sh
 0.0  0.0 /bin/sh
 0.0  0.0 grep
 0.2  0.1 python3
 4.3  0.0 pigpiod
 % CPU % MEM ARGS Sat 23 Apr 23:35:25 +07 2022
 0.0  0.0 /bin/sh
 0.0  0.0 /bin/sh
 0.0  0.0 grep
 0.2  0.1 python3
 4.3  0.0 pigpiod
 % CPU % MEM ARGS Sat 23 Apr 23:35:26 +07 2022
 0.0  0.0 /bin/sh
 0.0  0.0 /bin/sh
 0.0  0.0 grep
 0.2  0.1 python3
 4.3  0.0 pigpiod
 % CPU % MEM ARGS Sat 23 Apr 23:35:27 +07 2022
 0.0  0.0 /bin/sh
 0.0  0.0 /bin/sh
 0.0  0.0 grep
 0.2  0.1 python3
 4.3  0.0 pigpiod
 % CPU % MEM ARGS Sat 23 Apr 23:35:28 +07 2022
 0.0  0.0 /bin/sh
 0.0  0.0 /bin/sh
 0.0  0.0 grep
 0.2  0.1 python3
 4.3  0.0 pigpiod
 % CPU % MEM ARGS Sat 23 Apr 23:35:29 +07 2022
 0.0  0.0 /bin/sh
 0.0  0.0 /bin/sh
 0.0  0.0 grep
 0.2  0.1 python3
 4.3  0.0 pigpiod
 % CPU % MEM ARGS Sat 23 Apr 23:35:30 +07 2022
 0.0  0.0 /bin/sh
 0.0  0.0 /bin/sh
 0.0  0.0 grep
 0.2  0.1 python3
 4.3  0.0 pigpiod
 % CPU % MEM ARGS Sat 23 Apr 23:35:31 +07 2022
 0.0  0.0 /bin/sh
 0.0  0.0 /bin/sh
 0.0  0.0 grep
 0.2  0.1 python3
 4.3  0.0 pigpiod
 % CPU % MEM ARGS Sat 23 Apr 23:35:32 +07 2022
 0.0  0.0 /bin/sh
 0.0  0.0 /bin/sh
 0.0  0.0 grep
 0.2  0.1 python3
 4.3  0.0 pigpiod
 % CPU % MEM ARGS Sat 23 Apr 23:35:33 +07 2022
 0.0  0.0 /bin/sh
 0.0  0.0 /bin/sh
 0.0  0.0 grep
 0.2  0.1 python3
 4.3  0.0 pigpiod
 % CPU % MEM ARGS Sat 23 Apr 23:35:34 +07 2022
 0.0  0.0 /bin/sh
 0.0  0.0 /bin/sh
 0.0  0.0 grep
 0.2  0.1 python3
 4.3  0.0 pigpiod
 % CPU % MEM ARGS Sat 23 Apr 23:35:35 +07 2022
 0.0  0.0 /bin/sh
 0.0  0.0 /bin/sh
 0.0  0.0 grep
 0.2  0.1 python3
 4.3  0.0 pigpiod
 % CPU % MEM ARGS Sat 23 Apr 23:35:36 +07 2022
 0.0  0.0 /bin/sh
 0.0  0.0 /bin/sh
 0.0  0.0 grep
 0.2  0.1 python3
 4.3  0.0 pigpiod
 % CPU % MEM ARGS Sat 23 Apr 23:35:37 +07 2022
 0.0  0.0 /bin/sh
 0.0  0.0 /bin/sh
 0.0  0.0 grep
 0.2  0.1 python3
 4.3  0.0 pigpiod
 % CPU % MEM ARGS Sat 23 Apr 23:35:38 +07 2022
 0.0  0.0 /bin/sh
 0.0  0.0 /bin/sh
 0.0  0.0 grep
 0.2  0.1 python3
 4.3  0.0 pigpiod
 % CPU % MEM ARGS Sat 23 Apr 23:35:39 +07 2022
 0.0  0.0 /bin/sh
 0.0  0.0 /bin/sh
 0.0  0.0 grep
 0.2  0.1 python3
 4.3  0.0 pigpiod
 % CPU % MEM ARGS Sat 23 Apr 23:35:40 +07 2022
 0.0  0.0 /bin/sh
 0.0  0.0 /bin/sh
 0.0  0.0 grep
 0.2  0.1 python3
 4.3  0.0 pigpiod
 % CPU % MEM ARGS Sat 23 Apr 23:35:41 +07 2022
 0.0  0.0 /bin/sh
 0.0  0.0 /bin/sh
 0.0  0.0 grep
 0.2  0.1 python3
 4.3  0.0 pigpiod
 % CPU % MEM ARGS Sat 23 Apr 23:35:42 +07 2022
 0.0  0.0 /bin/sh
 0.0  0.0 /bin/sh
 0.0  0.0 grep
 0.2  0.1 python3
 4.3  0.0 pigpiod
 % CPU % MEM ARGS Sat 23 Apr 23:35:43 +07 2022
 0.0  0.0 /bin/sh
 0.0  0.0 /bin/sh
 0.0  0.0 grep
 0.2  0.1 python3
 4.3  0.0 pigpiod
 % CPU % MEM ARGS Sat 23 Apr 23:35:44 +07 2022
 0.0  0.0 /bin/sh
 0.0  0.0 /bin/sh
 0.0  0.0 grep
 0.2  0.1 python3
 4.3  0.0 pigpiod
 % CPU % MEM ARGS Sat 23 Apr 23:35:45 +07 2022
 0.0  0.0 /bin/sh
 0.0  0.0 /bin/sh
 0.0  0.0 grep
 0.2  0.1 python3
 4.3  0.0 pigpiod
 % CPU % MEM ARGS Sat 23 Apr 23:35:47 +07 2022
 0.0  0.0 /bin/sh
 0.0  0.0 /bin/sh
 0.0  0.0 grep
 0.2  0.1 python3
 4.3  0.0 pigpiod
 % CPU % MEM ARGS Sat 23 Apr 23:35:48 +07 2022
 0.0  0.0 /bin/sh
 0.0  0.0 /bin/sh
 0.0  0.0 grep
 0.2  0.1 python3
 4.3  0.0 pigpiod
 % CPU % MEM ARGS Sat 23 Apr 23:35:49 +07 2022
 0.0  0.0 /bin/sh
 0.0  0.0 /bin/sh
 0.0  0.0 grep
 0.2  0.1 python3
 4.3  0.0 pigpiod
 % CPU % MEM ARGS Sat 23 Apr 23:35:50 +07 2022
 0.0  0.0 /bin/sh
 0.0  0.0 /bin/sh
 0.0  0.0 grep
 0.2  0.1 python3
 4.3  0.0 pigpiod
 % CPU % MEM ARGS Sat 23 Apr 23:35:51 +07 2022
 0.0  0.0 /bin/sh
 0.0  0.0 /bin/sh
 0.0  0.0 grep
 0.2  0.1 python3
 4.3  0.0 pigpiod
 % CPU % MEM ARGS Sat 23 Apr 23:35:52 +07 2022
 0.0  0.0 /bin/sh
 0.0  0.0 /bin/sh
 0.0  0.0 grep
 0.2  0.1 python3
 4.3  0.0 pigpiod
 % CPU % MEM ARGS Sat 23 Apr 23:35:53 +07 2022
 0.0  0.0 /bin/sh
 0.0  0.0 /bin/sh
 0.0  0.0 grep
 0.2  0.1 python3
 4.3  0.0 pigpiod
 % CPU % MEM ARGS Sat 23 Apr 23:35:54 +07 2022
 0.0  0.0 /bin/sh
 0.0  0.0 /bin/sh
 0.0  0.0 grep
 0.2  0.1 python3
 4.3  0.0 pigpiod
 % CPU % MEM ARGS Sat 23 Apr 23:35:55 +07 2022
 0.0  0.0 /bin/sh
 0.0  0.0 /bin/sh
 0.0  0.0 grep
 0.2  0.1 python3
 4.3  0.0 pigpiod
 % CPU % MEM ARGS Sat 23 Apr 23:35:56 +07 2022
 0.0  0.0 /bin/sh
 0.0  0.0 /bin/sh
 0.0  0.0 grep
 0.2  0.1 python3
 4.3  0.0 pigpiod
 % CPU % MEM ARGS Sat 23 Apr 23:35:57 +07 2022
 0.0  0.0 /bin/sh
 0.0  0.0 /bin/sh
 0.0  0.0 grep
 0.2  0.1 python3
 4.3  0.0 pigpiod
 % CPU % MEM ARGS Sat 23 Apr 23:35:58 +07 2022
 0.0  0.0 /bin/sh
 0.0  0.0 /bin/sh
 0.0  0.0 grep
 0.2  0.1 python3
 4.3  0.0 pigpiod
 % CPU % MEM ARGS Sat 23 Apr 23:35:59 +07 2022
 0.0  0.0 /bin/sh
 0.0  0.0 /bin/sh
 0.0  0.0 grep
 0.2  0.1 python3
 4.3  0.0 pigpiod
 % CPU % MEM ARGS Sat 23 Apr 23:36:00 +07 2022
 0.0  0.0 /bin/sh
 0.0  0.0 /bin/sh
 0.0  0.0 grep
 0.2  0.1 python3
 4.3  0.0 pigpiod
 % CPU % MEM ARGS Sat 23 Apr 23:36:01 +07 2022
 0.0  0.0 /bin/sh
 0.0  0.0 /bin/sh
 0.0  0.0 grep
 0.2  0.1 python3
 4.3  0.0 pigpiod
 % CPU % MEM ARGS Sat 23 Apr 23:36:02 +07 2022
 0.0  0.0 /bin/sh
 0.0  0.0 /bin/sh
 0.0  0.0 grep
 0.2  0.1 python3
 4.3  0.0 pigpiod
 % CPU % MEM ARGS Sat 23 Apr 23:36:03 +07 2022
 0.0  0.0 /bin/sh
 0.0  0.0 /bin/sh
 0.0  0.0 grep
 0.2  0.1 python3
 4.3  0.0 pigpiod
 % CPU % MEM ARGS Sat 23 Apr 23:36:04 +07 2022
 0.0  0.0 /bin/sh
 0.0  0.0 /bin/sh
 0.0  0.0 grep
 0.2  0.1 python3
 4.3  0.0 pigpiod
 % CPU % MEM ARGS Sat 23 Apr 23:36:05 +07 2022
 0.0  0.0 /bin/sh
 0.0  0.0 /bin/sh
 0.0  0.0 grep
 0.2  0.1 python3
 4.3  0.0 pigpiod
 % CPU % MEM ARGS Sat 23 Apr 23:36:06 +07 2022
 0.0  0.0 /bin/sh
 0.0  0.0 /bin/sh
 0.0  0.0 grep
 0.2  0.1 python3
 4.3  0.0 pigpiod
 % CPU % MEM ARGS Sat 23 Apr 23:36:07 +07 2022
 0.0  0.0 /bin/sh
 0.0  0.0 /bin/sh
 0.0  0.0 grep
 0.2  0.1 python3
 4.3  0.0 pigpiod
 % CPU % MEM ARGS Sat 23 Apr 23:36:08 +07 2022
 0.0  0.0 /bin/sh
 0.0  0.0 /bin/sh
 0.0  0.0 grep
 0.2  0.1 python3
 4.3  0.0 pigpiod
 % CPU % MEM ARGS Sat 23 Apr 23:36:09 +07 2022
 0.0  0.0 /bin/sh
 0.0  0.0 /bin/sh
 0.0  0.0 grep
 0.2  0.1 python3
 4.3  0.0 pigpiod
 % CPU % MEM ARGS Sat 23 Apr 23:36:10 +07 2022
 0.0  0.0 /bin/sh
 0.0  0.0 /bin/sh
 0.0  0.0 grep
 0.2  0.1 python3
 4.3  0.0 pigpiod
 % CPU % MEM ARGS Sat 23 Apr 23:36:11 +07 2022
 0.0  0.0 /bin/sh
 0.0  0.0 /bin/sh
 0.0  0.0 grep
 0.2  0.1 python3
 4.3  0.0 pigpiod
 % CPU % MEM ARGS Sat 23 Apr 23:36:12 +07 2022
 0.0  0.0 /bin/sh
 0.0  0.0 /bin/sh
 0.0  0.0 grep
 0.2  0.1 python3
 4.3  0.0 pigpiod
 % CPU % MEM ARGS Sat 23 Apr 23:36:13 +07 2022
 0.0  0.0 /bin/sh
 0.0  0.0 /bin/sh
 0.0  0.0 grep
 0.2  0.1 python3
 4.3  0.0 pigpiod
 % CPU % MEM ARGS Sat 23 Apr 23:36:14 +07 2022
 0.0  0.0 /bin/sh
 0.0  0.0 /bin/sh
 0.0  0.0 grep
 0.2  0.1 python3
 4.3  0.0 pigpiod
 % CPU % MEM ARGS Sat 23 Apr 23:36:15 +07 2022
 0.0  0.0 /bin/sh
 0.0  0.0 /bin/sh
 0.0  0.0 grep
 0.2  0.1 python3
 4.3  0.0 pigpiod
 % CPU % MEM ARGS Sat 23 Apr 23:36:16 +07 2022
 0.0  0.0 /bin/sh
 0.0  0.0 /bin/sh
 0.0  0.0 grep
 0.2  0.1 python3
 4.3  0.0 pigpiod
 % CPU % MEM ARGS Sat 23 Apr 23:36:17 +07 2022
 0.0  0.0 /bin/sh
 0.0  0.0 /bin/sh
 0.0  0.0 grep
 0.2  0.1 python3
 4.3  0.0 pigpiod
 % CPU % MEM ARGS Sat 23 Apr 23:36:18 +07 2022
 0.0  0.0 /bin/sh
 0.0  0.0 /bin/sh
 0.0  0.0 grep
 0.2  0.1 python3
 4.3  0.0 pigpiod
 % CPU % MEM ARGS Sat 23 Apr 23:36:19 +07 2022
 0.0  0.0 /bin/sh
 0.0  0.0 /bin/sh
 0.0  0.0 grep
 0.2  0.1 python3
 4.3  0.0 pigpiod
 % CPU % MEM ARGS Sat 23 Apr 23:36:20 +07 2022
 0.0  0.0 /bin/sh
 0.0  0.0 /bin/sh
 0.0  0.0 grep
 0.2  0.1 python3
 4.3  0.0 pigpiod
 % CPU % MEM ARGS Sat 23 Apr 23:36:21 +07 2022
 0.0  0.0 /bin/sh
 0.0  0.0 /bin/sh
 0.0  0.0 grep
 0.2  0.1 python3
 4.3  0.0 pigpiod
 % CPU % MEM ARGS Sat 23 Apr 23:36:22 +07 2022
 0.0  0.0 /bin/sh
 0.0  0.0 /bin/sh
 0.0  0.0 grep
 0.2  0.1 python3
 4.3  0.0 pigpiod
 % CPU % MEM ARGS Sat 23 Apr 23:36:23 +07 2022
 0.0  0.0 /bin/sh
 0.0  0.0 /bin/sh
 0.0  0.0 grep
 0.2  0.1 python3
 4.3  0.0 pigpiod
 % CPU % MEM ARGS Sat 23 Apr 23:36:24 +07 2022
 0.0  0.0 /bin/sh
 0.0  0.0 /bin/sh
 0.0  0.0 grep
 0.2  0.1 python3
 4.3  0.0 pigpiod
 % CPU % MEM ARGS Sat 23 Apr 23:36:25 +07 2022
 0.0  0.0 /bin/sh
 0.0  0.0 /bin/sh
 0.0  0.0 grep
 0.2  0.1 python3
 4.3  0.0 pigpiod
 % CPU % MEM ARGS Sat 23 Apr 23:36:26 +07 2022
 0.0  0.0 /bin/sh
 0.0  0.0 /bin/sh
 0.0  0.0 grep
 0.2  0.1 python3
 4.3  0.0 pigpiod
 % CPU % MEM ARGS Sat 23 Apr 23:36:27 +07 2022
 0.0  0.0 /bin/sh
 0.0  0.0 /bin/sh
 0.0  0.0 grep
 0.2  0.1 python3
 4.3  0.0 pigpiod
 % CPU % MEM ARGS Sat 23 Apr 23:36:29 +07 2022
 0.0  0.0 /bin/sh
 0.0  0.0 /bin/sh
 0.0  0.0 grep
 0.2  0.1 python3
 4.3  0.0 pigpiod
 % CPU % MEM ARGS Sat 23 Apr 23:36:30 +07 2022
 0.0  0.0 /bin/sh
 0.0  0.0 /bin/sh
 0.0  0.0 grep
 0.2  0.1 python3
 4.3  0.0 pigpiod
 % CPU % MEM ARGS Sat 23 Apr 23:36:31 +07 2022
 0.0  0.0 /bin/sh
 0.0  0.0 /bin/sh
 0.0  0.0 grep
 0.2  0.1 python3
 4.3  0.0 pigpiod
 % CPU % MEM ARGS Sat 23 Apr 23:36:32 +07 2022
 0.0  0.0 /bin/sh
 0.0  0.0 /bin/sh
 0.0  0.0 grep
 0.2  0.1 python3
 4.3  0.0 pigpiod
 % CPU % MEM ARGS Sat 23 Apr 23:36:33 +07 2022
 0.0  0.0 /bin/sh
 0.0  0.0 /bin/sh
 0.0  0.0 grep
 0.2  0.1 python3
 4.3  0.0 pigpiod
 % CPU % MEM ARGS Sat 23 Apr 23:36:34 +07 2022
 0.0  0.0 /bin/sh
 0.0  0.0 /bin/sh
 0.0  0.0 grep
 0.2  0.1 python3
 4.3  0.0 pigpiod
 % CPU % MEM ARGS Sat 23 Apr 23:36:35 +07 2022
 0.0  0.0 /bin/sh
 0.0  0.0 /bin/sh
 0.0  0.0 grep
 0.2  0.1 python3
 4.3  0.0 pigpiod
 % CPU % MEM ARGS Sat 23 Apr 23:36:36 +07 2022
 0.0  0.0 /bin/sh
 0.0  0.0 /bin/sh
 0.0  0.0 grep
 0.2  0.1 python3
 4.3  0.0 pigpiod
 % CPU % MEM ARGS Sat 23 Apr 23:36:37 +07 2022
 0.0  0.0 /bin/sh
 0.0  0.0 /bin/sh
 0.0  0.0 grep
 0.2  0.1 python3
 4.3  0.0 pigpiod
 % CPU % MEM ARGS Sat 23 Apr 23:36:38 +07 2022
 0.0  0.0 /bin/sh
 0.0  0.0 /bin/sh
 0.0  0.0 grep
 0.2  0.1 python3
 4.3  0.0 pigpiod
 % CPU % MEM ARGS Sat 23 Apr 23:36:39 +07 2022
 0.0  0.0 /bin/sh
 0.0  0.0 /bin/sh
 0.0  0.0 grep
 0.2  0.1 python3
 4.3  0.0 pigpiod
 % CPU % MEM ARGS Sat 23 Apr 23:36:40 +07 2022
 0.0  0.0 /bin/sh
 0.0  0.0 /bin/sh
 0.0  0.0 grep
 0.2  0.1 python3
 4.3  0.0 pigpiod
 % CPU % MEM ARGS Sat 23 Apr 23:36:41 +07 2022
 0.0  0.0 /bin/sh
 0.0  0.0 /bin/sh
 0.0  0.0 grep
 0.2  0.1 python3
 4.3  0.0 pigpiod
 % CPU % MEM ARGS Sat 23 Apr 23:36:42 +07 2022
 0.0  0.0 /bin/sh
 0.0  0.0 /bin/sh
 0.0  0.0 grep
 0.2  0.1 python3
 4.3  0.0 pigpiod
 % CPU % MEM ARGS Sat 23 Apr 23:36:43 +07 2022
 0.0  0.0 /bin/sh
 0.0  0.0 /bin/sh
 0.0  0.0 grep
 0.2  0.1 python3
 4.3  0.0 pigpiod
 % CPU % MEM ARGS Sat 23 Apr 23:36:44 +07 2022
 0.0  0.0 /bin/sh
 0.0  0.0 /bin/sh
 0.0  0.0 grep
 0.2  0.1 python3
 4.3  0.0 pigpiod
 % CPU % MEM ARGS Sat 23 Apr 23:36:45 +07 2022
 0.0  0.0 /bin/sh
 0.0  0.0 /bin/sh
 0.0  0.0 grep
 0.2  0.1 python3
 4.3  0.0 pigpiod
 % CPU % MEM ARGS Sat 23 Apr 23:36:46 +07 2022
 0.0  0.0 /bin/sh
 0.0  0.0 /bin/sh
 0.0  0.0 grep
 0.2  0.1 python3
 4.3  0.0 pigpiod
 % CPU % MEM ARGS Sat 23 Apr 23:36:47 +07 2022
 0.0  0.0 /bin/sh
 0.0  0.0 /bin/sh
 0.0  0.0 grep
 0.2  0.1 python3
 4.3  0.0 pigpiod
 % CPU % MEM ARGS Sat 23 Apr 23:36:48 +07 2022
 0.0  0.0 /bin/sh
 0.0  0.0 /bin/sh
 0.0  0.0 grep
 0.2  0.1 python3
 4.3  0.0 pigpiod
 % CPU % MEM ARGS Sat 23 Apr 23:36:49 +07 2022
 0.0  0.0 /bin/sh
 0.0  0.0 /bin/sh
 0.0  0.0 grep
 0.2  0.1 python3
 4.3  0.0 pigpiod
 % CPU % MEM ARGS Sat 23 Apr 23:36:50 +07 2022
 0.0  0.0 /bin/sh
 0.0  0.0 /bin/sh
 0.0  0.0 grep
 0.2  0.1 python3
 4.3  0.0 pigpiod
 % CPU % MEM ARGS Sat 23 Apr 23:36:51 +07 2022
 0.0  0.0 /bin/sh
 0.0  0.0 /bin/sh
 0.0  0.0 grep
 0.2  0.1 python3
 4.3  0.0 pigpiod
 % CPU % MEM ARGS Sat 23 Apr 23:36:52 +07 2022
 0.0  0.0 /bin/sh
 0.0  0.0 /bin/sh
 0.0  0.0 grep
 0.2  0.1 python3
 4.3  0.0 pigpiod
 % CPU % MEM ARGS Sat 23 Apr 23:36:53 +07 2022
 0.0  0.0 /bin/sh
 0.0  0.0 /bin/sh
 0.0  0.0 grep
 0.2  0.1 python3
 4.3  0.0 pigpiod
 % CPU % MEM ARGS Sat 23 Apr 23:36:54 +07 2022
 0.0  0.0 /bin/sh
 0.0  0.0 /bin/sh
 0.0  0.0 grep
 0.2  0.1 python3
 4.3  0.0 pigpiod
 % CPU % MEM ARGS Sat 23 Apr 23:36:55 +07 2022
 0.0  0.0 /bin/sh
 0.0  0.0 /bin/sh
 0.0  0.0 grep
 0.2  0.1 python3
 4.3  0.0 pigpiod
 % CPU % MEM ARGS Sat 23 Apr 23:36:56 +07 2022
 0.0  0.0 /bin/sh
 0.0  0.0 /bin/sh
 0.0  0.0 grep
 0.2  0.1 python3
 4.3  0.0 pigpiod
 % CPU % MEM ARGS Sat 23 Apr 23:36:57 +07 2022
 0.0  0.0 /bin/sh
 0.0  0.0 /bin/sh
 0.0  0.0 grep
 0.2  0.1 python3
 4.3  0.0 pigpiod
 % CPU % MEM ARGS Sat 23 Apr 23:36:58 +07 2022
 0.0  0.0 /bin/sh
 0.0  0.0 /bin/sh
 0.0  0.0 grep
 0.2  0.1 python3
 4.3  0.0 pigpiod
 % CPU % MEM ARGS Sat 23 Apr 23:36:59 +07 2022
 0.0  0.0 /bin/sh
 0.0  0.0 /bin/sh
 0.0  0.0 grep
 0.2  0.1 python3
 4.3  0.0 pigpiod
 % CPU % MEM ARGS Sat 23 Apr 23:37:00 +07 2022
 0.0  0.0 /bin/sh
 0.0  0.0 /bin/sh
 0.0  0.0 grep
 0.2  0.1 python3
 4.3  0.0 pigpiod
 % CPU % MEM ARGS Sat 23 Apr 23:37:01 +07 2022
 0.0  0.0 /bin/sh
 0.0  0.0 /bin/sh
 0.0  0.0 grep
 0.2  0.1 python3
 4.3  0.0 pigpiod
 % CPU % MEM ARGS Sat 23 Apr 23:37:02 +07 2022
 0.0  0.0 /bin/sh
 0.0  0.0 /bin/sh
 0.0  0.0 grep
 0.2  0.1 python3
 4.3  0.0 pigpiod
 % CPU % MEM ARGS Sat 23 Apr 23:37:03 +07 2022
 0.0  0.0 /bin/sh
 0.0  0.0 /bin/sh
 0.0  0.0 grep
 0.2  0.1 python3
 4.3  0.0 pigpiod
 % CPU % MEM ARGS Sat 23 Apr 23:37:04 +07 2022
 0.0  0.0 /bin/sh
 0.0  0.0 /bin/sh
 0.0  0.0 grep
 0.2  0.1 python3
 4.3  0.0 pigpiod
 % CPU % MEM ARGS Sat 23 Apr 23:37:05 +07 2022
 0.0  0.0 /bin/sh
 0.0  0.0 /bin/sh
 0.0  0.0 grep
 0.2  0.1 python3
 4.3  0.0 pigpiod
 % CPU % MEM ARGS Sat 23 Apr 23:37:06 +07 2022
 0.0  0.0 /bin/sh
 0.0  0.0 /bin/sh
 0.0  0.0 grep
 0.2  0.1 python3
 4.3  0.0 pigpiod
 % CPU % MEM ARGS Sat 23 Apr 23:37:08 +07 2022
 0.0  0.0 /bin/sh
 0.0  0.0 /bin/sh
 0.0  0.0 grep
 0.2  0.1 python3
 4.3  0.0 pigpiod
 % CPU % MEM ARGS Sat 23 Apr 23:37:09 +07 2022
 0.0  0.0 /bin/sh
 0.0  0.0 /bin/sh
 0.0  0.0 grep
 0.2  0.1 python3
 4.3  0.0 pigpiod
 % CPU % MEM ARGS Sat 23 Apr 23:37:10 +07 2022
 0.0  0.0 /bin/sh
 0.0  0.0 /bin/sh
 0.0  0.0 grep
 0.2  0.1 python3
 4.3  0.0 pigpiod
 % CPU % MEM ARGS Sat 23 Apr 23:37:11 +07 2022
 0.0  0.0 /bin/sh
 0.0  0.0 /bin/sh
 0.0  0.0 grep
 0.2  0.1 python3
 4.3  0.0 pigpiod
 % CPU % MEM ARGS Sat 23 Apr 23:37:12 +07 2022
 0.0  0.0 /bin/sh
 0.0  0.0 /bin/sh
 0.0  0.0 grep
 0.2  0.1 python3
 4.3  0.0 pigpiod
 % CPU % MEM ARGS Sat 23 Apr 23:37:13 +07 2022
 0.0  0.0 /bin/sh
 0.0  0.0 /bin/sh
 0.0  0.0 grep
 0.2  0.1 python3
 4.3  0.0 pigpiod
 % CPU % MEM ARGS Sat 23 Apr 23:37:14 +07 2022
 0.0  0.0 /bin/sh
 0.0  0.0 /bin/sh
 0.0  0.0 grep
 0.2  0.1 python3
 4.3  0.0 pigpiod
 % CPU % MEM ARGS Sat 23 Apr 23:37:15 +07 2022
 0.0  0.0 /bin/sh
 0.0  0.0 /bin/sh
 0.0  0.0 grep
 0.2  0.1 python3
 4.3  0.0 pigpiod
 % CPU % MEM ARGS Sat 23 Apr 23:37:16 +07 2022
 0.0  0.0 /bin/sh
 0.0  0.0 /bin/sh
 0.0  0.0 grep
 0.2  0.1 python3
 4.3  0.0 pigpiod
 % CPU % MEM ARGS Sat 23 Apr 23:37:17 +07 2022
 0.0  0.0 /bin/sh
 0.0  0.0 /bin/sh
 0.0  0.0 grep
 0.2  0.1 python3
 4.3  0.0 pigpiod
 % CPU % MEM ARGS Sat 23 Apr 23:37:18 +07 2022
 0.0  0.0 /bin/sh
 0.0  0.0 /bin/sh
 0.0  0.0 grep
 0.2  0.1 python3
 4.3  0.0 pigpiod
 % CPU % MEM ARGS Sat 23 Apr 23:37:19 +07 2022
 0.0  0.0 /bin/sh
 0.0  0.0 /bin/sh
 0.0  0.0 grep
 0.2  0.1 python3
 4.3  0.0 pigpiod
 % CPU % MEM ARGS Sat 23 Apr 23:37:20 +07 2022
 0.0  0.0 /bin/sh
 0.0  0.0 /bin/sh
 0.0  0.0 grep
 0.2  0.1 python3
 4.3  0.0 pigpiod
 % CPU % MEM ARGS Sat 23 Apr 23:37:21 +07 2022
 0.0  0.0 /bin/sh
 0.0  0.0 /bin/sh
 0.0  0.0 grep
 0.2  0.1 python3
 4.3  0.0 pigpiod
 % CPU % MEM ARGS Sat 23 Apr 23:37:22 +07 2022
 0.0  0.0 /bin/sh
 0.0  0.0 /bin/sh
 0.0  0.0 grep
 0.2  0.1 python3
 4.3  0.0 pigpiod
 % CPU % MEM ARGS Sat 23 Apr 23:37:23 +07 2022
 0.0  0.0 /bin/sh
 0.0  0.0 /bin/sh
 0.0  0.0 grep
 0.2  0.1 python3
 4.3  0.0 pigpiod
 % CPU % MEM ARGS Sat 23 Apr 23:37:24 +07 2022
 0.0  0.0 /bin/sh
 0.0  0.0 /bin/sh
 0.0  0.0 grep
 0.2  0.1 python3
 4.3  0.0 pigpiod
 % CPU % MEM ARGS Sat 23 Apr 23:37:25 +07 2022
 0.0  0.0 /bin/sh
 0.0  0.0 /bin/sh
 0.0  0.0 grep
 0.2  0.1 python3
 4.3  0.0 pigpiod
 % CPU % MEM ARGS Sat 23 Apr 23:37:26 +07 2022
 0.0  0.0 /bin/sh
 0.0  0.0 /bin/sh
 0.0  0.0 grep
 0.2  0.1 python3
 4.3  0.0 pigpiod
 % CPU % MEM ARGS Sat 23 Apr 23:37:27 +07 2022
 0.0  0.0 /bin/sh
 0.0  0.0 /bin/sh
 0.0  0.0 grep
 0.2  0.1 python3
 4.3  0.0 pigpiod
 % CPU % MEM ARGS Sat 23 Apr 23:37:28 +07 2022
 0.0  0.0 /bin/sh
 0.0  0.0 /bin/sh
 0.0  0.0 grep
 0.2  0.1 python3
 4.3  0.0 pigpiod
 % CPU % MEM ARGS Sat 23 Apr 23:37:29 +07 2022
 0.0  0.0 /bin/sh
 0.0  0.0 /bin/sh
 0.0  0.0 grep
 0.2  0.1 python3
 4.3  0.0 pigpiod
 % CPU % MEM ARGS Sat 23 Apr 23:37:30 +07 2022
 0.0  0.0 /bin/sh
 0.0  0.0 /bin/sh
 0.0  0.0 grep
 0.2  0.1 python3
 4.3  0.0 pigpiod
 % CPU % MEM ARGS Sat 23 Apr 23:37:31 +07 2022
 0.0  0.0 /bin/sh
 0.0  0.0 /bin/sh
 0.0  0.0 grep
 0.2  0.1 python3
 4.3  0.0 pigpiod
 % CPU % MEM ARGS Sat 23 Apr 23:37:32 +07 2022
 0.0  0.0 /bin/sh
 0.0  0.0 /bin/sh
 0.0  0.0 grep
 0.2  0.1 python3
 4.3  0.0 pigpiod
 % CPU % MEM ARGS Sat 23 Apr 23:37:33 +07 2022
 0.0  0.0 /bin/sh
 0.0  0.0 /bin/sh
 0.0  0.0 grep
 0.2  0.1 python3
 4.3  0.0 pigpiod
 % CPU % MEM ARGS Sat 23 Apr 23:37:34 +07 2022
 0.0  0.0 /bin/sh
 0.0  0.0 /bin/sh
 0.0  0.0 grep
 0.2  0.1 python3
 4.3  0.0 pigpiod
 % CPU % MEM ARGS Sat 23 Apr 23:37:35 +07 2022
 0.0  0.0 /bin/sh
 0.0  0.0 /bin/sh
 0.0  0.0 grep
 0.2  0.1 python3
 4.3  0.0 pigpiod
 % CPU % MEM ARGS Sat 23 Apr 23:37:36 +07 2022
 0.0  0.0 /bin/sh
 0.0  0.0 /bin/sh
 0.0  0.0 grep
 0.2  0.1 python3
 4.3  0.0 pigpiod
 % CPU % MEM ARGS Sat 23 Apr 23:37:37 +07 2022
 0.0  0.0 /bin/sh
 0.0  0.0 /bin/sh
 0.0  0.0 grep
 0.2  0.1 python3
 4.3  0.0 pigpiod
 % CPU % MEM ARGS Sat 23 Apr 23:37:38 +07 2022
 0.0  0.0 /bin/sh
 0.0  0.0 /bin/sh
 0.0  0.0 grep
 0.2  0.1 python3
 4.3  0.0 pigpiod
 % CPU % MEM ARGS Sat 23 Apr 23:37:39 +07 2022
 0.0  0.0 /bin/sh
 0.0  0.0 /bin/sh
 0.0  0.0 grep
 0.2  0.1 python3
 4.3  0.0 pigpiod
 % CPU % MEM ARGS Sat 23 Apr 23:37:40 +07 2022
 0.0  0.0 /bin/sh
 0.0  0.0 /bin/sh
 0.0  0.0 grep
 0.2  0.1 python3
 4.3  0.0 pigpiod
 % CPU % MEM ARGS Sat 23 Apr 23:37:41 +07 2022
 0.0  0.0 /bin/sh
 0.0  0.0 /bin/sh
 0.0  0.0 grep
 0.2  0.1 python3
 4.3  0.0 pigpiod
 % CPU % MEM ARGS Sat 23 Apr 23:37:42 +07 2022
 0.0  0.0 /bin/sh
 0.0  0.0 /bin/sh
 0.0  0.0 grep
 0.2  0.1 python3
 4.3  0.0 pigpiod
 % CPU % MEM ARGS Sat 23 Apr 23:37:43 +07 2022
 0.0  0.0 /bin/sh
 0.0  0.0 /bin/sh
 0.0  0.0 grep
 0.2  0.1 python3
 4.3  0.0 pigpiod
 % CPU % MEM ARGS Sat 23 Apr 23:37:44 +07 2022
 0.0  0.0 /bin/sh
 0.0  0.0 /bin/sh
 0.0  0.0 grep
 0.2  0.1 python3
 4.3  0.0 pigpiod
 % CPU % MEM ARGS Sat 23 Apr 23:37:45 +07 2022
 0.0  0.0 /bin/sh
 0.0  0.0 /bin/sh
 0.0  0.0 grep
 0.2  0.1 python3
 4.3  0.0 pigpiod
 % CPU % MEM ARGS Sat 23 Apr 23:37:47 +07 2022
 0.0  0.0 /bin/sh
 0.0  0.0 /bin/sh
 0.0  0.0 grep
 0.2  0.1 python3
 4.3  0.0 pigpiod
 % CPU % MEM ARGS Sat 23 Apr 23:37:48 +07 2022
 0.0  0.0 /bin/sh
 0.0  0.0 /bin/sh
 0.0  0.0 grep
 0.2  0.1 python3
 4.3  0.0 pigpiod
 % CPU % MEM ARGS Sat 23 Apr 23:37:49 +07 2022
 0.0  0.0 /bin/sh
 0.0  0.0 /bin/sh
 0.0  0.0 grep
 0.2  0.1 python3
 4.3  0.0 pigpiod
 % CPU % MEM ARGS Sat 23 Apr 23:37:50 +07 2022
 0.0  0.0 /bin/sh
 0.0  0.0 /bin/sh
 0.0  0.0 grep
 0.2  0.1 python3
 4.3  0.0 pigpiod
 % CPU % MEM ARGS Sat 23 Apr 23:37:51 +07 2022
 0.0  0.0 /bin/sh
 0.0  0.0 /bin/sh
 0.0  0.0 grep
 0.2  0.1 python3
 4.3  0.0 pigpiod
 % CPU % MEM ARGS Sat 23 Apr 23:37:52 +07 2022
 0.0  0.0 /bin/sh
 0.0  0.0 /bin/sh
 0.0  0.0 grep
 0.2  0.1 python3
 4.3  0.0 pigpiod
 % CPU % MEM ARGS Sat 23 Apr 23:37:53 +07 2022
 0.0  0.0 /bin/sh
 0.0  0.0 /bin/sh
 0.0  0.0 grep
 0.2  0.1 python3
 4.3  0.0 pigpiod
 % CPU % MEM ARGS Sat 23 Apr 23:37:54 +07 2022
 0.0  0.0 /bin/sh
 0.0  0.0 /bin/sh
 0.0  0.0 grep
 0.2  0.1 python3
 4.3  0.0 pigpiod
 % CPU % MEM ARGS Sat 23 Apr 23:37:55 +07 2022
 0.0  0.0 /bin/sh
 0.0  0.0 /bin/sh
 0.0  0.0 grep
 0.2  0.1 python3
 4.3  0.0 pigpiod
 % CPU % MEM ARGS Sat 23 Apr 23:37:56 +07 2022
 0.0  0.0 /bin/sh
 0.0  0.0 /bin/sh
 0.0  0.0 grep
 0.2  0.1 python3
 4.3  0.0 pigpiod
 % CPU % MEM ARGS Sat 23 Apr 23:37:57 +07 2022
 0.0  0.0 /bin/sh
 0.0  0.0 /bin/sh
 0.0  0.0 grep
 0.2  0.1 python3
 4.3  0.0 pigpiod
 % CPU % MEM ARGS Sat 23 Apr 23:37:58 +07 2022
 0.0  0.0 /bin/sh
 0.0  0.0 /bin/sh
 0.0  0.0 grep
 0.2  0.1 python3
 4.3  0.0 pigpiod
 % CPU % MEM ARGS Sat 23 Apr 23:37:59 +07 2022
 0.0  0.0 /bin/sh
 0.0  0.0 /bin/sh
 0.0  0.0 grep
 0.2  0.1 python3
 4.3  0.0 pigpiod
 % CPU % MEM ARGS Sat 23 Apr 23:38:00 +07 2022
 0.0  0.0 /bin/sh
 0.0  0.0 /bin/sh
 0.0  0.0 grep
 0.2  0.1 python3
 4.3  0.0 pigpiod
 % CPU % MEM ARGS Sat 23 Apr 23:38:01 +07 2022
 0.0  0.0 /bin/sh
 0.0  0.0 /bin/sh
 0.0  0.0 grep
 0.2  0.1 python3
 4.3  0.0 pigpiod
 % CPU % MEM ARGS Sat 23 Apr 23:38:02 +07 2022
 0.0  0.0 /bin/sh
 0.0  0.0 /bin/sh
 0.0  0.0 grep
 0.2  0.1 python3
 4.3  0.0 pigpiod
 % CPU % MEM ARGS Sat 23 Apr 23:38:03 +07 2022
 0.0  0.0 /bin/sh
 0.0  0.0 /bin/sh
 0.0  0.0 grep
 0.2  0.1 python3
 4.3  0.0 pigpiod
 % CPU % MEM ARGS Sat 23 Apr 23:38:04 +07 2022
 0.0  0.0 /bin/sh
 0.0  0.0 /bin/sh
 0.0  0.0 grep
 0.2  0.1 python3
 4.3  0.0 pigpiod
 % CPU % MEM ARGS Sat 23 Apr 23:38:05 +07 2022
 0.0  0.0 /bin/sh
 0.0  0.0 /bin/sh
 0.0  0.0 grep
 0.2  0.1 python3
 4.3  0.0 pigpiod
 % CPU % MEM ARGS Sat 23 Apr 23:38:06 +07 2022
 0.0  0.0 /bin/sh
 0.0  0.0 /bin/sh
 0.0  0.0 grep
 0.2  0.1 python3
 4.3  0.0 pigpiod
 % CPU % MEM ARGS Sat 23 Apr 23:38:07 +07 2022
 0.0  0.0 /bin/sh
 0.0  0.0 /bin/sh
 0.0  0.0 grep
 0.2  0.1 python3
 4.3  0.0 pigpiod
 % CPU % MEM ARGS Sat 23 Apr 23:38:08 +07 2022
 0.0  0.0 /bin/sh
 0.0  0.0 /bin/sh
 0.0  0.0 grep
 0.2  0.1 python3
 4.3  0.0 pigpiod
 % CPU % MEM ARGS Sat 23 Apr 23:38:09 +07 2022
 0.0  0.0 /bin/sh
 0.0  0.0 /bin/sh
 0.0  0.0 grep
 0.2  0.1 python3
 4.3  0.0 pigpiod
